{"/Users/nicolaischultz/Documents/GitHub/P1-project/p1project/p2-native/public/js/admin/admin.js": {"path":"/Users/nicolaischultz/Documents/GitHub/P1-project/p1project/p2-native/public/js/admin/admin.js","statementMap":{"0":{"start":{"line":2,"column":0},"end":{"line":6,"column":1}},"1":{"start":{"line":3,"column":2},"end":{"line":5,"column":5}},"2":{"start":{"line":4,"column":4},"end":{"line":4,"column":17}},"3":{"start":{"line":9,"column":2},"end":{"line":34,"column":3}},"4":{"start":{"line":10,"column":21},"end":{"line":16,"column":6}},"5":{"start":{"line":18,"column":4},"end":{"line":21,"column":5}},"6":{"start":{"line":19,"column":6},"end":{"line":19,"column":68}},"7":{"start":{"line":20,"column":6},"end":{"line":20,"column":18}},"8":{"start":{"line":23,"column":17},"end":{"line":23,"column":38}},"9":{"start":{"line":25,"column":4},"end":{"line":30,"column":5}},"10":{"start":{"line":26,"column":6},"end":{"line":26,"column":25}},"11":{"start":{"line":28,"column":6},"end":{"line":28,"column":45}},"12":{"start":{"line":29,"column":6},"end":{"line":29,"column":18}},"13":{"start":{"line":32,"column":4},"end":{"line":32,"column":52}},"14":{"start":{"line":33,"column":4},"end":{"line":33,"column":16}},"15":{"start":{"line":39,"column":18},"end":{"line":39,"column":47}},"16":{"start":{"line":40,"column":19},"end":{"line":40,"column":52}},"17":{"start":{"line":42,"column":33},"end":{"line":42,"column":80}},"18":{"start":{"line":43,"column":4},"end":{"line":43,"column":24}},"19":{"start":{"line":44,"column":16},"end":{"line":44,"column":17}},"20":{"start":{"line":45,"column":4},"end":{"line":52,"column":7}},"21":{"start":{"line":49,"column":8},"end":{"line":51,"column":9}},"22":{"start":{"line":50,"column":12},"end":{"line":50,"column":20}},"23":{"start":{"line":53,"column":4},"end":{"line":53,"column":81}},"24":{"start":{"line":58,"column":4},"end":{"line":70,"column":7}},"25":{"start":{"line":64,"column":22},"end":{"line":64,"column":37}},"26":{"start":{"line":66,"column":8},"end":{"line":66,"column":28}},"27":{"start":{"line":69,"column":8},"end":{"line":69,"column":73}}},"fnMap":{"0":{"name":"(anonymous_0)","decl":{"start":{"line":3,"column":48},"end":{"line":3,"column":49}},"loc":{"start":{"line":3,"column":60},"end":{"line":5,"column":3}},"line":3},"1":{"name":"fetchUserIdFromToken","decl":{"start":{"line":8,"column":22},"end":{"line":8,"column":42}},"loc":{"start":{"line":8,"column":50},"end":{"line":35,"column":1}},"line":8},"2":{"name":"displayFromDB","decl":{"start":{"line":37,"column":22},"end":{"line":37,"column":35}},"loc":{"start":{"line":37,"column":41},"end":{"line":54,"column":1}},"line":37},"3":{"name":"(anonymous_3)","decl":{"start":{"line":45,"column":17},"end":{"line":45,"column":18}},"loc":{"start":{"line":45,"column":29},"end":{"line":52,"column":5}},"line":45},"4":{"name":"readFromDB","decl":{"start":{"line":57,"column":15},"end":{"line":57,"column":25}},"loc":{"start":{"line":57,"column":28},"end":{"line":71,"column":1}},"line":57},"5":{"name":"(anonymous_5)","decl":{"start":{"line":64,"column":10},"end":{"line":64,"column":11}},"loc":{"start":{"line":64,"column":22},"end":{"line":64,"column":37}},"line":64},"6":{"name":"(anonymous_6)","decl":{"start":{"line":65,"column":10},"end":{"line":65,"column":11}},"loc":{"start":{"line":65,"column":18},"end":{"line":67,"column":5}},"line":65},"7":{"name":"(anonymous_7)","decl":{"start":{"line":68,"column":11},"end":{"line":68,"column":12}},"loc":{"start":{"line":68,"column":20},"end":{"line":70,"column":5}},"line":68}},"branchMap":{"0":{"loc":{"start":{"line":2,"column":0},"end":{"line":6,"column":1}},"type":"if","locations":[{"start":{"line":2,"column":0},"end":{"line":6,"column":1}},{"start":{},"end":{}}],"line":2},"1":{"loc":{"start":{"line":18,"column":4},"end":{"line":21,"column":5}},"type":"if","locations":[{"start":{"line":18,"column":4},"end":{"line":21,"column":5}},{"start":{},"end":{}}],"line":18},"2":{"loc":{"start":{"line":25,"column":4},"end":{"line":30,"column":5}},"type":"if","locations":[{"start":{"line":25,"column":4},"end":{"line":30,"column":5}},{"start":{"line":27,"column":11},"end":{"line":30,"column":5}}],"line":25},"3":{"loc":{"start":{"line":49,"column":8},"end":{"line":51,"column":9}},"type":"if","locations":[{"start":{"line":49,"column":8},"end":{"line":51,"column":9}},{"start":{},"end":{}}],"line":49}},"s":{"0":2,"1":0,"2":0,"3":0,"4":0,"5":0,"6":0,"7":0,"8":0,"9":0,"10":0,"11":0,"12":0,"13":0,"14":0,"15":0,"16":0,"17":0,"18":0,"19":0,"20":0,"21":0,"22":0,"23":0,"24":0,"25":0,"26":0,"27":0},"f":{"0":0,"1":0,"2":0,"3":0,"4":0,"5":0,"6":0,"7":0},"b":{"0":[0,2],"1":[0,0],"2":[0,0],"3":[0,0]},"inputSourceMap":null,"_coverageSchema":"1a1c01bbd47fc00a2c39e90264f33305004495a9","hash":"a58a0835a9bbd6696fc27fd7c199157e49e50e70"}
,"/Users/nicolaischultz/Documents/GitHub/P1-project/p1project/p2-native/public/js/testing/unitTestSnippets/onLoadTest.js": {"path":"/Users/nicolaischultz/Documents/GitHub/P1-project/p1project/p2-native/public/js/testing/unitTestSnippets/onLoadTest.js","statementMap":{"0":{"start":{"line":4,"column":15},"end":{"line":4,"column":16}},"1":{"start":{"line":5,"column":22},"end":{"line":5,"column":38}},"2":{"start":{"line":6,"column":18},"end":{"line":6,"column":84}},"3":{"start":{"line":6,"column":58},"end":{"line":6,"column":83}},"4":{"start":{"line":7,"column":23},"end":{"line":7,"column":78}},"5":{"start":{"line":7,"column":55},"end":{"line":7,"column":77}},"6":{"start":{"line":8,"column":18},"end":{"line":15,"column":6}},"7":{"start":{"line":9,"column":24},"end":{"line":9,"column":38}},"8":{"start":{"line":10,"column":21},"end":{"line":10,"column":23}},"9":{"start":{"line":11,"column":8},"end":{"line":13,"column":11}},"10":{"start":{"line":12,"column":12},"end":{"line":12,"column":45}},"11":{"start":{"line":14,"column":8},"end":{"line":14,"column":22}},"12":{"start":{"line":16,"column":4},"end":{"line":16,"column":19}}},"fnMap":{"0":{"name":"onLoadTest","decl":{"start":{"line":1,"column":16},"end":{"line":1,"column":26}},"loc":{"start":{"line":1,"column":30},"end":{"line":17,"column":1}},"line":1},"1":{"name":"(anonymous_1)","decl":{"start":{"line":6,"column":48},"end":{"line":6,"column":49}},"loc":{"start":{"line":6,"column":58},"end":{"line":6,"column":83}},"line":6},"2":{"name":"(anonymous_2)","decl":{"start":{"line":7,"column":48},"end":{"line":7,"column":49}},"loc":{"start":{"line":7,"column":55},"end":{"line":7,"column":77}},"line":7},"3":{"name":"(anonymous_3)","decl":{"start":{"line":8,"column":35},"end":{"line":8,"column":36}},"loc":{"start":{"line":8,"column":42},"end":{"line":15,"column":5}},"line":8},"4":{"name":"(anonymous_4)","decl":{"start":{"line":11,"column":24},"end":{"line":11,"column":25}},"loc":{"start":{"line":11,"column":44},"end":{"line":13,"column":9}},"line":11}},"branchMap":{},"s":{"0":1,"1":1,"2":1,"3":2,"4":1,"5":2,"6":1,"7":2,"8":2,"9":2,"10":4,"11":2,"12":1},"f":{"0":1,"1":2,"2":2,"3":2,"4":4},"b":{},"inputSourceMap":null,"_coverageSchema":"1a1c01bbd47fc00a2c39e90264f33305004495a9","hash":"a09f28aa66ffd28e32aa7af21a34cd2871dcbf4c"}
,"/Users/nicolaischultz/Documents/GitHub/P1-project/p1project/p2-native/server/dbserver.js": {"path":"/Users/nicolaischultz/Documents/GitHub/P1-project/p1project/p2-native/server/dbserver.js","statementMap":{"0":{"start":{"line":3,"column":0},"end":{"line":3,"column":16}},"1":{"start":{"line":7,"column":13},"end":{"line":16,"column":12}},"2":{"start":{"line":20,"column":17},"end":{"line":20,"column":65}},"3":{"start":{"line":23,"column":15},"end":{"line":23,"column":24}},"4":{"start":{"line":25,"column":2},"end":{"line":25,"column":14}},"5":{"start":{"line":31,"column":17},"end":{"line":31,"column":65}},"6":{"start":{"line":34,"column":15},"end":{"line":34,"column":24}},"7":{"start":{"line":36,"column":2},"end":{"line":36,"column":14}},"8":{"start":{"line":40,"column":17},"end":{"line":40,"column":65}},"9":{"start":{"line":43,"column":15},"end":{"line":43,"column":24}},"10":{"start":{"line":45,"column":2},"end":{"line":45,"column":14}},"11":{"start":{"line":50,"column":17},"end":{"line":52,"column":4}},"12":{"start":{"line":53,"column":15},"end":{"line":53,"column":24}},"13":{"start":{"line":54,"column":2},"end":{"line":54,"column":17}},"14":{"start":{"line":58,"column":17},"end":{"line":60,"column":4}},"15":{"start":{"line":61,"column":15},"end":{"line":61,"column":24}},"16":{"start":{"line":62,"column":2},"end":{"line":62,"column":17}},"17":{"start":{"line":67,"column":17},"end":{"line":69,"column":4}},"18":{"start":{"line":70,"column":15},"end":{"line":70,"column":24}},"19":{"start":{"line":71,"column":2},"end":{"line":71,"column":17}},"20":{"start":{"line":75,"column":2},"end":{"line":89,"column":3}},"21":{"start":{"line":77,"column":27},"end":{"line":77,"column":101}},"22":{"start":{"line":78,"column":28},"end":{"line":78,"column":93}},"23":{"start":{"line":80,"column":4},"end":{"line":85,"column":6}},"24":{"start":{"line":87,"column":4},"end":{"line":87,"column":50}},"25":{"start":{"line":88,"column":4},"end":{"line":88,"column":14}},"26":{"start":{"line":94,"column":57},"end":{"line":94,"column":64}},"27":{"start":{"line":112,"column":6},"end":{"line":112,"column":13}},"28":{"start":{"line":114,"column":23},"end":{"line":126,"column":3}},"29":{"start":{"line":129,"column":19},"end":{"line":129,"column":43}},"30":{"start":{"line":131,"column":24},"end":{"line":168,"column":3}},"31":{"start":{"line":173,"column":29},"end":{"line":173,"column":55}},"32":{"start":{"line":176,"column":36},"end":{"line":176,"column":69}},"33":{"start":{"line":178,"column":2},"end":{"line":181,"column":3}},"34":{"start":{"line":188,"column":19},"end":{"line":188,"column":65}},"35":{"start":{"line":191,"column":17},"end":{"line":191,"column":26}},"36":{"start":{"line":192,"column":4},"end":{"line":192,"column":22}},"37":{"start":{"line":193,"column":4},"end":{"line":193,"column":16}},"38":{"start":{"line":204,"column":8},"end":{"line":204,"column":13}},"39":{"start":{"line":207,"column":25},"end":{"line":226,"column":5}},"40":{"start":{"line":229,"column":21},"end":{"line":229,"column":42}},"41":{"start":{"line":230,"column":4},"end":{"line":230,"column":31}}},"fnMap":{"0":{"name":"getProducts","decl":{"start":{"line":19,"column":22},"end":{"line":19,"column":33}},"loc":{"start":{"line":19,"column":36},"end":{"line":26,"column":1}},"line":19},"1":{"name":"getRecommendedProducts","decl":{"start":{"line":30,"column":22},"end":{"line":30,"column":44}},"loc":{"start":{"line":30,"column":47},"end":{"line":37,"column":1}},"line":30},"2":{"name":"getLikedProducts","decl":{"start":{"line":39,"column":22},"end":{"line":39,"column":38}},"loc":{"start":{"line":39,"column":41},"end":{"line":46,"column":1}},"line":39},"3":{"name":"getProduct","decl":{"start":{"line":48,"column":22},"end":{"line":48,"column":32}},"loc":{"start":{"line":48,"column":37},"end":{"line":55,"column":1}},"line":48},"4":{"name":"getEvent","decl":{"start":{"line":56,"column":22},"end":{"line":56,"column":30}},"loc":{"start":{"line":56,"column":35},"end":{"line":63,"column":1}},"line":56},"5":{"name":"getProductFilters","decl":{"start":{"line":65,"column":22},"end":{"line":65,"column":39}},"loc":{"start":{"line":65,"column":44},"end":{"line":72,"column":1}},"line":65},"6":{"name":"deleteProduct","decl":{"start":{"line":74,"column":22},"end":{"line":74,"column":35}},"loc":{"start":{"line":74,"column":40},"end":{"line":90,"column":1}},"line":74},"7":{"name":"createProduct","decl":{"start":{"line":92,"column":22},"end":{"line":92,"column":35}},"loc":{"start":{"line":92,"column":45},"end":{"line":182,"column":1}},"line":92},"8":{"name":"getEvents","decl":{"start":{"line":187,"column":22},"end":{"line":187,"column":31}},"loc":{"start":{"line":187,"column":34},"end":{"line":194,"column":1}},"line":187},"9":{"name":"createEvent","decl":{"start":{"line":196,"column":22},"end":{"line":196,"column":33}},"loc":{"start":{"line":196,"column":41},"end":{"line":231,"column":1}},"line":196}},"branchMap":{},"s":{"0":2,"1":2,"2":2,"3":2,"4":2,"5":1,"6":1,"7":1,"8":1,"9":1,"10":1,"11":102,"12":102,"13":102,"14":0,"15":0,"16":0,"17":1,"18":1,"19":1,"20":0,"21":0,"22":0,"23":0,"24":0,"25":0,"26":1,"27":1,"28":1,"29":1,"30":1,"31":1,"32":1,"33":1,"34":1,"35":1,"36":1,"37":1,"38":0,"39":0,"40":0,"41":0},"f":{"0":2,"1":1,"2":1,"3":102,"4":0,"5":1,"6":0,"7":1,"8":1,"9":0},"b":{},"inputSourceMap":null,"_coverageSchema":"1a1c01bbd47fc00a2c39e90264f33305004495a9","hash":"743a5761bd7dece153f6790281a2806d53b137ee"}
,"/Users/nicolaischultz/Documents/GitHub/P1-project/p1project/p2-native/server/router.js": {"path":"/Users/nicolaischultz/Documents/GitHub/P1-project/p1project/p2-native/server/router.js","statementMap":{"0":{"start":{"line":35,"column":19},"end":{"line":35,"column":49}},"1":{"start":{"line":36,"column":18},"end":{"line":36,"column":42}},"2":{"start":{"line":39,"column":0},"end":{"line":39,"column":60}},"3":{"start":{"line":41,"column":9},"end":{"line":47,"column":2}},"4":{"start":{"line":49,"column":0},"end":{"line":55,"column":3}},"5":{"start":{"line":50,"column":2},"end":{"line":53,"column":3}},"6":{"start":{"line":51,"column":4},"end":{"line":51,"column":54}},"7":{"start":{"line":52,"column":4},"end":{"line":52,"column":11}},"8":{"start":{"line":54,"column":2},"end":{"line":54,"column":36}},"9":{"start":{"line":58,"column":0},"end":{"line":58,"column":16}},"10":{"start":{"line":59,"column":15},"end":{"line":59,"column":52}},"11":{"start":{"line":60,"column":23},"end":{"line":60,"column":49}},"12":{"start":{"line":65,"column":2},"end":{"line":65,"column":52}},"13":{"start":{"line":67,"column":16},"end":{"line":67,"column":50}},"14":{"start":{"line":68,"column":12},"end":{"line":68,"column":37}},"15":{"start":{"line":70,"column":18},"end":{"line":70,"column":50}},"16":{"start":{"line":72,"column":2},"end":{"line":706,"column":3}},"17":{"start":{"line":74,"column":25},"end":{"line":74,"column":45}},"18":{"start":{"line":75,"column":6},"end":{"line":524,"column":7}},"19":{"start":{"line":77,"column":10},"end":{"line":97,"column":48}},"20":{"start":{"line":80,"column":14},"end":{"line":91,"column":17}},"21":{"start":{"line":81,"column":16},"end":{"line":81,"column":39}},"22":{"start":{"line":92,"column":14},"end":{"line":92,"column":73}},"23":{"start":{"line":93,"column":14},"end":{"line":95,"column":16}},"24":{"start":{"line":97,"column":28},"end":{"line":97,"column":46}},"25":{"start":{"line":98,"column":10},"end":{"line":98,"column":16}},"26":{"start":{"line":100,"column":16},"end":{"line":121,"column":23}},"27":{"start":{"line":102,"column":24},"end":{"line":115,"column":25}},"28":{"start":{"line":103,"column":43},"end":{"line":103,"column":73}},"29":{"start":{"line":104,"column":28},"end":{"line":104,"column":87}},"30":{"start":{"line":105,"column":28},"end":{"line":110,"column":30}},"31":{"start":{"line":112,"column":28},"end":{"line":112,"column":74}},"32":{"start":{"line":113,"column":28},"end":{"line":113,"column":87}},"33":{"start":{"line":114,"column":28},"end":{"line":114,"column":91}},"34":{"start":{"line":118,"column":24},"end":{"line":118,"column":74}},"35":{"start":{"line":119,"column":24},"end":{"line":119,"column":83}},"36":{"start":{"line":120,"column":24},"end":{"line":120,"column":84}},"37":{"start":{"line":122,"column":16},"end":{"line":122,"column":22}},"38":{"start":{"line":124,"column":10},"end":{"line":149,"column":15}},"39":{"start":{"line":126,"column":14},"end":{"line":143,"column":19}},"40":{"start":{"line":128,"column":18},"end":{"line":128,"column":77}},"41":{"start":{"line":129,"column":18},"end":{"line":133,"column":20}},"42":{"start":{"line":136,"column":18},"end":{"line":136,"column":69}},"43":{"start":{"line":137,"column":18},"end":{"line":137,"column":77}},"44":{"start":{"line":138,"column":18},"end":{"line":142,"column":20}},"45":{"start":{"line":146,"column":14},"end":{"line":146,"column":64}},"46":{"start":{"line":147,"column":14},"end":{"line":147,"column":73}},"47":{"start":{"line":148,"column":14},"end":{"line":148,"column":74}},"48":{"start":{"line":150,"column":10},"end":{"line":150,"column":16}},"49":{"start":{"line":152,"column":10},"end":{"line":164,"column":51}},"50":{"start":{"line":155,"column":14},"end":{"line":158,"column":17}},"51":{"start":{"line":157,"column":16},"end":{"line":157,"column":35}},"52":{"start":{"line":159,"column":14},"end":{"line":159,"column":73}},"53":{"start":{"line":160,"column":14},"end":{"line":162,"column":16}},"54":{"start":{"line":164,"column":28},"end":{"line":164,"column":49}},"55":{"start":{"line":165,"column":10},"end":{"line":165,"column":16}},"56":{"start":{"line":167,"column":21},"end":{"line":167,"column":23}},"57":{"start":{"line":168,"column":10},"end":{"line":168,"column":64}},"58":{"start":{"line":168,"column":37},"end":{"line":168,"column":61}},"59":{"start":{"line":169,"column":10},"end":{"line":208,"column":13}},"60":{"start":{"line":170,"column":12},"end":{"line":207,"column":13}},"61":{"start":{"line":171,"column":52},"end":{"line":171,"column":68}},"62":{"start":{"line":172,"column":14},"end":{"line":176,"column":15}},"63":{"start":{"line":173,"column":16},"end":{"line":173,"column":75}},"64":{"start":{"line":174,"column":16},"end":{"line":174,"column":67}},"65":{"start":{"line":175,"column":16},"end":{"line":175,"column":23}},"66":{"start":{"line":177,"column":30},"end":{"line":195,"column":16}},"67":{"start":{"line":196,"column":14},"end":{"line":199,"column":17}},"68":{"start":{"line":200,"column":14},"end":{"line":200,"column":60}},"69":{"start":{"line":202,"column":14},"end":{"line":205,"column":17}},"70":{"start":{"line":206,"column":14},"end":{"line":206,"column":62}},"71":{"start":{"line":209,"column":10},"end":{"line":209,"column":17}},"72":{"start":{"line":211,"column":37},"end":{"line":211,"column":39}},"73":{"start":{"line":213,"column":10},"end":{"line":213,"column":80}},"74":{"start":{"line":213,"column":37},"end":{"line":213,"column":77}},"75":{"start":{"line":214,"column":10},"end":{"line":232,"column":13}},"76":{"start":{"line":215,"column":12},"end":{"line":231,"column":13}},"77":{"start":{"line":217,"column":16},"end":{"line":217,"column":48}},"78":{"start":{"line":218,"column":32},"end":{"line":218,"column":77}},"79":{"start":{"line":218,"column":65},"end":{"line":218,"column":74}},"80":{"start":{"line":219,"column":14},"end":{"line":225,"column":16}},"81":{"start":{"line":226,"column":14},"end":{"line":226,"column":73}},"82":{"start":{"line":227,"column":14},"end":{"line":227,"column":57}},"83":{"start":{"line":229,"column":14},"end":{"line":229,"column":73}},"84":{"start":{"line":230,"column":14},"end":{"line":230,"column":62}},"85":{"start":{"line":233,"column":10},"end":{"line":233,"column":16}},"86":{"start":{"line":235,"column":27},"end":{"line":235,"column":29}},"87":{"start":{"line":237,"column":10},"end":{"line":239,"column":13}},"88":{"start":{"line":238,"column":12},"end":{"line":238,"column":43}},"89":{"start":{"line":240,"column":10},"end":{"line":299,"column":13}},"90":{"start":{"line":241,"column":12},"end":{"line":298,"column":13}},"91":{"start":{"line":242,"column":32},"end":{"line":242,"column":54}},"92":{"start":{"line":244,"column":14},"end":{"line":247,"column":15}},"93":{"start":{"line":245,"column":16},"end":{"line":245,"column":75}},"94":{"start":{"line":246,"column":16},"end":{"line":246,"column":75}},"95":{"start":{"line":249,"column":14},"end":{"line":257,"column":15}},"96":{"start":{"line":251,"column":16},"end":{"line":251,"column":60}},"97":{"start":{"line":254,"column":16},"end":{"line":254,"column":72}},"98":{"start":{"line":255,"column":16},"end":{"line":255,"column":75}},"99":{"start":{"line":256,"column":16},"end":{"line":256,"column":75}},"100":{"start":{"line":258,"column":29},"end":{"line":258,"column":39}},"101":{"start":{"line":260,"column":14},"end":{"line":293,"column":16}},"102":{"start":{"line":264,"column":18},"end":{"line":270,"column":19}},"103":{"start":{"line":265,"column":20},"end":{"line":265,"column":66}},"104":{"start":{"line":266,"column":20},"end":{"line":268,"column":23}},"105":{"start":{"line":269,"column":20},"end":{"line":269,"column":79}},"106":{"start":{"line":272,"column":18},"end":{"line":277,"column":19}},"107":{"start":{"line":273,"column":20},"end":{"line":275,"column":23}},"108":{"start":{"line":276,"column":20},"end":{"line":276,"column":79}},"109":{"start":{"line":279,"column":31},"end":{"line":279,"column":41}},"110":{"start":{"line":282,"column":34},"end":{"line":282,"column":50}},"111":{"start":{"line":284,"column":18},"end":{"line":284,"column":77}},"112":{"start":{"line":285,"column":18},"end":{"line":291,"column":20}},"113":{"start":{"line":295,"column":14},"end":{"line":295,"column":64}},"114":{"start":{"line":296,"column":14},"end":{"line":296,"column":73}},"115":{"start":{"line":297,"column":14},"end":{"line":297,"column":66}},"116":{"start":{"line":300,"column":10},"end":{"line":300,"column":16}},"117":{"start":{"line":302,"column":32},"end":{"line":302,"column":34}},"118":{"start":{"line":304,"column":10},"end":{"line":306,"column":13}},"119":{"start":{"line":305,"column":12},"end":{"line":305,"column":48}},"120":{"start":{"line":307,"column":10},"end":{"line":319,"column":13}},"121":{"start":{"line":308,"column":12},"end":{"line":318,"column":13}},"122":{"start":{"line":309,"column":42},"end":{"line":309,"column":69}},"123":{"start":{"line":311,"column":14},"end":{"line":314,"column":16}},"124":{"start":{"line":316,"column":14},"end":{"line":316,"column":73}},"125":{"start":{"line":317,"column":14},"end":{"line":317,"column":74}},"126":{"start":{"line":320,"column":10},"end":{"line":320,"column":16}},"127":{"start":{"line":322,"column":27},"end":{"line":322,"column":29}},"128":{"start":{"line":325,"column":10},"end":{"line":327,"column":13}},"129":{"start":{"line":326,"column":12},"end":{"line":326,"column":43}},"130":{"start":{"line":329,"column":10},"end":{"line":403,"column":13}},"131":{"start":{"line":330,"column":12},"end":{"line":402,"column":13}},"132":{"start":{"line":331,"column":48},"end":{"line":331,"column":70}},"133":{"start":{"line":333,"column":14},"end":{"line":338,"column":15}},"134":{"start":{"line":334,"column":16},"end":{"line":334,"column":75}},"135":{"start":{"line":335,"column":16},"end":{"line":337,"column":18}},"136":{"start":{"line":341,"column":37},"end":{"line":341,"column":68}},"137":{"start":{"line":344,"column":14},"end":{"line":398,"column":16}},"138":{"start":{"line":348,"column":18},"end":{"line":360,"column":19}},"139":{"start":{"line":349,"column":20},"end":{"line":352,"column":22}},"140":{"start":{"line":353,"column":20},"end":{"line":353,"column":79}},"141":{"start":{"line":354,"column":20},"end":{"line":359,"column":22}},"142":{"start":{"line":362,"column":33},"end":{"line":362,"column":48}},"143":{"start":{"line":364,"column":18},"end":{"line":396,"column":20}},"144":{"start":{"line":372,"column":22},"end":{"line":385,"column":23}},"145":{"start":{"line":373,"column":24},"end":{"line":376,"column":26}},"146":{"start":{"line":377,"column":24},"end":{"line":379,"column":27}},"147":{"start":{"line":380,"column":24},"end":{"line":384,"column":26}},"148":{"start":{"line":387,"column":22},"end":{"line":389,"column":25}},"149":{"start":{"line":390,"column":22},"end":{"line":394,"column":24}},"150":{"start":{"line":400,"column":14},"end":{"line":400,"column":73}},"151":{"start":{"line":401,"column":14},"end":{"line":401,"column":79}},"152":{"start":{"line":404,"column":10},"end":{"line":404,"column":16}},"153":{"start":{"line":407,"column":26},"end":{"line":407,"column":28}},"154":{"start":{"line":410,"column":10},"end":{"line":412,"column":13}},"155":{"start":{"line":411,"column":12},"end":{"line":411,"column":42}},"156":{"start":{"line":414,"column":10},"end":{"line":519,"column":13}},"157":{"start":{"line":415,"column":12},"end":{"line":518,"column":13}},"158":{"start":{"line":416,"column":42},"end":{"line":416,"column":63}},"159":{"start":{"line":418,"column":14},"end":{"line":428,"column":15}},"160":{"start":{"line":419,"column":16},"end":{"line":426,"column":17}},"161":{"start":{"line":420,"column":18},"end":{"line":420,"column":77}},"162":{"start":{"line":421,"column":18},"end":{"line":425,"column":20}},"163":{"start":{"line":427,"column":16},"end":{"line":427,"column":23}},"164":{"start":{"line":431,"column":14},"end":{"line":511,"column":16}},"165":{"start":{"line":435,"column":18},"end":{"line":446,"column":19}},"166":{"start":{"line":436,"column":20},"end":{"line":436,"column":58}},"167":{"start":{"line":437,"column":20},"end":{"line":444,"column":21}},"168":{"start":{"line":438,"column":22},"end":{"line":440,"column":25}},"169":{"start":{"line":441,"column":22},"end":{"line":443,"column":24}},"170":{"start":{"line":445,"column":20},"end":{"line":445,"column":27}},"171":{"start":{"line":448,"column":18},"end":{"line":460,"column":19}},"172":{"start":{"line":449,"column":20},"end":{"line":458,"column":21}},"173":{"start":{"line":450,"column":22},"end":{"line":452,"column":25}},"174":{"start":{"line":453,"column":22},"end":{"line":457,"column":24}},"175":{"start":{"line":459,"column":20},"end":{"line":459,"column":27}},"176":{"start":{"line":462,"column":31},"end":{"line":462,"column":41}},"177":{"start":{"line":465,"column":18},"end":{"line":509,"column":21}},"178":{"start":{"line":466,"column":20},"end":{"line":479,"column":21}},"179":{"start":{"line":467,"column":22},"end":{"line":467,"column":58}},"180":{"start":{"line":468,"column":22},"end":{"line":477,"column":23}},"181":{"start":{"line":469,"column":24},"end":{"line":471,"column":27}},"182":{"start":{"line":472,"column":24},"end":{"line":476,"column":26}},"183":{"start":{"line":478,"column":22},"end":{"line":478,"column":29}},"184":{"start":{"line":482,"column":20},"end":{"line":508,"column":21}},"185":{"start":{"line":483,"column":36},"end":{"line":485,"column":24}},"186":{"start":{"line":486,"column":22},"end":{"line":496,"column":23}},"187":{"start":{"line":487,"column":24},"end":{"line":489,"column":27}},"188":{"start":{"line":490,"column":24},"end":{"line":495,"column":26}},"189":{"start":{"line":498,"column":22},"end":{"line":507,"column":23}},"190":{"start":{"line":499,"column":24},"end":{"line":501,"column":27}},"191":{"start":{"line":502,"column":24},"end":{"line":506,"column":26}},"192":{"start":{"line":513,"column":14},"end":{"line":513,"column":51}},"193":{"start":{"line":514,"column":14},"end":{"line":517,"column":15}},"194":{"start":{"line":515,"column":16},"end":{"line":515,"column":75}},"195":{"start":{"line":516,"column":16},"end":{"line":516,"column":76}},"196":{"start":{"line":520,"column":10},"end":{"line":520,"column":16}},"197":{"start":{"line":523,"column":10},"end":{"line":523,"column":50}},"198":{"start":{"line":526,"column":6},"end":{"line":526,"column":12}},"199":{"start":{"line":531,"column":27},"end":{"line":531,"column":47}},"200":{"start":{"line":534,"column":24},"end":{"line":536,"column":21}},"201":{"start":{"line":539,"column":8},"end":{"line":701,"column":9}},"202":{"start":{"line":542,"column":12},"end":{"line":542,"column":67}},"203":{"start":{"line":543,"column":12},"end":{"line":543,"column":18}},"204":{"start":{"line":546,"column":12},"end":{"line":554,"column":13}},"205":{"start":{"line":547,"column":31},"end":{"line":547,"column":50}},"206":{"start":{"line":548,"column":14},"end":{"line":548,"column":73}},"207":{"start":{"line":549,"column":14},"end":{"line":549,"column":48}},"208":{"start":{"line":551,"column":14},"end":{"line":551,"column":63}},"209":{"start":{"line":552,"column":14},"end":{"line":552,"column":73}},"210":{"start":{"line":553,"column":14},"end":{"line":553,"column":77}},"211":{"start":{"line":555,"column":12},"end":{"line":555,"column":18}},"212":{"start":{"line":557,"column":12},"end":{"line":565,"column":13}},"213":{"start":{"line":558,"column":29},"end":{"line":558,"column":46}},"214":{"start":{"line":559,"column":14},"end":{"line":559,"column":73}},"215":{"start":{"line":560,"column":14},"end":{"line":560,"column":46}},"216":{"start":{"line":562,"column":14},"end":{"line":562,"column":61}},"217":{"start":{"line":563,"column":14},"end":{"line":563,"column":73}},"218":{"start":{"line":564,"column":14},"end":{"line":564,"column":75}},"219":{"start":{"line":566,"column":12},"end":{"line":566,"column":18}},"220":{"start":{"line":568,"column":30},"end":{"line":568,"column":76}},"221":{"start":{"line":569,"column":27},"end":{"line":569,"column":73}},"222":{"start":{"line":571,"column":12},"end":{"line":575,"column":13}},"223":{"start":{"line":572,"column":14},"end":{"line":572,"column":73}},"224":{"start":{"line":573,"column":14},"end":{"line":573,"column":42}},"225":{"start":{"line":574,"column":14},"end":{"line":574,"column":20}},"226":{"start":{"line":577,"column":12},"end":{"line":586,"column":17}},"227":{"start":{"line":579,"column":16},"end":{"line":579,"column":75}},"228":{"start":{"line":580,"column":16},"end":{"line":580,"column":57}},"229":{"start":{"line":583,"column":16},"end":{"line":583,"column":72}},"230":{"start":{"line":584,"column":16},"end":{"line":584,"column":75}},"231":{"start":{"line":585,"column":16},"end":{"line":585,"column":44}},"232":{"start":{"line":588,"column":12},"end":{"line":588,"column":18}},"233":{"start":{"line":590,"column":35},"end":{"line":593,"column":13}},"234":{"start":{"line":594,"column":32},"end":{"line":596,"column":13}},"235":{"start":{"line":598,"column":12},"end":{"line":602,"column":13}},"236":{"start":{"line":599,"column":14},"end":{"line":599,"column":73}},"237":{"start":{"line":600,"column":14},"end":{"line":600,"column":42}},"238":{"start":{"line":601,"column":14},"end":{"line":601,"column":20}},"239":{"start":{"line":604,"column":12},"end":{"line":613,"column":17}},"240":{"start":{"line":606,"column":16},"end":{"line":606,"column":75}},"241":{"start":{"line":607,"column":16},"end":{"line":607,"column":57}},"242":{"start":{"line":610,"column":16},"end":{"line":610,"column":72}},"243":{"start":{"line":611,"column":16},"end":{"line":611,"column":75}},"244":{"start":{"line":612,"column":16},"end":{"line":612,"column":44}},"245":{"start":{"line":615,"column":12},"end":{"line":615,"column":18}},"246":{"start":{"line":617,"column":34},"end":{"line":620,"column":13}},"247":{"start":{"line":621,"column":27},"end":{"line":621,"column":77}},"248":{"start":{"line":623,"column":12},"end":{"line":627,"column":13}},"249":{"start":{"line":624,"column":14},"end":{"line":624,"column":73}},"250":{"start":{"line":625,"column":14},"end":{"line":625,"column":42}},"251":{"start":{"line":626,"column":14},"end":{"line":626,"column":20}},"252":{"start":{"line":629,"column":12},"end":{"line":638,"column":17}},"253":{"start":{"line":631,"column":16},"end":{"line":631,"column":75}},"254":{"start":{"line":632,"column":16},"end":{"line":632,"column":54}},"255":{"start":{"line":635,"column":16},"end":{"line":635,"column":69}},"256":{"start":{"line":636,"column":16},"end":{"line":636,"column":75}},"257":{"start":{"line":637,"column":16},"end":{"line":637,"column":44}},"258":{"start":{"line":640,"column":12},"end":{"line":640,"column":18}},"259":{"start":{"line":642,"column":12},"end":{"line":666,"column":13}},"260":{"start":{"line":643,"column":32},"end":{"line":646,"column":38}},"261":{"start":{"line":647,"column":14},"end":{"line":651,"column":15}},"262":{"start":{"line":648,"column":16},"end":{"line":648,"column":75}},"263":{"start":{"line":649,"column":16},"end":{"line":649,"column":77}},"264":{"start":{"line":650,"column":16},"end":{"line":650,"column":23}},"265":{"start":{"line":653,"column":30},"end":{"line":653,"column":57}},"266":{"start":{"line":654,"column":14},"end":{"line":658,"column":15}},"267":{"start":{"line":655,"column":16},"end":{"line":655,"column":75}},"268":{"start":{"line":656,"column":16},"end":{"line":656,"column":72}},"269":{"start":{"line":657,"column":16},"end":{"line":657,"column":23}},"270":{"start":{"line":660,"column":14},"end":{"line":660,"column":73}},"271":{"start":{"line":661,"column":14},"end":{"line":661,"column":47}},"272":{"start":{"line":663,"column":14},"end":{"line":663,"column":62}},"273":{"start":{"line":664,"column":14},"end":{"line":664,"column":73}},"274":{"start":{"line":665,"column":14},"end":{"line":665,"column":76}},"275":{"start":{"line":667,"column":12},"end":{"line":667,"column":18}},"276":{"start":{"line":669,"column":12},"end":{"line":694,"column":13}},"277":{"start":{"line":670,"column":30},"end":{"line":673,"column":38}},"278":{"start":{"line":675,"column":14},"end":{"line":679,"column":15}},"279":{"start":{"line":676,"column":16},"end":{"line":676,"column":75}},"280":{"start":{"line":677,"column":16},"end":{"line":677,"column":75}},"281":{"start":{"line":678,"column":16},"end":{"line":678,"column":23}},"282":{"start":{"line":680,"column":28},"end":{"line":680,"column":51}},"283":{"start":{"line":682,"column":14},"end":{"line":686,"column":15}},"284":{"start":{"line":683,"column":16},"end":{"line":683,"column":75}},"285":{"start":{"line":684,"column":16},"end":{"line":684,"column":70}},"286":{"start":{"line":685,"column":16},"end":{"line":685,"column":23}},"287":{"start":{"line":688,"column":14},"end":{"line":688,"column":73}},"288":{"start":{"line":689,"column":14},"end":{"line":689,"column":45}},"289":{"start":{"line":691,"column":14},"end":{"line":691,"column":60}},"290":{"start":{"line":692,"column":14},"end":{"line":692,"column":73}},"291":{"start":{"line":693,"column":14},"end":{"line":693,"column":74}},"292":{"start":{"line":695,"column":12},"end":{"line":695,"column":18}},"293":{"start":{"line":699,"column":12},"end":{"line":699,"column":41}},"294":{"start":{"line":700,"column":12},"end":{"line":700,"column":18}},"295":{"start":{"line":703,"column":6},"end":{"line":703,"column":12}},"296":{"start":{"line":705,"column":6},"end":{"line":705,"column":54}}},"fnMap":{"0":{"name":"(anonymous_0)","decl":{"start":{"line":49,"column":11},"end":{"line":49,"column":12}},"loc":{"start":{"line":49,"column":20},"end":{"line":55,"column":1}},"line":49},"1":{"name":"processReq","decl":{"start":{"line":63,"column":15},"end":{"line":63,"column":25}},"loc":{"start":{"line":63,"column":36},"end":{"line":707,"column":1}},"line":63},"2":{"name":"(anonymous_2)","decl":{"start":{"line":79,"column":18},"end":{"line":79,"column":19}},"loc":{"start":{"line":79,"column":35},"end":{"line":96,"column":13}},"line":79},"3":{"name":"(anonymous_3)","decl":{"start":{"line":80,"column":34},"end":{"line":80,"column":35}},"loc":{"start":{"line":80,"column":47},"end":{"line":91,"column":15}},"line":80},"4":{"name":"(anonymous_4)","decl":{"start":{"line":97,"column":19},"end":{"line":97,"column":20}},"loc":{"start":{"line":97,"column":28},"end":{"line":97,"column":46}},"line":97},"5":{"name":"(anonymous_5)","decl":{"start":{"line":101,"column":26},"end":{"line":101,"column":27}},"loc":{"start":{"line":101,"column":51},"end":{"line":116,"column":21}},"line":101},"6":{"name":"(anonymous_6)","decl":{"start":{"line":117,"column":27},"end":{"line":117,"column":28}},"loc":{"start":{"line":117,"column":36},"end":{"line":121,"column":21}},"line":117},"7":{"name":"(anonymous_7)","decl":{"start":{"line":125,"column":18},"end":{"line":125,"column":19}},"loc":{"start":{"line":125,"column":42},"end":{"line":144,"column":13}},"line":125},"8":{"name":"(anonymous_8)","decl":{"start":{"line":127,"column":22},"end":{"line":127,"column":23}},"loc":{"start":{"line":127,"column":28},"end":{"line":134,"column":17}},"line":127},"9":{"name":"(anonymous_9)","decl":{"start":{"line":135,"column":23},"end":{"line":135,"column":24}},"loc":{"start":{"line":135,"column":32},"end":{"line":143,"column":17}},"line":135},"10":{"name":"(anonymous_10)","decl":{"start":{"line":145,"column":19},"end":{"line":145,"column":20}},"loc":{"start":{"line":145,"column":28},"end":{"line":149,"column":13}},"line":145},"11":{"name":"(anonymous_11)","decl":{"start":{"line":154,"column":18},"end":{"line":154,"column":19}},"loc":{"start":{"line":154,"column":36},"end":{"line":163,"column":13}},"line":154},"12":{"name":"(anonymous_12)","decl":{"start":{"line":155,"column":35},"end":{"line":155,"column":36}},"loc":{"start":{"line":155,"column":46},"end":{"line":158,"column":15}},"line":155},"13":{"name":"(anonymous_13)","decl":{"start":{"line":164,"column":19},"end":{"line":164,"column":20}},"loc":{"start":{"line":164,"column":28},"end":{"line":164,"column":49}},"line":164},"14":{"name":"(anonymous_14)","decl":{"start":{"line":168,"column":25},"end":{"line":168,"column":26}},"loc":{"start":{"line":168,"column":37},"end":{"line":168,"column":61}},"line":168},"15":{"name":"(anonymous_15)","decl":{"start":{"line":169,"column":24},"end":{"line":169,"column":25}},"loc":{"start":{"line":169,"column":36},"end":{"line":208,"column":11}},"line":169},"16":{"name":"(anonymous_16)","decl":{"start":{"line":213,"column":25},"end":{"line":213,"column":26}},"loc":{"start":{"line":213,"column":37},"end":{"line":213,"column":77}},"line":213},"17":{"name":"(anonymous_17)","decl":{"start":{"line":214,"column":24},"end":{"line":214,"column":25}},"loc":{"start":{"line":214,"column":36},"end":{"line":232,"column":11}},"line":214},"18":{"name":"(anonymous_18)","decl":{"start":{"line":218,"column":55},"end":{"line":218,"column":56}},"loc":{"start":{"line":218,"column":65},"end":{"line":218,"column":74}},"line":218},"19":{"name":"(anonymous_19)","decl":{"start":{"line":237,"column":25},"end":{"line":237,"column":26}},"loc":{"start":{"line":237,"column":36},"end":{"line":239,"column":11}},"line":237},"20":{"name":"(anonymous_20)","decl":{"start":{"line":240,"column":24},"end":{"line":240,"column":25}},"loc":{"start":{"line":240,"column":36},"end":{"line":299,"column":11}},"line":240},"21":{"name":"(anonymous_21)","decl":{"start":{"line":263,"column":16},"end":{"line":263,"column":17}},"loc":{"start":{"line":263,"column":34},"end":{"line":292,"column":17}},"line":263},"22":{"name":"(anonymous_22)","decl":{"start":{"line":304,"column":25},"end":{"line":304,"column":26}},"loc":{"start":{"line":304,"column":36},"end":{"line":306,"column":11}},"line":304},"23":{"name":"(anonymous_23)","decl":{"start":{"line":307,"column":24},"end":{"line":307,"column":25}},"loc":{"start":{"line":307,"column":36},"end":{"line":319,"column":11}},"line":307},"24":{"name":"(anonymous_24)","decl":{"start":{"line":325,"column":25},"end":{"line":325,"column":26}},"loc":{"start":{"line":325,"column":36},"end":{"line":327,"column":11}},"line":325},"25":{"name":"(anonymous_25)","decl":{"start":{"line":329,"column":24},"end":{"line":329,"column":25}},"loc":{"start":{"line":329,"column":36},"end":{"line":403,"column":11}},"line":329},"26":{"name":"(anonymous_26)","decl":{"start":{"line":347,"column":16},"end":{"line":347,"column":17}},"loc":{"start":{"line":347,"column":33},"end":{"line":397,"column":17}},"line":347},"27":{"name":"(anonymous_27)","decl":{"start":{"line":371,"column":20},"end":{"line":371,"column":21}},"loc":{"start":{"line":371,"column":30},"end":{"line":395,"column":21}},"line":371},"28":{"name":"(anonymous_28)","decl":{"start":{"line":410,"column":25},"end":{"line":410,"column":26}},"loc":{"start":{"line":410,"column":36},"end":{"line":412,"column":11}},"line":410},"29":{"name":"(anonymous_29)","decl":{"start":{"line":414,"column":24},"end":{"line":414,"column":25}},"loc":{"start":{"line":414,"column":30},"end":{"line":519,"column":11}},"line":414},"30":{"name":"(anonymous_30)","decl":{"start":{"line":434,"column":16},"end":{"line":434,"column":17}},"loc":{"start":{"line":434,"column":34},"end":{"line":510,"column":17}},"line":434},"31":{"name":"(anonymous_31)","decl":{"start":{"line":465,"column":58},"end":{"line":465,"column":59}},"loc":{"start":{"line":465,"column":76},"end":{"line":509,"column":19}},"line":465},"32":{"name":"(anonymous_32)","decl":{"start":{"line":578,"column":20},"end":{"line":578,"column":21}},"loc":{"start":{"line":578,"column":41},"end":{"line":581,"column":15}},"line":578},"33":{"name":"(anonymous_33)","decl":{"start":{"line":582,"column":21},"end":{"line":582,"column":22}},"loc":{"start":{"line":582,"column":30},"end":{"line":586,"column":15}},"line":582},"34":{"name":"(anonymous_34)","decl":{"start":{"line":605,"column":20},"end":{"line":605,"column":21}},"loc":{"start":{"line":605,"column":41},"end":{"line":608,"column":15}},"line":605},"35":{"name":"(anonymous_35)","decl":{"start":{"line":609,"column":21},"end":{"line":609,"column":22}},"loc":{"start":{"line":609,"column":30},"end":{"line":613,"column":15}},"line":609},"36":{"name":"(anonymous_36)","decl":{"start":{"line":630,"column":20},"end":{"line":630,"column":21}},"loc":{"start":{"line":630,"column":38},"end":{"line":633,"column":15}},"line":630},"37":{"name":"(anonymous_37)","decl":{"start":{"line":634,"column":21},"end":{"line":634,"column":22}},"loc":{"start":{"line":634,"column":30},"end":{"line":638,"column":15}},"line":634}},"branchMap":{"0":{"loc":{"start":{"line":50,"column":2},"end":{"line":53,"column":3}},"type":"if","locations":[{"start":{"line":50,"column":2},"end":{"line":53,"column":3}},{"start":{},"end":{}}],"line":50},"1":{"loc":{"start":{"line":72,"column":2},"end":{"line":706,"column":3}},"type":"switch","locations":[{"start":{"line":73,"column":4},"end":{"line":526,"column":12}},{"start":{"line":528,"column":4},"end":{"line":703,"column":12}},{"start":{"line":704,"column":4},"end":{"line":705,"column":54}}],"line":72},"2":{"loc":{"start":{"line":75,"column":6},"end":{"line":524,"column":7}},"type":"switch","locations":[{"start":{"line":76,"column":8},"end":{"line":98,"column":16}},{"start":{"line":99,"column":10},"end":{"line":122,"column":22}},{"start":{"line":123,"column":8},"end":{"line":150,"column":16}},{"start":{"line":151,"column":8},"end":{"line":165,"column":16}},{"start":{"line":166,"column":8},"end":{"line":209,"column":17}},{"start":{"line":210,"column":8},"end":{"line":233,"column":16}},{"start":{"line":234,"column":8},"end":{"line":300,"column":16}},{"start":{"line":301,"column":8},"end":{"line":320,"column":16}},{"start":{"line":321,"column":8},"end":{"line":404,"column":16}},{"start":{"line":406,"column":8},"end":{"line":520,"column":16}},{"start":{"line":522,"column":8},"end":{"line":523,"column":50}}],"line":75},"3":{"loc":{"start":{"line":172,"column":14},"end":{"line":176,"column":15}},"type":"if","locations":[{"start":{"line":172,"column":14},"end":{"line":176,"column":15}},{"start":{},"end":{}}],"line":172},"4":{"loc":{"start":{"line":172,"column":18},"end":{"line":172,"column":50}},"type":"binary-expr","locations":[{"start":{"line":172,"column":18},"end":{"line":172,"column":29}},{"start":{"line":172,"column":33},"end":{"line":172,"column":39}},{"start":{"line":172,"column":43},"end":{"line":172,"column":50}}],"line":172},"5":{"loc":{"start":{"line":244,"column":14},"end":{"line":247,"column":15}},"type":"if","locations":[{"start":{"line":244,"column":14},"end":{"line":247,"column":15}},{"start":{},"end":{}}],"line":244},"6":{"loc":{"start":{"line":264,"column":18},"end":{"line":270,"column":19}},"type":"if","locations":[{"start":{"line":264,"column":18},"end":{"line":270,"column":19}},{"start":{},"end":{}}],"line":264},"7":{"loc":{"start":{"line":272,"column":18},"end":{"line":277,"column":19}},"type":"if","locations":[{"start":{"line":272,"column":18},"end":{"line":277,"column":19}},{"start":{},"end":{}}],"line":272},"8":{"loc":{"start":{"line":333,"column":14},"end":{"line":338,"column":15}},"type":"if","locations":[{"start":{"line":333,"column":14},"end":{"line":338,"column":15}},{"start":{},"end":{}}],"line":333},"9":{"loc":{"start":{"line":333,"column":18},"end":{"line":333,"column":46}},"type":"binary-expr","locations":[{"start":{"line":333,"column":18},"end":{"line":333,"column":24}},{"start":{"line":333,"column":28},"end":{"line":333,"column":37}},{"start":{"line":333,"column":41},"end":{"line":333,"column":46}}],"line":333},"10":{"loc":{"start":{"line":348,"column":18},"end":{"line":360,"column":19}},"type":"if","locations":[{"start":{"line":348,"column":18},"end":{"line":360,"column":19}},{"start":{},"end":{}}],"line":348},"11":{"loc":{"start":{"line":372,"column":22},"end":{"line":385,"column":23}},"type":"if","locations":[{"start":{"line":372,"column":22},"end":{"line":385,"column":23}},{"start":{},"end":{}}],"line":372},"12":{"loc":{"start":{"line":418,"column":14},"end":{"line":428,"column":15}},"type":"if","locations":[{"start":{"line":418,"column":14},"end":{"line":428,"column":15}},{"start":{},"end":{}}],"line":418},"13":{"loc":{"start":{"line":418,"column":18},"end":{"line":418,"column":37}},"type":"binary-expr","locations":[{"start":{"line":418,"column":18},"end":{"line":418,"column":24}},{"start":{"line":418,"column":28},"end":{"line":418,"column":37}}],"line":418},"14":{"loc":{"start":{"line":419,"column":16},"end":{"line":426,"column":17}},"type":"if","locations":[{"start":{"line":419,"column":16},"end":{"line":426,"column":17}},{"start":{},"end":{}}],"line":419},"15":{"loc":{"start":{"line":435,"column":18},"end":{"line":446,"column":19}},"type":"if","locations":[{"start":{"line":435,"column":18},"end":{"line":446,"column":19}},{"start":{},"end":{}}],"line":435},"16":{"loc":{"start":{"line":437,"column":20},"end":{"line":444,"column":21}},"type":"if","locations":[{"start":{"line":437,"column":20},"end":{"line":444,"column":21}},{"start":{},"end":{}}],"line":437},"17":{"loc":{"start":{"line":448,"column":18},"end":{"line":460,"column":19}},"type":"if","locations":[{"start":{"line":448,"column":18},"end":{"line":460,"column":19}},{"start":{},"end":{}}],"line":448},"18":{"loc":{"start":{"line":449,"column":20},"end":{"line":458,"column":21}},"type":"if","locations":[{"start":{"line":449,"column":20},"end":{"line":458,"column":21}},{"start":{},"end":{}}],"line":449},"19":{"loc":{"start":{"line":466,"column":20},"end":{"line":479,"column":21}},"type":"if","locations":[{"start":{"line":466,"column":20},"end":{"line":479,"column":21}},{"start":{},"end":{}}],"line":466},"20":{"loc":{"start":{"line":468,"column":22},"end":{"line":477,"column":23}},"type":"if","locations":[{"start":{"line":468,"column":22},"end":{"line":477,"column":23}},{"start":{},"end":{}}],"line":468},"21":{"loc":{"start":{"line":482,"column":20},"end":{"line":508,"column":21}},"type":"if","locations":[{"start":{"line":482,"column":20},"end":{"line":508,"column":21}},{"start":{"line":497,"column":27},"end":{"line":508,"column":21}}],"line":482},"22":{"loc":{"start":{"line":486,"column":22},"end":{"line":496,"column":23}},"type":"if","locations":[{"start":{"line":486,"column":22},"end":{"line":496,"column":23}},{"start":{},"end":{}}],"line":486},"23":{"loc":{"start":{"line":498,"column":22},"end":{"line":507,"column":23}},"type":"if","locations":[{"start":{"line":498,"column":22},"end":{"line":507,"column":23}},{"start":{},"end":{}}],"line":498},"24":{"loc":{"start":{"line":514,"column":14},"end":{"line":517,"column":15}},"type":"if","locations":[{"start":{"line":514,"column":14},"end":{"line":517,"column":15}},{"start":{},"end":{}}],"line":514},"25":{"loc":{"start":{"line":534,"column":24},"end":{"line":536,"column":21}},"type":"cond-expr","locations":[{"start":{"line":535,"column":12},"end":{"line":535,"column":30}},{"start":{"line":536,"column":12},"end":{"line":536,"column":21}}],"line":534},"26":{"loc":{"start":{"line":539,"column":8},"end":{"line":701,"column":9}},"type":"switch","locations":[{"start":{"line":541,"column":10},"end":{"line":543,"column":18}},{"start":{"line":544,"column":10},"end":{"line":555,"column":18}},{"start":{"line":556,"column":10},"end":{"line":566,"column":18}},{"start":{"line":567,"column":10},"end":{"line":588,"column":18}},{"start":{"line":589,"column":10},"end":{"line":615,"column":18}},{"start":{"line":616,"column":10},"end":{"line":640,"column":18}},{"start":{"line":641,"column":10},"end":{"line":667,"column":18}},{"start":{"line":668,"column":10},"end":{"line":695,"column":18}},{"start":{"line":698,"column":10},"end":{"line":700,"column":18}}],"line":539},"27":{"loc":{"start":{"line":571,"column":12},"end":{"line":575,"column":13}},"type":"if","locations":[{"start":{"line":571,"column":12},"end":{"line":575,"column":13}},{"start":{},"end":{}}],"line":571},"28":{"loc":{"start":{"line":598,"column":12},"end":{"line":602,"column":13}},"type":"if","locations":[{"start":{"line":598,"column":12},"end":{"line":602,"column":13}},{"start":{},"end":{}}],"line":598},"29":{"loc":{"start":{"line":623,"column":12},"end":{"line":627,"column":13}},"type":"if","locations":[{"start":{"line":623,"column":12},"end":{"line":627,"column":13}},{"start":{},"end":{}}],"line":623},"30":{"loc":{"start":{"line":647,"column":14},"end":{"line":651,"column":15}},"type":"if","locations":[{"start":{"line":647,"column":14},"end":{"line":651,"column":15}},{"start":{},"end":{}}],"line":647},"31":{"loc":{"start":{"line":654,"column":14},"end":{"line":658,"column":15}},"type":"if","locations":[{"start":{"line":654,"column":14},"end":{"line":658,"column":15}},{"start":{},"end":{}}],"line":654},"32":{"loc":{"start":{"line":675,"column":14},"end":{"line":679,"column":15}},"type":"if","locations":[{"start":{"line":675,"column":14},"end":{"line":679,"column":15}},{"start":{},"end":{}}],"line":675},"33":{"loc":{"start":{"line":682,"column":14},"end":{"line":686,"column":15}},"type":"if","locations":[{"start":{"line":682,"column":14},"end":{"line":686,"column":15}},{"start":{},"end":{}}],"line":682}},"s":{"0":1,"1":1,"2":1,"3":1,"4":1,"5":1,"6":0,"7":0,"8":1,"9":1,"10":1,"11":1,"12":3,"13":3,"14":3,"15":3,"16":3,"17":0,"18":0,"19":0,"20":0,"21":0,"22":0,"23":0,"24":0,"25":0,"26":0,"27":0,"28":0,"29":0,"30":0,"31":0,"32":0,"33":0,"34":0,"35":0,"36":0,"37":0,"38":0,"39":0,"40":0,"41":0,"42":0,"43":0,"44":0,"45":0,"46":0,"47":0,"48":0,"49":0,"50":0,"51":0,"52":0,"53":0,"54":0,"55":0,"56":0,"57":0,"58":0,"59":0,"60":0,"61":0,"62":0,"63":0,"64":0,"65":0,"66":0,"67":0,"68":0,"69":0,"70":0,"71":0,"72":0,"73":0,"74":0,"75":0,"76":0,"77":0,"78":0,"79":0,"80":0,"81":0,"82":0,"83":0,"84":0,"85":0,"86":0,"87":0,"88":0,"89":0,"90":0,"91":0,"92":0,"93":0,"94":0,"95":0,"96":0,"97":0,"98":0,"99":0,"100":0,"101":0,"102":0,"103":0,"104":0,"105":0,"106":0,"107":0,"108":0,"109":0,"110":0,"111":0,"112":0,"113":0,"114":0,"115":0,"116":0,"117":0,"118":0,"119":0,"120":0,"121":0,"122":0,"123":0,"124":0,"125":0,"126":0,"127":0,"128":0,"129":0,"130":0,"131":0,"132":0,"133":0,"134":0,"135":0,"136":0,"137":0,"138":0,"139":0,"140":0,"141":0,"142":0,"143":0,"144":0,"145":0,"146":0,"147":0,"148":0,"149":0,"150":0,"151":0,"152":0,"153":0,"154":0,"155":0,"156":0,"157":0,"158":0,"159":0,"160":0,"161":0,"162":0,"163":0,"164":0,"165":0,"166":0,"167":0,"168":0,"169":0,"170":0,"171":0,"172":0,"173":0,"174":0,"175":0,"176":0,"177":0,"178":0,"179":0,"180":0,"181":0,"182":0,"183":0,"184":0,"185":0,"186":0,"187":0,"188":0,"189":0,"190":0,"191":0,"192":0,"193":0,"194":0,"195":0,"196":0,"197":0,"198":0,"199":3,"200":3,"201":3,"202":1,"203":1,"204":1,"205":1,"206":1,"207":1,"208":0,"209":0,"210":0,"211":1,"212":1,"213":1,"214":1,"215":1,"216":0,"217":0,"218":0,"219":1,"220":0,"221":0,"222":0,"223":0,"224":0,"225":0,"226":0,"227":0,"228":0,"229":0,"230":0,"231":0,"232":0,"233":0,"234":0,"235":0,"236":0,"237":0,"238":0,"239":0,"240":0,"241":0,"242":0,"243":0,"244":0,"245":0,"246":0,"247":0,"248":0,"249":0,"250":0,"251":0,"252":0,"253":0,"254":0,"255":0,"256":0,"257":0,"258":0,"259":0,"260":0,"261":0,"262":0,"263":0,"264":0,"265":0,"266":0,"267":0,"268":0,"269":0,"270":0,"271":0,"272":0,"273":0,"274":0,"275":0,"276":0,"277":0,"278":0,"279":0,"280":0,"281":0,"282":0,"283":0,"284":0,"285":0,"286":0,"287":0,"288":0,"289":0,"290":0,"291":0,"292":0,"293":0,"294":0,"295":3,"296":0},"f":{"0":1,"1":3,"2":0,"3":0,"4":0,"5":0,"6":0,"7":0,"8":0,"9":0,"10":0,"11":0,"12":0,"13":0,"14":0,"15":0,"16":0,"17":0,"18":0,"19":0,"20":0,"21":0,"22":0,"23":0,"24":0,"25":0,"26":0,"27":0,"28":0,"29":0,"30":0,"31":0,"32":0,"33":0,"34":0,"35":0,"36":0,"37":0},"b":{"0":[0,1],"1":[0,3,0],"2":[0,0,0,0,0,0,0,0,0,0,0],"3":[0,0],"4":[0,0,0],"5":[0,0],"6":[0,0],"7":[0,0],"8":[0,0],"9":[0,0,0],"10":[0,0],"11":[0,0],"12":[0,0],"13":[0,0],"14":[0,0],"15":[0,0],"16":[0,0],"17":[0,0],"18":[0,0],"19":[0,0],"20":[0,0],"21":[0,0],"22":[0,0],"23":[0,0],"24":[0,0],"25":[3,0],"26":[1,1,1,0,0,0,0,0,0],"27":[0,0],"28":[0,0],"29":[0,0],"30":[0,0],"31":[0,0],"32":[0,0],"33":[0,0]},"inputSourceMap":null,"_coverageSchema":"1a1c01bbd47fc00a2c39e90264f33305004495a9","hash":"2d1301d7456e2805233a1b9397c10067be045cfb"}
,"/Users/nicolaischultz/Documents/GitHub/P1-project/p1project/p2-native/server/server.js": {"path":"/Users/nicolaischultz/Documents/GitHub/P1-project/p1project/p2-native/server/server.js","statementMap":{"0":{"start":{"line":5,"column":0},"end":{"line":5,"column":16}},"1":{"start":{"line":10,"column":17},"end":{"line":10,"column":28}},"2":{"start":{"line":11,"column":13},"end":{"line":11,"column":17}},"3":{"start":{"line":12,"column":15},"end":{"line":12,"column":48}},"4":{"start":{"line":16,"column":2},"end":{"line":16,"column":24}},"5":{"start":{"line":17,"column":2},"end":{"line":17,"column":44}},"6":{"start":{"line":18,"column":2},"end":{"line":18,"column":20}},"7":{"start":{"line":19,"column":2},"end":{"line":19,"column":16}},"8":{"start":{"line":23,"column":2},"end":{"line":30,"column":3}},"9":{"start":{"line":25,"column":4},"end":{"line":25,"column":25}},"10":{"start":{"line":28,"column":4},"end":{"line":28,"column":33}},"11":{"start":{"line":29,"column":4},"end":{"line":29,"column":32}},"12":{"start":{"line":35,"column":2},"end":{"line":37,"column":5}},"13":{"start":{"line":36,"column":4},"end":{"line":36,"column":65}},"14":{"start":{"line":44,"column":24},"end":{"line":44,"column":63}},"15":{"start":{"line":45,"column":19},"end":{"line":60,"column":3}},"16":{"start":{"line":61,"column":2},"end":{"line":61,"column":49}},"17":{"start":{"line":66,"column":2},"end":{"line":74,"column":5}},"18":{"start":{"line":67,"column":4},"end":{"line":73,"column":5}},"19":{"start":{"line":68,"column":6},"end":{"line":68,"column":59}},"20":{"start":{"line":69,"column":6},"end":{"line":69,"column":32}},"21":{"start":{"line":71,"column":6},"end":{"line":71,"column":70}},"22":{"start":{"line":72,"column":6},"end":{"line":72,"column":20}},"23":{"start":{"line":78,"column":21},"end":{"line":78,"column":49}},"24":{"start":{"line":79,"column":16},"end":{"line":79,"column":54}},"25":{"start":{"line":81,"column":2},"end":{"line":84,"column":3}},"26":{"start":{"line":82,"column":4},"end":{"line":82,"column":63}},"27":{"start":{"line":83,"column":4},"end":{"line":83,"column":67}},"28":{"start":{"line":86,"column":2},"end":{"line":94,"column":5}},"29":{"start":{"line":87,"column":4},"end":{"line":90,"column":5}},"30":{"start":{"line":88,"column":6},"end":{"line":88,"column":65}},"31":{"start":{"line":89,"column":6},"end":{"line":89,"column":76}},"32":{"start":{"line":92,"column":4},"end":{"line":92,"column":20}},"33":{"start":{"line":93,"column":4},"end":{"line":93,"column":11}},"34":{"start":{"line":104,"column":22},"end":{"line":110,"column":4}},"35":{"start":{"line":112,"column":19},"end":{"line":117,"column":13}},"36":{"start":{"line":114,"column":23},"end":{"line":114,"column":41}},"37":{"start":{"line":115,"column":6},"end":{"line":115,"column":67}},"38":{"start":{"line":119,"column":19},"end":{"line":119,"column":71}},"39":{"start":{"line":119,"column":43},"end":{"line":119,"column":61}},"40":{"start":{"line":121,"column":22},"end":{"line":134,"column":3}},"41":{"start":{"line":136,"column":15},"end":{"line":136,"column":54}},"42":{"start":{"line":137,"column":2},"end":{"line":137,"column":28}},"43":{"start":{"line":138,"column":2},"end":{"line":138,"column":45}},"44":{"start":{"line":143,"column":2},"end":{"line":143,"column":60}},"45":{"start":{"line":145,"column":2},"end":{"line":153,"column":3}},"46":{"start":{"line":146,"column":4},"end":{"line":149,"column":7}},"47":{"start":{"line":147,"column":14},"end":{"line":147,"column":30}},"48":{"start":{"line":148,"column":6},"end":{"line":148,"column":15}},"49":{"start":{"line":151,"column":4},"end":{"line":151,"column":69}},"50":{"start":{"line":152,"column":4},"end":{"line":152,"column":61}},"51":{"start":{"line":159,"column":15},"end":{"line":159,"column":40}},"52":{"start":{"line":160,"column":2},"end":{"line":160,"column":25}},"53":{"start":{"line":161,"column":2},"end":{"line":161,"column":39}},"54":{"start":{"line":168,"column":19},"end":{"line":168,"column":21}},"55":{"start":{"line":169,"column":17},"end":{"line":169,"column":18}},"56":{"start":{"line":170,"column":4},"end":{"line":186,"column":9}},"57":{"start":{"line":172,"column":8},"end":{"line":172,"column":29}},"58":{"start":{"line":173,"column":8},"end":{"line":173,"column":31}},"59":{"start":{"line":175,"column":8},"end":{"line":179,"column":9}},"60":{"start":{"line":177,"column":10},"end":{"line":177,"column":35}},"61":{"start":{"line":178,"column":10},"end":{"line":178,"column":49}},"62":{"start":{"line":182,"column":8},"end":{"line":182,"column":54}},"63":{"start":{"line":184,"column":8},"end":{"line":184,"column":30}},"64":{"start":{"line":185,"column":8},"end":{"line":185,"column":26}},"65":{"start":{"line":189,"column":2},"end":{"line":189,"column":46}},"66":{"start":{"line":192,"column":0},"end":{"line":192,"column":14}}},"fnMap":{"0":{"name":"errorResponse","decl":{"start":{"line":15,"column":9},"end":{"line":15,"column":22}},"loc":{"start":{"line":15,"column":42},"end":{"line":20,"column":1}},"line":15},"1":{"name":"requestHandler","decl":{"start":{"line":22,"column":16},"end":{"line":22,"column":30}},"loc":{"start":{"line":22,"column":41},"end":{"line":31,"column":1}},"line":22},"2":{"name":"startServer","decl":{"start":{"line":34,"column":9},"end":{"line":34,"column":20}},"loc":{"start":{"line":34,"column":23},"end":{"line":38,"column":1}},"line":34},"3":{"name":"(anonymous_3)","decl":{"start":{"line":35,"column":32},"end":{"line":35,"column":33}},"loc":{"start":{"line":35,"column":38},"end":{"line":37,"column":3}},"line":35},"4":{"name":"guessMimeType","decl":{"start":{"line":43,"column":9},"end":{"line":43,"column":22}},"loc":{"start":{"line":43,"column":33},"end":{"line":62,"column":1}},"line":43},"5":{"name":"fileResponse","decl":{"start":{"line":65,"column":9},"end":{"line":65,"column":21}},"loc":{"start":{"line":65,"column":37},"end":{"line":75,"column":1}},"line":65},"6":{"name":"(anonymous_6)","decl":{"start":{"line":66,"column":24},"end":{"line":66,"column":25}},"loc":{"start":{"line":66,"column":39},"end":{"line":74,"column":3}},"line":66},"7":{"name":"authenticateToken","decl":{"start":{"line":77,"column":9},"end":{"line":77,"column":26}},"loc":{"start":{"line":77,"column":43},"end":{"line":95,"column":1}},"line":77},"8":{"name":"(anonymous_8)","decl":{"start":{"line":86,"column":36},"end":{"line":86,"column":37}},"loc":{"start":{"line":86,"column":51},"end":{"line":94,"column":3}},"line":86},"9":{"name":"sendConfirmationEmail","decl":{"start":{"line":97,"column":15},"end":{"line":97,"column":36}},"loc":{"start":{"line":103,"column":2},"end":{"line":139,"column":1}},"line":103},"10":{"name":"(anonymous_10)","decl":{"start":{"line":113,"column":9},"end":{"line":113,"column":10}},"loc":{"start":{"line":113,"column":19},"end":{"line":116,"column":5}},"line":113},"11":{"name":"(anonymous_11)","decl":{"start":{"line":119,"column":33},"end":{"line":119,"column":34}},"loc":{"start":{"line":119,"column":43},"end":{"line":119,"column":61}},"line":119},"12":{"name":"extractJSON","decl":{"start":{"line":142,"column":9},"end":{"line":142,"column":20}},"loc":{"start":{"line":142,"column":26},"end":{"line":154,"column":1}},"line":142},"13":{"name":"(anonymous_13)","decl":{"start":{"line":146,"column":37},"end":{"line":146,"column":38}},"loc":{"start":{"line":146,"column":47},"end":{"line":149,"column":5}},"line":146},"14":{"name":"isJsonEncoded","decl":{"start":{"line":156,"column":9},"end":{"line":156,"column":22}},"loc":{"start":{"line":156,"column":36},"end":{"line":163,"column":1}},"line":156},"15":{"name":"collectPostBody","decl":{"start":{"line":165,"column":9},"end":{"line":165,"column":24}},"loc":{"start":{"line":165,"column":30},"end":{"line":190,"column":1}},"line":165},"16":{"name":"collectPostBodyExecutor","decl":{"start":{"line":167,"column":11},"end":{"line":167,"column":34}},"loc":{"start":{"line":167,"column":52},"end":{"line":188,"column":3}},"line":167},"17":{"name":"(anonymous_17)","decl":{"start":{"line":171,"column":18},"end":{"line":171,"column":19}},"loc":{"start":{"line":171,"column":29},"end":{"line":180,"column":7}},"line":171},"18":{"name":"(anonymous_18)","decl":{"start":{"line":181,"column":17},"end":{"line":181,"column":18}},"loc":{"start":{"line":181,"column":23},"end":{"line":186,"column":7}},"line":181}},"branchMap":{"0":{"loc":{"start":{"line":61,"column":9},"end":{"line":61,"column":48}},"type":"binary-expr","locations":[{"start":{"line":61,"column":9},"end":{"line":61,"column":32}},{"start":{"line":61,"column":36},"end":{"line":61,"column":48}}],"line":61},"1":{"loc":{"start":{"line":67,"column":4},"end":{"line":73,"column":5}},"type":"if","locations":[{"start":{"line":67,"column":4},"end":{"line":73,"column":5}},{"start":{"line":70,"column":11},"end":{"line":73,"column":5}}],"line":67},"2":{"loc":{"start":{"line":79,"column":16},"end":{"line":79,"column":54}},"type":"binary-expr","locations":[{"start":{"line":79,"column":16},"end":{"line":79,"column":26}},{"start":{"line":79,"column":30},"end":{"line":79,"column":54}}],"line":79},"3":{"loc":{"start":{"line":81,"column":2},"end":{"line":84,"column":3}},"type":"if","locations":[{"start":{"line":81,"column":2},"end":{"line":84,"column":3}},{"start":{},"end":{}}],"line":81},"4":{"loc":{"start":{"line":87,"column":4},"end":{"line":90,"column":5}},"type":"if","locations":[{"start":{"line":87,"column":4},"end":{"line":90,"column":5}},{"start":{},"end":{}}],"line":87},"5":{"loc":{"start":{"line":114,"column":23},"end":{"line":114,"column":41}},"type":"binary-expr","locations":[{"start":{"line":114,"column":23},"end":{"line":114,"column":36}},{"start":{"line":114,"column":40},"end":{"line":114,"column":41}}],"line":114},"6":{"loc":{"start":{"line":145,"column":2},"end":{"line":153,"column":3}},"type":"if","locations":[{"start":{"line":145,"column":2},"end":{"line":153,"column":3}},{"start":{"line":150,"column":7},"end":{"line":153,"column":3}}],"line":145},"7":{"loc":{"start":{"line":175,"column":8},"end":{"line":179,"column":9}},"type":"if","locations":[{"start":{"line":175,"column":8},"end":{"line":179,"column":9}},{"start":{},"end":{}}],"line":175}},"s":{"0":1,"1":1,"2":1,"3":1,"4":0,"5":0,"6":0,"7":0,"8":3,"9":3,"10":0,"11":0,"12":1,"13":1,"14":1,"15":1,"16":1,"17":1,"18":1,"19":0,"20":0,"21":1,"22":1,"23":0,"24":0,"25":0,"26":0,"27":0,"28":0,"29":0,"30":0,"31":0,"32":0,"33":0,"34":0,"35":0,"36":0,"37":0,"38":0,"39":0,"40":0,"41":0,"42":0,"43":0,"44":0,"45":0,"46":0,"47":0,"48":0,"49":0,"50":0,"51":0,"52":0,"53":0,"54":0,"55":0,"56":0,"57":0,"58":0,"59":0,"60":0,"61":0,"62":0,"63":0,"64":0,"65":0,"66":1},"f":{"0":0,"1":3,"2":1,"3":1,"4":1,"5":1,"6":1,"7":0,"8":0,"9":0,"10":0,"11":0,"12":0,"13":0,"14":0,"15":0,"16":0,"17":0,"18":0},"b":{"0":[1,0],"1":[0,1],"2":[0,0],"3":[0,0],"4":[0,0],"5":[0,0],"6":[0,0],"7":[0,0]},"inputSourceMap":null,"_coverageSchema":"1a1c01bbd47fc00a2c39e90264f33305004495a9","hash":"1831f9c1facc86ad7abf6c3a120f5bbc2b367778"}
,"/Users/nicolaischultz/Documents/GitHub/P1-project/p1project/p2-native/server/recommender/event_recommender.js": {"path":"/Users/nicolaischultz/Documents/GitHub/P1-project/p1project/p2-native/server/recommender/event_recommender.js","statementMap":{"0":{"start":{"line":10,"column":15},"end":{"line":10,"column":37}},"1":{"start":{"line":11,"column":19},"end":{"line":11,"column":45}},"2":{"start":{"line":13,"column":2},"end":{"line":13,"column":53}},"3":{"start":{"line":19,"column":2},"end":{"line":19,"column":38}},"4":{"start":{"line":19,"column":24},"end":{"line":19,"column":38}},"5":{"start":{"line":21,"column":20},"end":{"line":21,"column":26}},"6":{"start":{"line":23,"column":15},"end":{"line":23,"column":17}},"7":{"start":{"line":26,"column":2},"end":{"line":30,"column":3}},"8":{"start":{"line":26,"column":15},"end":{"line":26,"column":16}},"9":{"start":{"line":27,"column":4},"end":{"line":27,"column":19}},"10":{"start":{"line":28,"column":4},"end":{"line":28,"column":21}},"11":{"start":{"line":29,"column":4},"end":{"line":29,"column":32}},"12":{"start":{"line":33,"column":13},"end":{"line":33,"column":15}},"13":{"start":{"line":34,"column":2},"end":{"line":38,"column":3}},"14":{"start":{"line":34,"column":15},"end":{"line":34,"column":16}},"15":{"start":{"line":35,"column":4},"end":{"line":37,"column":5}},"16":{"start":{"line":36,"column":6},"end":{"line":36,"column":33}},"17":{"start":{"line":41,"column":2},"end":{"line":54,"column":3}},"18":{"start":{"line":41,"column":15},"end":{"line":41,"column":16}},"19":{"start":{"line":42,"column":4},"end":{"line":53,"column":5}},"20":{"start":{"line":42,"column":17},"end":{"line":42,"column":18}},"21":{"start":{"line":44,"column":6},"end":{"line":52,"column":7}},"22":{"start":{"line":46,"column":8},"end":{"line":51,"column":9}},"23":{"start":{"line":46,"column":21},"end":{"line":46,"column":22}},"24":{"start":{"line":48,"column":10},"end":{"line":50,"column":11}},"25":{"start":{"line":49,"column":12},"end":{"line":49,"column":48}},"26":{"start":{"line":56,"column":2},"end":{"line":56,"column":28}},"27":{"start":{"line":59,"column":2},"end":{"line":61,"column":4}},"28":{"start":{"line":62,"column":22},"end":{"line":67,"column":5}},"29":{"start":{"line":62,"column":45},"end":{"line":67,"column":3}},"30":{"start":{"line":68,"column":2},"end":{"line":68,"column":29}},"31":{"start":{"line":69,"column":2},"end":{"line":69,"column":23}},"32":{"start":{"line":74,"column":2},"end":{"line":78,"column":3}},"33":{"start":{"line":75,"column":4},"end":{"line":75,"column":13}},"34":{"start":{"line":77,"column":4},"end":{"line":77,"column":32}}},"fnMap":{"0":{"name":"recommenderAlgorithmForEvents","decl":{"start":{"line":8,"column":22},"end":{"line":8,"column":51}},"loc":{"start":{"line":8,"column":60},"end":{"line":14,"column":1}},"line":8},"1":{"name":"reccomendEvents","decl":{"start":{"line":17,"column":22},"end":{"line":17,"column":37}},"loc":{"start":{"line":17,"column":52},"end":{"line":70,"column":1}},"line":17},"2":{"name":"(anonymous_2)","decl":{"start":{"line":62,"column":33},"end":{"line":62,"column":34}},"loc":{"start":{"line":62,"column":45},"end":{"line":67,"column":3}},"line":62},"3":{"name":"sortFunction","decl":{"start":{"line":73,"column":9},"end":{"line":73,"column":21}},"loc":{"start":{"line":73,"column":28},"end":{"line":79,"column":1}},"line":73}},"branchMap":{"0":{"loc":{"start":{"line":19,"column":2},"end":{"line":19,"column":38}},"type":"if","locations":[{"start":{"line":19,"column":2},"end":{"line":19,"column":38}},{"start":{},"end":{}}],"line":19},"1":{"loc":{"start":{"line":19,"column":6},"end":{"line":19,"column":22}},"type":"binary-expr","locations":[{"start":{"line":19,"column":6},"end":{"line":19,"column":11}},{"start":{"line":19,"column":15},"end":{"line":19,"column":22}}],"line":19},"2":{"loc":{"start":{"line":35,"column":4},"end":{"line":37,"column":5}},"type":"if","locations":[{"start":{"line":35,"column":4},"end":{"line":37,"column":5}},{"start":{},"end":{}}],"line":35},"3":{"loc":{"start":{"line":44,"column":6},"end":{"line":52,"column":7}},"type":"if","locations":[{"start":{"line":44,"column":6},"end":{"line":52,"column":7}},{"start":{},"end":{}}],"line":44},"4":{"loc":{"start":{"line":44,"column":10},"end":{"line":44,"column":69}},"type":"binary-expr","locations":[{"start":{"line":44,"column":10},"end":{"line":44,"column":36}},{"start":{"line":44,"column":40},"end":{"line":44,"column":69}}],"line":44},"5":{"loc":{"start":{"line":48,"column":10},"end":{"line":50,"column":11}},"type":"if","locations":[{"start":{"line":48,"column":10},"end":{"line":50,"column":11}},{"start":{},"end":{}}],"line":48},"6":{"loc":{"start":{"line":74,"column":2},"end":{"line":78,"column":3}},"type":"if","locations":[{"start":{"line":74,"column":2},"end":{"line":78,"column":3}},{"start":{"line":76,"column":9},"end":{"line":78,"column":3}}],"line":74},"7":{"loc":{"start":{"line":77,"column":11},"end":{"line":77,"column":31}},"type":"cond-expr","locations":[{"start":{"line":77,"column":25},"end":{"line":77,"column":27}},{"start":{"line":77,"column":30},"end":{"line":77,"column":31}}],"line":77}},"s":{"0":0,"1":0,"2":0,"3":0,"4":0,"5":0,"6":0,"7":0,"8":0,"9":0,"10":0,"11":0,"12":0,"13":0,"14":0,"15":0,"16":0,"17":0,"18":0,"19":0,"20":0,"21":0,"22":0,"23":0,"24":0,"25":0,"26":0,"27":0,"28":0,"29":0,"30":0,"31":0,"32":0,"33":0,"34":0},"f":{"0":0,"1":0,"2":0,"3":0},"b":{"0":[0,0],"1":[0,0],"2":[0,0],"3":[0,0],"4":[0,0],"5":[0,0],"6":[0,0],"7":[0,0]},"inputSourceMap":null,"_coverageSchema":"1a1c01bbd47fc00a2c39e90264f33305004495a9","hash":"2b5b382cbad3ce573e180fb6054dc3369c37becc"}
,"/Users/nicolaischultz/Documents/GitHub/P1-project/p1project/p2-native/server/recommender/recommenderAlgorithms.js": {"path":"/Users/nicolaischultz/Documents/GitHub/P1-project/p1project/p2-native/server/recommender/recommenderAlgorithms.js","statementMap":{"0":{"start":{"line":10,"column":20},"end":{"line":10,"column":50}},"1":{"start":{"line":11,"column":17},"end":{"line":11,"column":44}},"2":{"start":{"line":16,"column":2},"end":{"line":16,"column":46}},"3":{"start":{"line":22,"column":20},"end":{"line":22,"column":58}},"4":{"start":{"line":23,"column":17},"end":{"line":23,"column":44}},"5":{"start":{"line":28,"column":2},"end":{"line":28,"column":46}},"6":{"start":{"line":33,"column":28},"end":{"line":38,"column":5}},"7":{"start":{"line":33,"column":52},"end":{"line":38,"column":3}},"8":{"start":{"line":41,"column":24},"end":{"line":41,"column":57}},"9":{"start":{"line":48,"column":2},"end":{"line":48,"column":42}},"10":{"start":{"line":51,"column":2},"end":{"line":51,"column":25}},"11":{"start":{"line":56,"column":15},"end":{"line":56,"column":16}},"12":{"start":{"line":57,"column":2},"end":{"line":59,"column":3}},"13":{"start":{"line":58,"column":4},"end":{"line":58,"column":32}},"14":{"start":{"line":60,"column":2},"end":{"line":60,"column":16}},"15":{"start":{"line":66,"column":2},"end":{"line":68,"column":5}},"16":{"start":{"line":67,"column":4},"end":{"line":67,"column":29}},"17":{"start":{"line":73,"column":2},"end":{"line":75,"column":3}}},"fnMap":{"0":{"name":"recommenderAlgorithmForUser","decl":{"start":{"line":8,"column":22},"end":{"line":8,"column":49}},"loc":{"start":{"line":8,"column":58},"end":{"line":17,"column":1}},"line":8},"1":{"name":"recommenderAlgorithmForItem","decl":{"start":{"line":20,"column":22},"end":{"line":20,"column":49}},"loc":{"start":{"line":20,"column":58},"end":{"line":29,"column":1}},"line":20},"2":{"name":"recommendItem","decl":{"start":{"line":31,"column":16},"end":{"line":31,"column":29}},"loc":{"start":{"line":31,"column":53},"end":{"line":52,"column":1}},"line":31},"3":{"name":"(anonymous_3)","decl":{"start":{"line":33,"column":41},"end":{"line":33,"column":42}},"loc":{"start":{"line":33,"column":52},"end":{"line":38,"column":3}},"line":33},"4":{"name":"dotProduct","decl":{"start":{"line":55,"column":16},"end":{"line":55,"column":26}},"loc":{"start":{"line":55,"column":39},"end":{"line":61,"column":1}},"line":55},"5":{"name":"compareLists","decl":{"start":{"line":65,"column":16},"end":{"line":65,"column":28}},"loc":{"start":{"line":65,"column":38},"end":{"line":69,"column":1}},"line":65},"6":{"name":"(anonymous_6)","decl":{"start":{"line":66,"column":22},"end":{"line":66,"column":23}},"loc":{"start":{"line":66,"column":38},"end":{"line":68,"column":3}},"line":66},"7":{"name":"resultsComparedPrinted","decl":{"start":{"line":72,"column":16},"end":{"line":72,"column":38}},"loc":{"start":{"line":72,"column":56},"end":{"line":76,"column":1}},"line":72}},"branchMap":{},"s":{"0":0,"1":0,"2":0,"3":1,"4":1,"5":1,"6":2,"7":222,"8":2,"9":2,"10":2,"11":223,"12":223,"13":3122,"14":223,"15":3,"16":1041,"17":2},"f":{"0":0,"1":1,"2":2,"3":222,"4":223,"5":3,"6":1041,"7":2},"b":{},"inputSourceMap":null,"_coverageSchema":"1a1c01bbd47fc00a2c39e90264f33305004495a9","hash":"e40e79290dfc90d1bc3fa09b957a5271726faee9"}
,"/Users/nicolaischultz/Documents/GitHub/P1-project/p1project/p2-native/server/recommender/recommenderAlgorithmsServer.js": {"path":"/Users/nicolaischultz/Documents/GitHub/P1-project/p1project/p2-native/server/recommender/recommenderAlgorithmsServer.js","statementMap":{"0":{"start":{"line":4,"column":13},"end":{"line":10,"column":2}},"1":{"start":{"line":13,"column":2},"end":{"line":33,"column":3}},"2":{"start":{"line":15,"column":26},"end":{"line":18,"column":5}},"3":{"start":{"line":21,"column":4},"end":{"line":24,"column":5}},"4":{"start":{"line":22,"column":6},"end":{"line":22,"column":44}},"5":{"start":{"line":23,"column":6},"end":{"line":23,"column":18}},"6":{"start":{"line":26,"column":4},"end":{"line":26,"column":41}},"7":{"start":{"line":29,"column":4},"end":{"line":29,"column":41}},"8":{"start":{"line":31,"column":4},"end":{"line":31,"column":60}},"9":{"start":{"line":32,"column":4},"end":{"line":32,"column":14}},"10":{"start":{"line":37,"column":2},"end":{"line":56,"column":3}},"11":{"start":{"line":39,"column":26},"end":{"line":42,"column":5}},"12":{"start":{"line":45,"column":4},"end":{"line":48,"column":5}},"13":{"start":{"line":46,"column":6},"end":{"line":46,"column":44}},"14":{"start":{"line":47,"column":6},"end":{"line":47,"column":18}},"15":{"start":{"line":52,"column":4},"end":{"line":52,"column":41}},"16":{"start":{"line":54,"column":4},"end":{"line":54,"column":68}},"17":{"start":{"line":55,"column":4},"end":{"line":55,"column":14}},"18":{"start":{"line":60,"column":2},"end":{"line":75,"column":3}},"19":{"start":{"line":62,"column":26},"end":{"line":62,"column":76}},"20":{"start":{"line":65,"column":4},"end":{"line":68,"column":5}},"21":{"start":{"line":66,"column":6},"end":{"line":66,"column":44}},"22":{"start":{"line":67,"column":6},"end":{"line":67,"column":18}},"23":{"start":{"line":71,"column":4},"end":{"line":71,"column":56}},"24":{"start":{"line":71,"column":36},"end":{"line":71,"column":54}},"25":{"start":{"line":73,"column":4},"end":{"line":73,"column":63}},"26":{"start":{"line":74,"column":4},"end":{"line":74,"column":14}},"27":{"start":{"line":79,"column":2},"end":{"line":93,"column":3}},"28":{"start":{"line":81,"column":28},"end":{"line":81,"column":74}},"29":{"start":{"line":84,"column":4},"end":{"line":87,"column":5}},"30":{"start":{"line":85,"column":6},"end":{"line":85,"column":43}},"31":{"start":{"line":86,"column":6},"end":{"line":86,"column":18}},"32":{"start":{"line":88,"column":4},"end":{"line":88,"column":42}},"33":{"start":{"line":89,"column":4},"end":{"line":89,"column":25}},"34":{"start":{"line":91,"column":4},"end":{"line":91,"column":60}},"35":{"start":{"line":92,"column":4},"end":{"line":92,"column":14}},"36":{"start":{"line":97,"column":2},"end":{"line":111,"column":3}},"37":{"start":{"line":99,"column":32},"end":{"line":99,"column":77}},"38":{"start":{"line":102,"column":4},"end":{"line":105,"column":5}},"39":{"start":{"line":103,"column":6},"end":{"line":103,"column":42}},"40":{"start":{"line":104,"column":6},"end":{"line":104,"column":18}},"41":{"start":{"line":106,"column":4},"end":{"line":106,"column":51}},"42":{"start":{"line":107,"column":4},"end":{"line":107,"column":29}},"43":{"start":{"line":109,"column":4},"end":{"line":109,"column":64}},"44":{"start":{"line":110,"column":4},"end":{"line":110,"column":14}},"45":{"start":{"line":115,"column":2},"end":{"line":175,"column":3}},"46":{"start":{"line":132,"column":8},"end":{"line":132,"column":17}},"47":{"start":{"line":135,"column":16},"end":{"line":151,"column":29}},"48":{"start":{"line":154,"column":21},"end":{"line":170,"column":6}},"49":{"start":{"line":171,"column":4},"end":{"line":171,"column":54}},"50":{"start":{"line":173,"column":4},"end":{"line":173,"column":63}},"51":{"start":{"line":174,"column":4},"end":{"line":174,"column":14}}},"fnMap":{"0":{"name":"getUserFiltersDB","decl":{"start":{"line":12,"column":22},"end":{"line":12,"column":38}},"loc":{"start":{"line":12,"column":47},"end":{"line":34,"column":1}},"line":12},"1":{"name":"getSpecificItemFiltersDB","decl":{"start":{"line":36,"column":22},"end":{"line":36,"column":46}},"loc":{"start":{"line":36,"column":55},"end":{"line":57,"column":1}},"line":36},"2":{"name":"getAllItemFiltersDB","decl":{"start":{"line":59,"column":22},"end":{"line":59,"column":41}},"loc":{"start":{"line":59,"column":44},"end":{"line":76,"column":1}},"line":59},"3":{"name":"(anonymous_3)","decl":{"start":{"line":71,"column":27},"end":{"line":71,"column":28}},"loc":{"start":{"line":71,"column":36},"end":{"line":71,"column":54}},"line":71},"4":{"name":"getAllEventsDB","decl":{"start":{"line":78,"column":22},"end":{"line":78,"column":36}},"loc":{"start":{"line":78,"column":39},"end":{"line":94,"column":1}},"line":78},"5":{"name":"getAllUserEventsDB","decl":{"start":{"line":96,"column":22},"end":{"line":96,"column":40}},"loc":{"start":{"line":96,"column":43},"end":{"line":112,"column":1}},"line":96},"6":{"name":"updateUserFiltersDB","decl":{"start":{"line":114,"column":22},"end":{"line":114,"column":41}},"loc":{"start":{"line":114,"column":61},"end":{"line":176,"column":1}},"line":114}},"branchMap":{"0":{"loc":{"start":{"line":21,"column":4},"end":{"line":24,"column":5}},"type":"if","locations":[{"start":{"line":21,"column":4},"end":{"line":24,"column":5}},{"start":{},"end":{}}],"line":21},"1":{"loc":{"start":{"line":45,"column":4},"end":{"line":48,"column":5}},"type":"if","locations":[{"start":{"line":45,"column":4},"end":{"line":48,"column":5}},{"start":{},"end":{}}],"line":45},"2":{"loc":{"start":{"line":65,"column":4},"end":{"line":68,"column":5}},"type":"if","locations":[{"start":{"line":65,"column":4},"end":{"line":68,"column":5}},{"start":{},"end":{}}],"line":65},"3":{"loc":{"start":{"line":84,"column":4},"end":{"line":87,"column":5}},"type":"if","locations":[{"start":{"line":84,"column":4},"end":{"line":87,"column":5}},{"start":{},"end":{}}],"line":84},"4":{"loc":{"start":{"line":102,"column":4},"end":{"line":105,"column":5}},"type":"if","locations":[{"start":{"line":102,"column":4},"end":{"line":105,"column":5}},{"start":{},"end":{}}],"line":102}},"s":{"0":3,"1":1,"2":1,"3":1,"4":0,"5":0,"6":1,"7":1,"8":0,"9":0,"10":1,"11":1,"12":1,"13":0,"14":0,"15":1,"16":0,"17":0,"18":2,"19":2,"20":2,"21":0,"22":0,"23":2,"24":440,"25":0,"26":0,"27":0,"28":0,"29":0,"30":0,"31":0,"32":0,"33":0,"34":0,"35":0,"36":0,"37":0,"38":0,"39":0,"40":0,"41":0,"42":0,"43":0,"44":0,"45":0,"46":0,"47":0,"48":0,"49":0,"50":0,"51":0},"f":{"0":1,"1":1,"2":2,"3":440,"4":0,"5":0,"6":0},"b":{"0":[0,1],"1":[0,1],"2":[0,2],"3":[0,0],"4":[0,0]},"inputSourceMap":null,"_coverageSchema":"1a1c01bbd47fc00a2c39e90264f33305004495a9","hash":"60859485a8085bb1e4e5761adcf21d0f9d5ef9ac"}
,"/Users/nicolaischultz/Documents/GitHub/P1-project/p1project/p2-native/server/recommender/updateUserFilters.js": {"path":"/Users/nicolaischultz/Documents/GitHub/P1-project/p1project/p2-native/server/recommender/updateUserFilters.js","statementMap":{"0":{"start":{"line":5,"column":22},"end":{"line":5,"column":52}},"1":{"start":{"line":6,"column":22},"end":{"line":6,"column":60}},"2":{"start":{"line":9,"column":22},"end":{"line":9,"column":67}},"3":{"start":{"line":12,"column":4},"end":{"line":12,"column":51}},"4":{"start":{"line":17,"column":4},"end":{"line":20,"column":5}},"5":{"start":{"line":18,"column":8},"end":{"line":18,"column":53}},"6":{"start":{"line":19,"column":8},"end":{"line":19,"column":24}},"7":{"start":{"line":23,"column":4},"end":{"line":26,"column":5}},"8":{"start":{"line":24,"column":8},"end":{"line":24,"column":53}},"9":{"start":{"line":25,"column":8},"end":{"line":25,"column":24}},"10":{"start":{"line":30,"column":4},"end":{"line":30,"column":24}},"11":{"start":{"line":31,"column":4},"end":{"line":31,"column":24}},"12":{"start":{"line":34,"column":4},"end":{"line":38,"column":5}},"13":{"start":{"line":34,"column":17},"end":{"line":34,"column":18}},"14":{"start":{"line":35,"column":8},"end":{"line":37,"column":9}},"15":{"start":{"line":36,"column":12},"end":{"line":36,"column":29}},"16":{"start":{"line":40,"column":4},"end":{"line":40,"column":23}}},"fnMap":{"0":{"name":"updateUserFilters","decl":{"start":{"line":3,"column":22},"end":{"line":3,"column":39}},"loc":{"start":{"line":3,"column":56},"end":{"line":13,"column":1}},"line":3},"1":{"name":"insertNewData","decl":{"start":{"line":15,"column":15},"end":{"line":15,"column":28}},"loc":{"start":{"line":15,"column":55},"end":{"line":41,"column":1}},"line":15}},"branchMap":{"0":{"loc":{"start":{"line":17,"column":4},"end":{"line":20,"column":5}},"type":"if","locations":[{"start":{"line":17,"column":4},"end":{"line":20,"column":5}},{"start":{},"end":{}}],"line":17},"1":{"loc":{"start":{"line":23,"column":4},"end":{"line":26,"column":5}},"type":"if","locations":[{"start":{"line":23,"column":4},"end":{"line":26,"column":5}},{"start":{},"end":{}}],"line":23},"2":{"loc":{"start":{"line":35,"column":8},"end":{"line":37,"column":9}},"type":"if","locations":[{"start":{"line":35,"column":8},"end":{"line":37,"column":9}},{"start":{},"end":{}}],"line":35}},"s":{"0":0,"1":0,"2":0,"3":0,"4":0,"5":0,"6":0,"7":0,"8":0,"9":0,"10":0,"11":0,"12":0,"13":0,"14":0,"15":0,"16":0},"f":{"0":0,"1":0},"b":{"0":[0,0],"1":[0,0],"2":[0,0]},"inputSourceMap":null,"_coverageSchema":"1a1c01bbd47fc00a2c39e90264f33305004495a9","hash":"12ae32dd883563343434f305b54add09c01cb732"}
}
