{"/Users/nicolaischultz/Documents/GitHub/P1-project/p1project/p2-native/public/js/admin/admin.js": {"path":"/Users/nicolaischultz/Documents/GitHub/P1-project/p1project/p2-native/public/js/admin/admin.js","statementMap":{"0":{"start":{"line":2,"column":0},"end":{"line":6,"column":1}},"1":{"start":{"line":3,"column":2},"end":{"line":5,"column":5}},"2":{"start":{"line":4,"column":4},"end":{"line":4,"column":17}},"3":{"start":{"line":9,"column":2},"end":{"line":34,"column":3}},"4":{"start":{"line":10,"column":21},"end":{"line":16,"column":6}},"5":{"start":{"line":18,"column":4},"end":{"line":21,"column":5}},"6":{"start":{"line":19,"column":6},"end":{"line":19,"column":68}},"7":{"start":{"line":20,"column":6},"end":{"line":20,"column":18}},"8":{"start":{"line":23,"column":17},"end":{"line":23,"column":38}},"9":{"start":{"line":25,"column":4},"end":{"line":30,"column":5}},"10":{"start":{"line":26,"column":6},"end":{"line":26,"column":25}},"11":{"start":{"line":28,"column":6},"end":{"line":28,"column":45}},"12":{"start":{"line":29,"column":6},"end":{"line":29,"column":18}},"13":{"start":{"line":32,"column":4},"end":{"line":32,"column":52}},"14":{"start":{"line":33,"column":4},"end":{"line":33,"column":16}},"15":{"start":{"line":39,"column":18},"end":{"line":39,"column":47}},"16":{"start":{"line":40,"column":19},"end":{"line":40,"column":52}},"17":{"start":{"line":42,"column":33},"end":{"line":42,"column":80}},"18":{"start":{"line":43,"column":4},"end":{"line":43,"column":24}},"19":{"start":{"line":44,"column":16},"end":{"line":44,"column":17}},"20":{"start":{"line":45,"column":4},"end":{"line":52,"column":7}},"21":{"start":{"line":49,"column":8},"end":{"line":51,"column":9}},"22":{"start":{"line":50,"column":12},"end":{"line":50,"column":20}},"23":{"start":{"line":53,"column":4},"end":{"line":53,"column":81}},"24":{"start":{"line":58,"column":4},"end":{"line":70,"column":7}},"25":{"start":{"line":64,"column":22},"end":{"line":64,"column":37}},"26":{"start":{"line":66,"column":8},"end":{"line":66,"column":28}},"27":{"start":{"line":69,"column":8},"end":{"line":69,"column":73}}},"fnMap":{"0":{"name":"(anonymous_0)","decl":{"start":{"line":3,"column":48},"end":{"line":3,"column":49}},"loc":{"start":{"line":3,"column":60},"end":{"line":5,"column":3}},"line":3},"1":{"name":"fetchUserIdFromToken","decl":{"start":{"line":8,"column":22},"end":{"line":8,"column":42}},"loc":{"start":{"line":8,"column":50},"end":{"line":35,"column":1}},"line":8},"2":{"name":"displayFromDB","decl":{"start":{"line":37,"column":22},"end":{"line":37,"column":35}},"loc":{"start":{"line":37,"column":41},"end":{"line":54,"column":1}},"line":37},"3":{"name":"(anonymous_3)","decl":{"start":{"line":45,"column":17},"end":{"line":45,"column":18}},"loc":{"start":{"line":45,"column":29},"end":{"line":52,"column":5}},"line":45},"4":{"name":"readFromDB","decl":{"start":{"line":57,"column":15},"end":{"line":57,"column":25}},"loc":{"start":{"line":57,"column":28},"end":{"line":71,"column":1}},"line":57},"5":{"name":"(anonymous_5)","decl":{"start":{"line":64,"column":10},"end":{"line":64,"column":11}},"loc":{"start":{"line":64,"column":22},"end":{"line":64,"column":37}},"line":64},"6":{"name":"(anonymous_6)","decl":{"start":{"line":65,"column":10},"end":{"line":65,"column":11}},"loc":{"start":{"line":65,"column":18},"end":{"line":67,"column":5}},"line":65},"7":{"name":"(anonymous_7)","decl":{"start":{"line":68,"column":11},"end":{"line":68,"column":12}},"loc":{"start":{"line":68,"column":20},"end":{"line":70,"column":5}},"line":68}},"branchMap":{"0":{"loc":{"start":{"line":2,"column":0},"end":{"line":6,"column":1}},"type":"if","locations":[{"start":{"line":2,"column":0},"end":{"line":6,"column":1}},{"start":{},"end":{}}],"line":2},"1":{"loc":{"start":{"line":18,"column":4},"end":{"line":21,"column":5}},"type":"if","locations":[{"start":{"line":18,"column":4},"end":{"line":21,"column":5}},{"start":{},"end":{}}],"line":18},"2":{"loc":{"start":{"line":25,"column":4},"end":{"line":30,"column":5}},"type":"if","locations":[{"start":{"line":25,"column":4},"end":{"line":30,"column":5}},{"start":{"line":27,"column":11},"end":{"line":30,"column":5}}],"line":25},"3":{"loc":{"start":{"line":49,"column":8},"end":{"line":51,"column":9}},"type":"if","locations":[{"start":{"line":49,"column":8},"end":{"line":51,"column":9}},{"start":{},"end":{}}],"line":49}},"s":{"0":2,"1":0,"2":0,"3":0,"4":0,"5":0,"6":0,"7":0,"8":0,"9":0,"10":0,"11":0,"12":0,"13":0,"14":0,"15":0,"16":0,"17":0,"18":0,"19":0,"20":0,"21":0,"22":0,"23":0,"24":0,"25":0,"26":0,"27":0},"f":{"0":0,"1":0,"2":0,"3":0,"4":0,"5":0,"6":0,"7":0},"b":{"0":[0,2],"1":[0,0],"2":[0,0],"3":[0,0]},"inputSourceMap":null,"_coverageSchema":"1a1c01bbd47fc00a2c39e90264f33305004495a9","hash":"a58a0835a9bbd6696fc27fd7c199157e49e50e70"}
,"/Users/nicolaischultz/Documents/GitHub/P1-project/p1project/p2-native/public/js/testing/unitTestSnippets/onLoadTest.js": {"path":"/Users/nicolaischultz/Documents/GitHub/P1-project/p1project/p2-native/public/js/testing/unitTestSnippets/onLoadTest.js","statementMap":{"0":{"start":{"line":4,"column":15},"end":{"line":4,"column":16}},"1":{"start":{"line":5,"column":22},"end":{"line":5,"column":38}},"2":{"start":{"line":6,"column":18},"end":{"line":6,"column":84}},"3":{"start":{"line":6,"column":58},"end":{"line":6,"column":83}},"4":{"start":{"line":7,"column":23},"end":{"line":7,"column":78}},"5":{"start":{"line":7,"column":55},"end":{"line":7,"column":77}},"6":{"start":{"line":8,"column":18},"end":{"line":15,"column":6}},"7":{"start":{"line":9,"column":24},"end":{"line":9,"column":38}},"8":{"start":{"line":10,"column":21},"end":{"line":10,"column":23}},"9":{"start":{"line":11,"column":8},"end":{"line":13,"column":11}},"10":{"start":{"line":12,"column":12},"end":{"line":12,"column":45}},"11":{"start":{"line":14,"column":8},"end":{"line":14,"column":22}},"12":{"start":{"line":16,"column":4},"end":{"line":16,"column":19}}},"fnMap":{"0":{"name":"onLoadTest","decl":{"start":{"line":1,"column":16},"end":{"line":1,"column":26}},"loc":{"start":{"line":1,"column":30},"end":{"line":17,"column":1}},"line":1},"1":{"name":"(anonymous_1)","decl":{"start":{"line":6,"column":48},"end":{"line":6,"column":49}},"loc":{"start":{"line":6,"column":58},"end":{"line":6,"column":83}},"line":6},"2":{"name":"(anonymous_2)","decl":{"start":{"line":7,"column":48},"end":{"line":7,"column":49}},"loc":{"start":{"line":7,"column":55},"end":{"line":7,"column":77}},"line":7},"3":{"name":"(anonymous_3)","decl":{"start":{"line":8,"column":35},"end":{"line":8,"column":36}},"loc":{"start":{"line":8,"column":42},"end":{"line":15,"column":5}},"line":8},"4":{"name":"(anonymous_4)","decl":{"start":{"line":11,"column":24},"end":{"line":11,"column":25}},"loc":{"start":{"line":11,"column":44},"end":{"line":13,"column":9}},"line":11}},"branchMap":{},"s":{"0":1,"1":1,"2":1,"3":2,"4":1,"5":2,"6":1,"7":2,"8":2,"9":2,"10":4,"11":2,"12":1},"f":{"0":1,"1":2,"2":2,"3":2,"4":4},"b":{},"inputSourceMap":null,"_coverageSchema":"1a1c01bbd47fc00a2c39e90264f33305004495a9","hash":"a09f28aa66ffd28e32aa7af21a34cd2871dcbf4c"}
,"/Users/nicolaischultz/Documents/GitHub/P1-project/p1project/p2-native/server/dbserver.js": {"path":"/Users/nicolaischultz/Documents/GitHub/P1-project/p1project/p2-native/server/dbserver.js","statementMap":{"0":{"start":{"line":3,"column":0},"end":{"line":3,"column":16}},"1":{"start":{"line":7,"column":13},"end":{"line":16,"column":12}},"2":{"start":{"line":20,"column":17},"end":{"line":20,"column":65}},"3":{"start":{"line":23,"column":15},"end":{"line":23,"column":24}},"4":{"start":{"line":25,"column":2},"end":{"line":25,"column":14}},"5":{"start":{"line":31,"column":17},"end":{"line":31,"column":65}},"6":{"start":{"line":34,"column":15},"end":{"line":34,"column":24}},"7":{"start":{"line":36,"column":2},"end":{"line":36,"column":14}},"8":{"start":{"line":40,"column":17},"end":{"line":40,"column":65}},"9":{"start":{"line":43,"column":15},"end":{"line":43,"column":24}},"10":{"start":{"line":45,"column":2},"end":{"line":45,"column":14}},"11":{"start":{"line":50,"column":17},"end":{"line":52,"column":4}},"12":{"start":{"line":53,"column":15},"end":{"line":53,"column":24}},"13":{"start":{"line":54,"column":2},"end":{"line":54,"column":17}},"14":{"start":{"line":58,"column":17},"end":{"line":60,"column":4}},"15":{"start":{"line":61,"column":15},"end":{"line":61,"column":24}},"16":{"start":{"line":62,"column":2},"end":{"line":62,"column":17}},"17":{"start":{"line":67,"column":17},"end":{"line":69,"column":4}},"18":{"start":{"line":70,"column":15},"end":{"line":70,"column":24}},"19":{"start":{"line":71,"column":2},"end":{"line":71,"column":17}},"20":{"start":{"line":75,"column":2},"end":{"line":89,"column":3}},"21":{"start":{"line":77,"column":27},"end":{"line":77,"column":101}},"22":{"start":{"line":78,"column":28},"end":{"line":78,"column":93}},"23":{"start":{"line":80,"column":4},"end":{"line":85,"column":6}},"24":{"start":{"line":87,"column":4},"end":{"line":87,"column":50}},"25":{"start":{"line":88,"column":4},"end":{"line":88,"column":14}},"26":{"start":{"line":94,"column":57},"end":{"line":94,"column":64}},"27":{"start":{"line":112,"column":6},"end":{"line":112,"column":13}},"28":{"start":{"line":114,"column":23},"end":{"line":126,"column":3}},"29":{"start":{"line":129,"column":19},"end":{"line":129,"column":43}},"30":{"start":{"line":131,"column":24},"end":{"line":168,"column":3}},"31":{"start":{"line":173,"column":29},"end":{"line":173,"column":55}},"32":{"start":{"line":176,"column":36},"end":{"line":176,"column":69}},"33":{"start":{"line":178,"column":2},"end":{"line":181,"column":3}},"34":{"start":{"line":188,"column":19},"end":{"line":188,"column":65}},"35":{"start":{"line":191,"column":17},"end":{"line":191,"column":26}},"36":{"start":{"line":192,"column":4},"end":{"line":192,"column":22}},"37":{"start":{"line":193,"column":4},"end":{"line":193,"column":16}},"38":{"start":{"line":204,"column":8},"end":{"line":204,"column":13}},"39":{"start":{"line":207,"column":25},"end":{"line":226,"column":5}},"40":{"start":{"line":229,"column":21},"end":{"line":229,"column":42}},"41":{"start":{"line":230,"column":4},"end":{"line":230,"column":31}}},"fnMap":{"0":{"name":"getProducts","decl":{"start":{"line":19,"column":22},"end":{"line":19,"column":33}},"loc":{"start":{"line":19,"column":36},"end":{"line":26,"column":1}},"line":19},"1":{"name":"getRecommendedProducts","decl":{"start":{"line":30,"column":22},"end":{"line":30,"column":44}},"loc":{"start":{"line":30,"column":47},"end":{"line":37,"column":1}},"line":30},"2":{"name":"getLikedProducts","decl":{"start":{"line":39,"column":22},"end":{"line":39,"column":38}},"loc":{"start":{"line":39,"column":41},"end":{"line":46,"column":1}},"line":39},"3":{"name":"getProduct","decl":{"start":{"line":48,"column":22},"end":{"line":48,"column":32}},"loc":{"start":{"line":48,"column":37},"end":{"line":55,"column":1}},"line":48},"4":{"name":"getEvent","decl":{"start":{"line":56,"column":22},"end":{"line":56,"column":30}},"loc":{"start":{"line":56,"column":35},"end":{"line":63,"column":1}},"line":56},"5":{"name":"getProductFilters","decl":{"start":{"line":65,"column":22},"end":{"line":65,"column":39}},"loc":{"start":{"line":65,"column":44},"end":{"line":72,"column":1}},"line":65},"6":{"name":"deleteProduct","decl":{"start":{"line":74,"column":22},"end":{"line":74,"column":35}},"loc":{"start":{"line":74,"column":40},"end":{"line":90,"column":1}},"line":74},"7":{"name":"createProduct","decl":{"start":{"line":92,"column":22},"end":{"line":92,"column":35}},"loc":{"start":{"line":92,"column":45},"end":{"line":182,"column":1}},"line":92},"8":{"name":"getEvents","decl":{"start":{"line":187,"column":22},"end":{"line":187,"column":31}},"loc":{"start":{"line":187,"column":34},"end":{"line":194,"column":1}},"line":187},"9":{"name":"createEvent","decl":{"start":{"line":196,"column":22},"end":{"line":196,"column":33}},"loc":{"start":{"line":196,"column":41},"end":{"line":231,"column":1}},"line":196}},"branchMap":{},"s":{"0":2,"1":2,"2":2,"3":2,"4":2,"5":1,"6":1,"7":1,"8":1,"9":1,"10":1,"11":103,"12":103,"13":103,"14":1,"15":1,"16":1,"17":1,"18":1,"19":1,"20":0,"21":0,"22":0,"23":0,"24":0,"25":0,"26":1,"27":1,"28":1,"29":1,"30":1,"31":1,"32":1,"33":1,"34":1,"35":1,"36":1,"37":1,"38":1,"39":1,"40":0,"41":0},"f":{"0":2,"1":1,"2":1,"3":103,"4":1,"5":1,"6":0,"7":1,"8":1,"9":1},"b":{},"inputSourceMap":null,"_coverageSchema":"1a1c01bbd47fc00a2c39e90264f33305004495a9","hash":"743a5761bd7dece153f6790281a2806d53b137ee"}
,"/Users/nicolaischultz/Documents/GitHub/P1-project/p1project/p2-native/server/router.js": {"path":"/Users/nicolaischultz/Documents/GitHub/P1-project/p1project/p2-native/server/router.js","statementMap":{"0":{"start":{"line":35,"column":19},"end":{"line":35,"column":49}},"1":{"start":{"line":36,"column":18},"end":{"line":36,"column":42}},"2":{"start":{"line":39,"column":0},"end":{"line":39,"column":60}},"3":{"start":{"line":41,"column":9},"end":{"line":47,"column":2}},"4":{"start":{"line":49,"column":0},"end":{"line":55,"column":3}},"5":{"start":{"line":50,"column":4},"end":{"line":53,"column":5}},"6":{"start":{"line":51,"column":8},"end":{"line":51,"column":58}},"7":{"start":{"line":52,"column":8},"end":{"line":52,"column":15}},"8":{"start":{"line":54,"column":4},"end":{"line":54,"column":38}},"9":{"start":{"line":58,"column":0},"end":{"line":58,"column":16}},"10":{"start":{"line":59,"column":15},"end":{"line":59,"column":52}},"11":{"start":{"line":60,"column":23},"end":{"line":60,"column":49}},"12":{"start":{"line":65,"column":4},"end":{"line":65,"column":54}},"13":{"start":{"line":67,"column":18},"end":{"line":67,"column":52}},"14":{"start":{"line":68,"column":14},"end":{"line":68,"column":39}},"15":{"start":{"line":70,"column":20},"end":{"line":70,"column":52}},"16":{"start":{"line":72,"column":4},"end":{"line":712,"column":5}},"17":{"start":{"line":74,"column":31},"end":{"line":74,"column":51}},"18":{"start":{"line":75,"column":12},"end":{"line":530,"column":13}},"19":{"start":{"line":77,"column":20},"end":{"line":97,"column":60}},"20":{"start":{"line":80,"column":28},"end":{"line":91,"column":31}},"21":{"start":{"line":81,"column":32},"end":{"line":81,"column":55}},"22":{"start":{"line":92,"column":28},"end":{"line":92,"column":87}},"23":{"start":{"line":93,"column":28},"end":{"line":95,"column":30}},"24":{"start":{"line":97,"column":40},"end":{"line":97,"column":58}},"25":{"start":{"line":98,"column":20},"end":{"line":98,"column":26}},"26":{"start":{"line":100,"column":20},"end":{"line":121,"column":27}},"27":{"start":{"line":102,"column":28},"end":{"line":115,"column":29}},"28":{"start":{"line":103,"column":47},"end":{"line":103,"column":77}},"29":{"start":{"line":104,"column":32},"end":{"line":104,"column":91}},"30":{"start":{"line":105,"column":32},"end":{"line":110,"column":34}},"31":{"start":{"line":112,"column":32},"end":{"line":112,"column":78}},"32":{"start":{"line":113,"column":32},"end":{"line":113,"column":91}},"33":{"start":{"line":114,"column":32},"end":{"line":114,"column":95}},"34":{"start":{"line":118,"column":28},"end":{"line":118,"column":78}},"35":{"start":{"line":119,"column":28},"end":{"line":119,"column":87}},"36":{"start":{"line":120,"column":28},"end":{"line":120,"column":88}},"37":{"start":{"line":122,"column":20},"end":{"line":122,"column":26}},"38":{"start":{"line":124,"column":20},"end":{"line":149,"column":27}},"39":{"start":{"line":126,"column":28},"end":{"line":143,"column":35}},"40":{"start":{"line":128,"column":36},"end":{"line":128,"column":95}},"41":{"start":{"line":129,"column":36},"end":{"line":133,"column":38}},"42":{"start":{"line":136,"column":36},"end":{"line":136,"column":87}},"43":{"start":{"line":137,"column":36},"end":{"line":137,"column":95}},"44":{"start":{"line":138,"column":36},"end":{"line":142,"column":38}},"45":{"start":{"line":146,"column":28},"end":{"line":146,"column":78}},"46":{"start":{"line":147,"column":28},"end":{"line":147,"column":87}},"47":{"start":{"line":148,"column":28},"end":{"line":148,"column":88}},"48":{"start":{"line":150,"column":20},"end":{"line":150,"column":26}},"49":{"start":{"line":152,"column":20},"end":{"line":164,"column":63}},"50":{"start":{"line":155,"column":28},"end":{"line":158,"column":31}},"51":{"start":{"line":157,"column":32},"end":{"line":157,"column":51}},"52":{"start":{"line":159,"column":28},"end":{"line":159,"column":87}},"53":{"start":{"line":160,"column":28},"end":{"line":162,"column":30}},"54":{"start":{"line":164,"column":40},"end":{"line":164,"column":61}},"55":{"start":{"line":165,"column":20},"end":{"line":165,"column":26}},"56":{"start":{"line":168,"column":31},"end":{"line":168,"column":33}},"57":{"start":{"line":169,"column":20},"end":{"line":169,"column":74}},"58":{"start":{"line":169,"column":47},"end":{"line":169,"column":71}},"59":{"start":{"line":170,"column":20},"end":{"line":211,"column":23}},"60":{"start":{"line":171,"column":24},"end":{"line":210,"column":25}},"61":{"start":{"line":172,"column":66},"end":{"line":172,"column":82}},"62":{"start":{"line":173,"column":28},"end":{"line":177,"column":29}},"63":{"start":{"line":174,"column":32},"end":{"line":174,"column":91}},"64":{"start":{"line":175,"column":32},"end":{"line":175,"column":83}},"65":{"start":{"line":176,"column":32},"end":{"line":176,"column":39}},"66":{"start":{"line":179,"column":44},"end":{"line":198,"column":30}},"67":{"start":{"line":199,"column":28},"end":{"line":202,"column":31}},"68":{"start":{"line":203,"column":28},"end":{"line":203,"column":74}},"69":{"start":{"line":205,"column":28},"end":{"line":208,"column":31}},"70":{"start":{"line":209,"column":28},"end":{"line":209,"column":76}},"71":{"start":{"line":213,"column":20},"end":{"line":213,"column":27}},"72":{"start":{"line":217,"column":47},"end":{"line":217,"column":49}},"73":{"start":{"line":219,"column":20},"end":{"line":219,"column":90}},"74":{"start":{"line":219,"column":47},"end":{"line":219,"column":87}},"75":{"start":{"line":220,"column":20},"end":{"line":238,"column":23}},"76":{"start":{"line":221,"column":24},"end":{"line":237,"column":25}},"77":{"start":{"line":223,"column":32},"end":{"line":223,"column":64}},"78":{"start":{"line":224,"column":46},"end":{"line":224,"column":91}},"79":{"start":{"line":224,"column":79},"end":{"line":224,"column":88}},"80":{"start":{"line":225,"column":28},"end":{"line":231,"column":30}},"81":{"start":{"line":232,"column":28},"end":{"line":232,"column":87}},"82":{"start":{"line":233,"column":28},"end":{"line":233,"column":71}},"83":{"start":{"line":235,"column":28},"end":{"line":235,"column":87}},"84":{"start":{"line":236,"column":28},"end":{"line":236,"column":76}},"85":{"start":{"line":239,"column":20},"end":{"line":239,"column":26}},"86":{"start":{"line":241,"column":37},"end":{"line":241,"column":39}},"87":{"start":{"line":243,"column":20},"end":{"line":245,"column":23}},"88":{"start":{"line":244,"column":24},"end":{"line":244,"column":55}},"89":{"start":{"line":246,"column":20},"end":{"line":305,"column":23}},"90":{"start":{"line":247,"column":24},"end":{"line":304,"column":25}},"91":{"start":{"line":248,"column":46},"end":{"line":248,"column":68}},"92":{"start":{"line":250,"column":28},"end":{"line":253,"column":29}},"93":{"start":{"line":251,"column":32},"end":{"line":251,"column":91}},"94":{"start":{"line":252,"column":32},"end":{"line":252,"column":91}},"95":{"start":{"line":255,"column":28},"end":{"line":263,"column":29}},"96":{"start":{"line":257,"column":32},"end":{"line":257,"column":76}},"97":{"start":{"line":260,"column":32},"end":{"line":260,"column":88}},"98":{"start":{"line":261,"column":32},"end":{"line":261,"column":91}},"99":{"start":{"line":262,"column":32},"end":{"line":262,"column":91}},"100":{"start":{"line":264,"column":43},"end":{"line":264,"column":53}},"101":{"start":{"line":266,"column":28},"end":{"line":299,"column":30}},"102":{"start":{"line":270,"column":36},"end":{"line":276,"column":37}},"103":{"start":{"line":271,"column":40},"end":{"line":271,"column":86}},"104":{"start":{"line":272,"column":40},"end":{"line":274,"column":43}},"105":{"start":{"line":275,"column":40},"end":{"line":275,"column":99}},"106":{"start":{"line":278,"column":36},"end":{"line":283,"column":37}},"107":{"start":{"line":279,"column":40},"end":{"line":281,"column":43}},"108":{"start":{"line":282,"column":40},"end":{"line":282,"column":99}},"109":{"start":{"line":285,"column":49},"end":{"line":285,"column":59}},"110":{"start":{"line":288,"column":52},"end":{"line":288,"column":68}},"111":{"start":{"line":290,"column":36},"end":{"line":290,"column":95}},"112":{"start":{"line":291,"column":36},"end":{"line":297,"column":38}},"113":{"start":{"line":301,"column":28},"end":{"line":301,"column":78}},"114":{"start":{"line":302,"column":28},"end":{"line":302,"column":87}},"115":{"start":{"line":303,"column":28},"end":{"line":303,"column":80}},"116":{"start":{"line":306,"column":20},"end":{"line":306,"column":26}},"117":{"start":{"line":308,"column":42},"end":{"line":308,"column":44}},"118":{"start":{"line":310,"column":20},"end":{"line":312,"column":23}},"119":{"start":{"line":311,"column":24},"end":{"line":311,"column":60}},"120":{"start":{"line":313,"column":20},"end":{"line":325,"column":23}},"121":{"start":{"line":314,"column":24},"end":{"line":324,"column":25}},"122":{"start":{"line":315,"column":56},"end":{"line":315,"column":83}},"123":{"start":{"line":317,"column":28},"end":{"line":320,"column":30}},"124":{"start":{"line":322,"column":28},"end":{"line":322,"column":87}},"125":{"start":{"line":323,"column":28},"end":{"line":323,"column":88}},"126":{"start":{"line":326,"column":20},"end":{"line":326,"column":26}},"127":{"start":{"line":328,"column":37},"end":{"line":328,"column":39}},"128":{"start":{"line":331,"column":20},"end":{"line":333,"column":23}},"129":{"start":{"line":332,"column":24},"end":{"line":332,"column":55}},"130":{"start":{"line":335,"column":20},"end":{"line":409,"column":23}},"131":{"start":{"line":336,"column":24},"end":{"line":408,"column":25}},"132":{"start":{"line":337,"column":62},"end":{"line":337,"column":84}},"133":{"start":{"line":339,"column":28},"end":{"line":344,"column":29}},"134":{"start":{"line":340,"column":32},"end":{"line":340,"column":91}},"135":{"start":{"line":341,"column":32},"end":{"line":343,"column":34}},"136":{"start":{"line":347,"column":51},"end":{"line":347,"column":82}},"137":{"start":{"line":350,"column":28},"end":{"line":404,"column":30}},"138":{"start":{"line":354,"column":36},"end":{"line":366,"column":37}},"139":{"start":{"line":355,"column":40},"end":{"line":358,"column":42}},"140":{"start":{"line":359,"column":40},"end":{"line":359,"column":99}},"141":{"start":{"line":360,"column":40},"end":{"line":365,"column":42}},"142":{"start":{"line":368,"column":51},"end":{"line":368,"column":66}},"143":{"start":{"line":370,"column":36},"end":{"line":402,"column":38}},"144":{"start":{"line":378,"column":44},"end":{"line":391,"column":45}},"145":{"start":{"line":379,"column":48},"end":{"line":382,"column":50}},"146":{"start":{"line":383,"column":48},"end":{"line":385,"column":51}},"147":{"start":{"line":386,"column":48},"end":{"line":390,"column":50}},"148":{"start":{"line":393,"column":44},"end":{"line":395,"column":47}},"149":{"start":{"line":396,"column":44},"end":{"line":400,"column":46}},"150":{"start":{"line":406,"column":28},"end":{"line":406,"column":87}},"151":{"start":{"line":407,"column":28},"end":{"line":407,"column":93}},"152":{"start":{"line":410,"column":20},"end":{"line":410,"column":26}},"153":{"start":{"line":413,"column":36},"end":{"line":413,"column":38}},"154":{"start":{"line":416,"column":20},"end":{"line":418,"column":23}},"155":{"start":{"line":417,"column":24},"end":{"line":417,"column":54}},"156":{"start":{"line":420,"column":20},"end":{"line":525,"column":23}},"157":{"start":{"line":421,"column":24},"end":{"line":524,"column":25}},"158":{"start":{"line":422,"column":56},"end":{"line":422,"column":77}},"159":{"start":{"line":424,"column":28},"end":{"line":434,"column":29}},"160":{"start":{"line":425,"column":32},"end":{"line":432,"column":33}},"161":{"start":{"line":426,"column":36},"end":{"line":426,"column":95}},"162":{"start":{"line":427,"column":36},"end":{"line":431,"column":38}},"163":{"start":{"line":433,"column":32},"end":{"line":433,"column":39}},"164":{"start":{"line":437,"column":28},"end":{"line":517,"column":30}},"165":{"start":{"line":441,"column":36},"end":{"line":452,"column":37}},"166":{"start":{"line":442,"column":40},"end":{"line":442,"column":78}},"167":{"start":{"line":443,"column":40},"end":{"line":450,"column":41}},"168":{"start":{"line":444,"column":44},"end":{"line":446,"column":47}},"169":{"start":{"line":447,"column":44},"end":{"line":449,"column":46}},"170":{"start":{"line":451,"column":40},"end":{"line":451,"column":47}},"171":{"start":{"line":454,"column":36},"end":{"line":466,"column":37}},"172":{"start":{"line":455,"column":40},"end":{"line":464,"column":41}},"173":{"start":{"line":456,"column":44},"end":{"line":458,"column":47}},"174":{"start":{"line":459,"column":44},"end":{"line":463,"column":46}},"175":{"start":{"line":465,"column":40},"end":{"line":465,"column":47}},"176":{"start":{"line":468,"column":49},"end":{"line":468,"column":59}},"177":{"start":{"line":471,"column":36},"end":{"line":515,"column":39}},"178":{"start":{"line":472,"column":40},"end":{"line":485,"column":41}},"179":{"start":{"line":473,"column":44},"end":{"line":473,"column":80}},"180":{"start":{"line":474,"column":44},"end":{"line":483,"column":45}},"181":{"start":{"line":475,"column":48},"end":{"line":477,"column":51}},"182":{"start":{"line":478,"column":48},"end":{"line":482,"column":50}},"183":{"start":{"line":484,"column":44},"end":{"line":484,"column":51}},"184":{"start":{"line":488,"column":40},"end":{"line":514,"column":41}},"185":{"start":{"line":489,"column":58},"end":{"line":491,"column":46}},"186":{"start":{"line":492,"column":44},"end":{"line":502,"column":45}},"187":{"start":{"line":493,"column":48},"end":{"line":495,"column":51}},"188":{"start":{"line":496,"column":48},"end":{"line":501,"column":50}},"189":{"start":{"line":504,"column":44},"end":{"line":513,"column":45}},"190":{"start":{"line":505,"column":48},"end":{"line":507,"column":51}},"191":{"start":{"line":508,"column":48},"end":{"line":512,"column":50}},"192":{"start":{"line":519,"column":28},"end":{"line":519,"column":65}},"193":{"start":{"line":520,"column":28},"end":{"line":523,"column":29}},"194":{"start":{"line":521,"column":32},"end":{"line":521,"column":91}},"195":{"start":{"line":522,"column":32},"end":{"line":522,"column":92}},"196":{"start":{"line":526,"column":20},"end":{"line":526,"column":26}},"197":{"start":{"line":529,"column":20},"end":{"line":529,"column":60}},"198":{"start":{"line":532,"column":12},"end":{"line":532,"column":18}},"199":{"start":{"line":537,"column":35},"end":{"line":537,"column":55}},"200":{"start":{"line":540,"column":32},"end":{"line":542,"column":31}},"201":{"start":{"line":545,"column":16},"end":{"line":707,"column":17}},"202":{"start":{"line":548,"column":24},"end":{"line":548,"column":79}},"203":{"start":{"line":549,"column":24},"end":{"line":549,"column":30}},"204":{"start":{"line":552,"column":24},"end":{"line":560,"column":25}},"205":{"start":{"line":553,"column":45},"end":{"line":553,"column":64}},"206":{"start":{"line":554,"column":28},"end":{"line":554,"column":87}},"207":{"start":{"line":555,"column":28},"end":{"line":555,"column":62}},"208":{"start":{"line":557,"column":28},"end":{"line":557,"column":77}},"209":{"start":{"line":558,"column":28},"end":{"line":558,"column":87}},"210":{"start":{"line":559,"column":28},"end":{"line":559,"column":91}},"211":{"start":{"line":561,"column":24},"end":{"line":561,"column":30}},"212":{"start":{"line":563,"column":24},"end":{"line":571,"column":25}},"213":{"start":{"line":564,"column":43},"end":{"line":564,"column":60}},"214":{"start":{"line":565,"column":28},"end":{"line":565,"column":87}},"215":{"start":{"line":566,"column":28},"end":{"line":566,"column":60}},"216":{"start":{"line":568,"column":28},"end":{"line":568,"column":75}},"217":{"start":{"line":569,"column":28},"end":{"line":569,"column":87}},"218":{"start":{"line":570,"column":28},"end":{"line":570,"column":89}},"219":{"start":{"line":572,"column":24},"end":{"line":572,"column":30}},"220":{"start":{"line":574,"column":42},"end":{"line":574,"column":88}},"221":{"start":{"line":575,"column":39},"end":{"line":575,"column":85}},"222":{"start":{"line":577,"column":24},"end":{"line":581,"column":25}},"223":{"start":{"line":578,"column":28},"end":{"line":578,"column":87}},"224":{"start":{"line":579,"column":28},"end":{"line":579,"column":56}},"225":{"start":{"line":580,"column":28},"end":{"line":580,"column":34}},"226":{"start":{"line":583,"column":24},"end":{"line":592,"column":31}},"227":{"start":{"line":585,"column":32},"end":{"line":585,"column":91}},"228":{"start":{"line":586,"column":32},"end":{"line":586,"column":73}},"229":{"start":{"line":589,"column":32},"end":{"line":589,"column":88}},"230":{"start":{"line":590,"column":32},"end":{"line":590,"column":91}},"231":{"start":{"line":591,"column":32},"end":{"line":591,"column":60}},"232":{"start":{"line":594,"column":24},"end":{"line":594,"column":30}},"233":{"start":{"line":596,"column":47},"end":{"line":599,"column":25}},"234":{"start":{"line":600,"column":44},"end":{"line":602,"column":25}},"235":{"start":{"line":604,"column":24},"end":{"line":608,"column":25}},"236":{"start":{"line":605,"column":28},"end":{"line":605,"column":87}},"237":{"start":{"line":606,"column":28},"end":{"line":606,"column":56}},"238":{"start":{"line":607,"column":28},"end":{"line":607,"column":34}},"239":{"start":{"line":610,"column":24},"end":{"line":619,"column":31}},"240":{"start":{"line":612,"column":32},"end":{"line":612,"column":91}},"241":{"start":{"line":613,"column":32},"end":{"line":613,"column":73}},"242":{"start":{"line":616,"column":32},"end":{"line":616,"column":88}},"243":{"start":{"line":617,"column":32},"end":{"line":617,"column":91}},"244":{"start":{"line":618,"column":32},"end":{"line":618,"column":60}},"245":{"start":{"line":621,"column":24},"end":{"line":621,"column":30}},"246":{"start":{"line":623,"column":46},"end":{"line":626,"column":25}},"247":{"start":{"line":627,"column":39},"end":{"line":627,"column":89}},"248":{"start":{"line":629,"column":24},"end":{"line":633,"column":25}},"249":{"start":{"line":630,"column":28},"end":{"line":630,"column":87}},"250":{"start":{"line":631,"column":28},"end":{"line":631,"column":56}},"251":{"start":{"line":632,"column":28},"end":{"line":632,"column":34}},"252":{"start":{"line":635,"column":24},"end":{"line":644,"column":31}},"253":{"start":{"line":637,"column":32},"end":{"line":637,"column":91}},"254":{"start":{"line":638,"column":32},"end":{"line":638,"column":70}},"255":{"start":{"line":641,"column":32},"end":{"line":641,"column":85}},"256":{"start":{"line":642,"column":32},"end":{"line":642,"column":91}},"257":{"start":{"line":643,"column":32},"end":{"line":643,"column":60}},"258":{"start":{"line":646,"column":24},"end":{"line":646,"column":30}},"259":{"start":{"line":648,"column":24},"end":{"line":672,"column":25}},"260":{"start":{"line":649,"column":46},"end":{"line":652,"column":52}},"261":{"start":{"line":653,"column":28},"end":{"line":657,"column":29}},"262":{"start":{"line":654,"column":32},"end":{"line":654,"column":91}},"263":{"start":{"line":655,"column":32},"end":{"line":655,"column":93}},"264":{"start":{"line":656,"column":32},"end":{"line":656,"column":39}},"265":{"start":{"line":659,"column":44},"end":{"line":659,"column":71}},"266":{"start":{"line":660,"column":28},"end":{"line":664,"column":29}},"267":{"start":{"line":661,"column":32},"end":{"line":661,"column":91}},"268":{"start":{"line":662,"column":32},"end":{"line":662,"column":88}},"269":{"start":{"line":663,"column":32},"end":{"line":663,"column":39}},"270":{"start":{"line":666,"column":28},"end":{"line":666,"column":87}},"271":{"start":{"line":667,"column":28},"end":{"line":667,"column":61}},"272":{"start":{"line":669,"column":28},"end":{"line":669,"column":76}},"273":{"start":{"line":670,"column":28},"end":{"line":670,"column":87}},"274":{"start":{"line":671,"column":28},"end":{"line":671,"column":90}},"275":{"start":{"line":673,"column":24},"end":{"line":673,"column":30}},"276":{"start":{"line":675,"column":24},"end":{"line":700,"column":25}},"277":{"start":{"line":676,"column":44},"end":{"line":679,"column":52}},"278":{"start":{"line":681,"column":28},"end":{"line":685,"column":29}},"279":{"start":{"line":682,"column":32},"end":{"line":682,"column":91}},"280":{"start":{"line":683,"column":32},"end":{"line":683,"column":91}},"281":{"start":{"line":684,"column":32},"end":{"line":684,"column":39}},"282":{"start":{"line":686,"column":42},"end":{"line":686,"column":65}},"283":{"start":{"line":688,"column":28},"end":{"line":692,"column":29}},"284":{"start":{"line":689,"column":32},"end":{"line":689,"column":91}},"285":{"start":{"line":690,"column":32},"end":{"line":690,"column":86}},"286":{"start":{"line":691,"column":32},"end":{"line":691,"column":39}},"287":{"start":{"line":694,"column":28},"end":{"line":694,"column":87}},"288":{"start":{"line":695,"column":28},"end":{"line":695,"column":59}},"289":{"start":{"line":697,"column":28},"end":{"line":697,"column":74}},"290":{"start":{"line":698,"column":28},"end":{"line":698,"column":87}},"291":{"start":{"line":699,"column":28},"end":{"line":699,"column":88}},"292":{"start":{"line":701,"column":24},"end":{"line":701,"column":30}},"293":{"start":{"line":705,"column":24},"end":{"line":705,"column":53}},"294":{"start":{"line":706,"column":24},"end":{"line":706,"column":30}},"295":{"start":{"line":709,"column":12},"end":{"line":709,"column":18}},"296":{"start":{"line":711,"column":12},"end":{"line":711,"column":60}}},"fnMap":{"0":{"name":"(anonymous_0)","decl":{"start":{"line":49,"column":11},"end":{"line":49,"column":12}},"loc":{"start":{"line":49,"column":20},"end":{"line":55,"column":1}},"line":49},"1":{"name":"processReq","decl":{"start":{"line":63,"column":15},"end":{"line":63,"column":25}},"loc":{"start":{"line":63,"column":36},"end":{"line":713,"column":1}},"line":63},"2":{"name":"(anonymous_2)","decl":{"start":{"line":79,"column":30},"end":{"line":79,"column":31}},"loc":{"start":{"line":79,"column":47},"end":{"line":96,"column":25}},"line":79},"3":{"name":"(anonymous_3)","decl":{"start":{"line":80,"column":48},"end":{"line":80,"column":49}},"loc":{"start":{"line":80,"column":61},"end":{"line":91,"column":29}},"line":80},"4":{"name":"(anonymous_4)","decl":{"start":{"line":97,"column":31},"end":{"line":97,"column":32}},"loc":{"start":{"line":97,"column":40},"end":{"line":97,"column":58}},"line":97},"5":{"name":"(anonymous_5)","decl":{"start":{"line":101,"column":30},"end":{"line":101,"column":31}},"loc":{"start":{"line":101,"column":55},"end":{"line":116,"column":25}},"line":101},"6":{"name":"(anonymous_6)","decl":{"start":{"line":117,"column":31},"end":{"line":117,"column":32}},"loc":{"start":{"line":117,"column":40},"end":{"line":121,"column":25}},"line":117},"7":{"name":"(anonymous_7)","decl":{"start":{"line":125,"column":30},"end":{"line":125,"column":31}},"loc":{"start":{"line":125,"column":54},"end":{"line":144,"column":25}},"line":125},"8":{"name":"(anonymous_8)","decl":{"start":{"line":127,"column":38},"end":{"line":127,"column":39}},"loc":{"start":{"line":127,"column":44},"end":{"line":134,"column":33}},"line":127},"9":{"name":"(anonymous_9)","decl":{"start":{"line":135,"column":39},"end":{"line":135,"column":40}},"loc":{"start":{"line":135,"column":48},"end":{"line":143,"column":33}},"line":135},"10":{"name":"(anonymous_10)","decl":{"start":{"line":145,"column":31},"end":{"line":145,"column":32}},"loc":{"start":{"line":145,"column":40},"end":{"line":149,"column":25}},"line":145},"11":{"name":"(anonymous_11)","decl":{"start":{"line":154,"column":30},"end":{"line":154,"column":31}},"loc":{"start":{"line":154,"column":48},"end":{"line":163,"column":25}},"line":154},"12":{"name":"(anonymous_12)","decl":{"start":{"line":155,"column":49},"end":{"line":155,"column":50}},"loc":{"start":{"line":155,"column":60},"end":{"line":158,"column":29}},"line":155},"13":{"name":"(anonymous_13)","decl":{"start":{"line":164,"column":31},"end":{"line":164,"column":32}},"loc":{"start":{"line":164,"column":40},"end":{"line":164,"column":61}},"line":164},"14":{"name":"(anonymous_14)","decl":{"start":{"line":169,"column":35},"end":{"line":169,"column":36}},"loc":{"start":{"line":169,"column":47},"end":{"line":169,"column":71}},"line":169},"15":{"name":"(anonymous_15)","decl":{"start":{"line":170,"column":34},"end":{"line":170,"column":35}},"loc":{"start":{"line":170,"column":46},"end":{"line":211,"column":21}},"line":170},"16":{"name":"(anonymous_16)","decl":{"start":{"line":219,"column":35},"end":{"line":219,"column":36}},"loc":{"start":{"line":219,"column":47},"end":{"line":219,"column":87}},"line":219},"17":{"name":"(anonymous_17)","decl":{"start":{"line":220,"column":34},"end":{"line":220,"column":35}},"loc":{"start":{"line":220,"column":46},"end":{"line":238,"column":21}},"line":220},"18":{"name":"(anonymous_18)","decl":{"start":{"line":224,"column":69},"end":{"line":224,"column":70}},"loc":{"start":{"line":224,"column":79},"end":{"line":224,"column":88}},"line":224},"19":{"name":"(anonymous_19)","decl":{"start":{"line":243,"column":35},"end":{"line":243,"column":36}},"loc":{"start":{"line":243,"column":46},"end":{"line":245,"column":21}},"line":243},"20":{"name":"(anonymous_20)","decl":{"start":{"line":246,"column":34},"end":{"line":246,"column":35}},"loc":{"start":{"line":246,"column":46},"end":{"line":305,"column":21}},"line":246},"21":{"name":"(anonymous_21)","decl":{"start":{"line":269,"column":32},"end":{"line":269,"column":33}},"loc":{"start":{"line":269,"column":50},"end":{"line":298,"column":33}},"line":269},"22":{"name":"(anonymous_22)","decl":{"start":{"line":310,"column":35},"end":{"line":310,"column":36}},"loc":{"start":{"line":310,"column":46},"end":{"line":312,"column":21}},"line":310},"23":{"name":"(anonymous_23)","decl":{"start":{"line":313,"column":34},"end":{"line":313,"column":35}},"loc":{"start":{"line":313,"column":46},"end":{"line":325,"column":21}},"line":313},"24":{"name":"(anonymous_24)","decl":{"start":{"line":331,"column":35},"end":{"line":331,"column":36}},"loc":{"start":{"line":331,"column":46},"end":{"line":333,"column":21}},"line":331},"25":{"name":"(anonymous_25)","decl":{"start":{"line":335,"column":34},"end":{"line":335,"column":35}},"loc":{"start":{"line":335,"column":46},"end":{"line":409,"column":21}},"line":335},"26":{"name":"(anonymous_26)","decl":{"start":{"line":353,"column":32},"end":{"line":353,"column":33}},"loc":{"start":{"line":353,"column":49},"end":{"line":403,"column":33}},"line":353},"27":{"name":"(anonymous_27)","decl":{"start":{"line":377,"column":40},"end":{"line":377,"column":41}},"loc":{"start":{"line":377,"column":50},"end":{"line":401,"column":41}},"line":377},"28":{"name":"(anonymous_28)","decl":{"start":{"line":416,"column":35},"end":{"line":416,"column":36}},"loc":{"start":{"line":416,"column":46},"end":{"line":418,"column":21}},"line":416},"29":{"name":"(anonymous_29)","decl":{"start":{"line":420,"column":34},"end":{"line":420,"column":35}},"loc":{"start":{"line":420,"column":40},"end":{"line":525,"column":21}},"line":420},"30":{"name":"(anonymous_30)","decl":{"start":{"line":440,"column":32},"end":{"line":440,"column":33}},"loc":{"start":{"line":440,"column":50},"end":{"line":516,"column":33}},"line":440},"31":{"name":"(anonymous_31)","decl":{"start":{"line":471,"column":76},"end":{"line":471,"column":77}},"loc":{"start":{"line":471,"column":94},"end":{"line":515,"column":37}},"line":471},"32":{"name":"(anonymous_32)","decl":{"start":{"line":584,"column":34},"end":{"line":584,"column":35}},"loc":{"start":{"line":584,"column":55},"end":{"line":587,"column":29}},"line":584},"33":{"name":"(anonymous_33)","decl":{"start":{"line":588,"column":35},"end":{"line":588,"column":36}},"loc":{"start":{"line":588,"column":44},"end":{"line":592,"column":29}},"line":588},"34":{"name":"(anonymous_34)","decl":{"start":{"line":611,"column":34},"end":{"line":611,"column":35}},"loc":{"start":{"line":611,"column":55},"end":{"line":614,"column":29}},"line":611},"35":{"name":"(anonymous_35)","decl":{"start":{"line":615,"column":35},"end":{"line":615,"column":36}},"loc":{"start":{"line":615,"column":44},"end":{"line":619,"column":29}},"line":615},"36":{"name":"(anonymous_36)","decl":{"start":{"line":636,"column":34},"end":{"line":636,"column":35}},"loc":{"start":{"line":636,"column":52},"end":{"line":639,"column":29}},"line":636},"37":{"name":"(anonymous_37)","decl":{"start":{"line":640,"column":35},"end":{"line":640,"column":36}},"loc":{"start":{"line":640,"column":44},"end":{"line":644,"column":29}},"line":640}},"branchMap":{"0":{"loc":{"start":{"line":50,"column":4},"end":{"line":53,"column":5}},"type":"if","locations":[{"start":{"line":50,"column":4},"end":{"line":53,"column":5}},{"start":{},"end":{}}],"line":50},"1":{"loc":{"start":{"line":72,"column":4},"end":{"line":712,"column":5}},"type":"switch","locations":[{"start":{"line":73,"column":8},"end":{"line":532,"column":18}},{"start":{"line":534,"column":8},"end":{"line":709,"column":18}},{"start":{"line":710,"column":8},"end":{"line":711,"column":60}}],"line":72},"2":{"loc":{"start":{"line":75,"column":12},"end":{"line":530,"column":13}},"type":"switch","locations":[{"start":{"line":76,"column":16},"end":{"line":98,"column":26}},{"start":{"line":99,"column":16},"end":{"line":122,"column":26}},{"start":{"line":123,"column":16},"end":{"line":150,"column":26}},{"start":{"line":151,"column":16},"end":{"line":165,"column":26}},{"start":{"line":167,"column":16},"end":{"line":213,"column":27}},{"start":{"line":216,"column":16},"end":{"line":239,"column":26}},{"start":{"line":240,"column":16},"end":{"line":306,"column":26}},{"start":{"line":307,"column":16},"end":{"line":326,"column":26}},{"start":{"line":327,"column":16},"end":{"line":410,"column":26}},{"start":{"line":412,"column":16},"end":{"line":526,"column":26}},{"start":{"line":528,"column":16},"end":{"line":529,"column":60}}],"line":75},"3":{"loc":{"start":{"line":173,"column":28},"end":{"line":177,"column":29}},"type":"if","locations":[{"start":{"line":173,"column":28},"end":{"line":177,"column":29}},{"start":{},"end":{}}],"line":173},"4":{"loc":{"start":{"line":173,"column":32},"end":{"line":173,"column":64}},"type":"binary-expr","locations":[{"start":{"line":173,"column":32},"end":{"line":173,"column":43}},{"start":{"line":173,"column":47},"end":{"line":173,"column":53}},{"start":{"line":173,"column":57},"end":{"line":173,"column":64}}],"line":173},"5":{"loc":{"start":{"line":250,"column":28},"end":{"line":253,"column":29}},"type":"if","locations":[{"start":{"line":250,"column":28},"end":{"line":253,"column":29}},{"start":{},"end":{}}],"line":250},"6":{"loc":{"start":{"line":270,"column":36},"end":{"line":276,"column":37}},"type":"if","locations":[{"start":{"line":270,"column":36},"end":{"line":276,"column":37}},{"start":{},"end":{}}],"line":270},"7":{"loc":{"start":{"line":278,"column":36},"end":{"line":283,"column":37}},"type":"if","locations":[{"start":{"line":278,"column":36},"end":{"line":283,"column":37}},{"start":{},"end":{}}],"line":278},"8":{"loc":{"start":{"line":339,"column":28},"end":{"line":344,"column":29}},"type":"if","locations":[{"start":{"line":339,"column":28},"end":{"line":344,"column":29}},{"start":{},"end":{}}],"line":339},"9":{"loc":{"start":{"line":339,"column":32},"end":{"line":339,"column":60}},"type":"binary-expr","locations":[{"start":{"line":339,"column":32},"end":{"line":339,"column":38}},{"start":{"line":339,"column":42},"end":{"line":339,"column":51}},{"start":{"line":339,"column":55},"end":{"line":339,"column":60}}],"line":339},"10":{"loc":{"start":{"line":354,"column":36},"end":{"line":366,"column":37}},"type":"if","locations":[{"start":{"line":354,"column":36},"end":{"line":366,"column":37}},{"start":{},"end":{}}],"line":354},"11":{"loc":{"start":{"line":378,"column":44},"end":{"line":391,"column":45}},"type":"if","locations":[{"start":{"line":378,"column":44},"end":{"line":391,"column":45}},{"start":{},"end":{}}],"line":378},"12":{"loc":{"start":{"line":424,"column":28},"end":{"line":434,"column":29}},"type":"if","locations":[{"start":{"line":424,"column":28},"end":{"line":434,"column":29}},{"start":{},"end":{}}],"line":424},"13":{"loc":{"start":{"line":424,"column":32},"end":{"line":424,"column":51}},"type":"binary-expr","locations":[{"start":{"line":424,"column":32},"end":{"line":424,"column":38}},{"start":{"line":424,"column":42},"end":{"line":424,"column":51}}],"line":424},"14":{"loc":{"start":{"line":425,"column":32},"end":{"line":432,"column":33}},"type":"if","locations":[{"start":{"line":425,"column":32},"end":{"line":432,"column":33}},{"start":{},"end":{}}],"line":425},"15":{"loc":{"start":{"line":441,"column":36},"end":{"line":452,"column":37}},"type":"if","locations":[{"start":{"line":441,"column":36},"end":{"line":452,"column":37}},{"start":{},"end":{}}],"line":441},"16":{"loc":{"start":{"line":443,"column":40},"end":{"line":450,"column":41}},"type":"if","locations":[{"start":{"line":443,"column":40},"end":{"line":450,"column":41}},{"start":{},"end":{}}],"line":443},"17":{"loc":{"start":{"line":454,"column":36},"end":{"line":466,"column":37}},"type":"if","locations":[{"start":{"line":454,"column":36},"end":{"line":466,"column":37}},{"start":{},"end":{}}],"line":454},"18":{"loc":{"start":{"line":455,"column":40},"end":{"line":464,"column":41}},"type":"if","locations":[{"start":{"line":455,"column":40},"end":{"line":464,"column":41}},{"start":{},"end":{}}],"line":455},"19":{"loc":{"start":{"line":472,"column":40},"end":{"line":485,"column":41}},"type":"if","locations":[{"start":{"line":472,"column":40},"end":{"line":485,"column":41}},{"start":{},"end":{}}],"line":472},"20":{"loc":{"start":{"line":474,"column":44},"end":{"line":483,"column":45}},"type":"if","locations":[{"start":{"line":474,"column":44},"end":{"line":483,"column":45}},{"start":{},"end":{}}],"line":474},"21":{"loc":{"start":{"line":488,"column":40},"end":{"line":514,"column":41}},"type":"if","locations":[{"start":{"line":488,"column":40},"end":{"line":514,"column":41}},{"start":{"line":503,"column":47},"end":{"line":514,"column":41}}],"line":488},"22":{"loc":{"start":{"line":492,"column":44},"end":{"line":502,"column":45}},"type":"if","locations":[{"start":{"line":492,"column":44},"end":{"line":502,"column":45}},{"start":{},"end":{}}],"line":492},"23":{"loc":{"start":{"line":504,"column":44},"end":{"line":513,"column":45}},"type":"if","locations":[{"start":{"line":504,"column":44},"end":{"line":513,"column":45}},{"start":{},"end":{}}],"line":504},"24":{"loc":{"start":{"line":520,"column":28},"end":{"line":523,"column":29}},"type":"if","locations":[{"start":{"line":520,"column":28},"end":{"line":523,"column":29}},{"start":{},"end":{}}],"line":520},"25":{"loc":{"start":{"line":540,"column":32},"end":{"line":542,"column":31}},"type":"cond-expr","locations":[{"start":{"line":541,"column":22},"end":{"line":541,"column":40}},{"start":{"line":542,"column":22},"end":{"line":542,"column":31}}],"line":540},"26":{"loc":{"start":{"line":545,"column":16},"end":{"line":707,"column":17}},"type":"switch","locations":[{"start":{"line":547,"column":20},"end":{"line":549,"column":30}},{"start":{"line":550,"column":20},"end":{"line":561,"column":30}},{"start":{"line":562,"column":20},"end":{"line":572,"column":30}},{"start":{"line":573,"column":20},"end":{"line":594,"column":30}},{"start":{"line":595,"column":20},"end":{"line":621,"column":30}},{"start":{"line":622,"column":20},"end":{"line":646,"column":30}},{"start":{"line":647,"column":20},"end":{"line":673,"column":30}},{"start":{"line":674,"column":20},"end":{"line":701,"column":30}},{"start":{"line":704,"column":20},"end":{"line":706,"column":30}}],"line":545},"27":{"loc":{"start":{"line":577,"column":24},"end":{"line":581,"column":25}},"type":"if","locations":[{"start":{"line":577,"column":24},"end":{"line":581,"column":25}},{"start":{},"end":{}}],"line":577},"28":{"loc":{"start":{"line":604,"column":24},"end":{"line":608,"column":25}},"type":"if","locations":[{"start":{"line":604,"column":24},"end":{"line":608,"column":25}},{"start":{},"end":{}}],"line":604},"29":{"loc":{"start":{"line":629,"column":24},"end":{"line":633,"column":25}},"type":"if","locations":[{"start":{"line":629,"column":24},"end":{"line":633,"column":25}},{"start":{},"end":{}}],"line":629},"30":{"loc":{"start":{"line":653,"column":28},"end":{"line":657,"column":29}},"type":"if","locations":[{"start":{"line":653,"column":28},"end":{"line":657,"column":29}},{"start":{},"end":{}}],"line":653},"31":{"loc":{"start":{"line":660,"column":28},"end":{"line":664,"column":29}},"type":"if","locations":[{"start":{"line":660,"column":28},"end":{"line":664,"column":29}},{"start":{},"end":{}}],"line":660},"32":{"loc":{"start":{"line":681,"column":28},"end":{"line":685,"column":29}},"type":"if","locations":[{"start":{"line":681,"column":28},"end":{"line":685,"column":29}},{"start":{},"end":{}}],"line":681},"33":{"loc":{"start":{"line":688,"column":28},"end":{"line":692,"column":29}},"type":"if","locations":[{"start":{"line":688,"column":28},"end":{"line":692,"column":29}},{"start":{},"end":{}}],"line":688}},"s":{"0":1,"1":1,"2":1,"3":1,"4":1,"5":1,"6":0,"7":0,"8":1,"9":1,"10":1,"11":1,"12":7,"13":7,"14":7,"15":7,"16":7,"17":2,"18":2,"19":0,"20":0,"21":0,"22":0,"23":0,"24":0,"25":0,"26":0,"27":0,"28":0,"29":0,"30":0,"31":0,"32":0,"33":0,"34":0,"35":0,"36":0,"37":0,"38":0,"39":0,"40":0,"41":0,"42":0,"43":0,"44":0,"45":0,"46":0,"47":0,"48":0,"49":1,"50":1,"51":1,"52":1,"53":1,"54":0,"55":1,"56":0,"57":0,"58":0,"59":0,"60":0,"61":0,"62":0,"63":0,"64":0,"65":0,"66":0,"67":0,"68":0,"69":0,"70":0,"71":0,"72":0,"73":0,"74":0,"75":0,"76":0,"77":0,"78":0,"79":0,"80":0,"81":0,"82":0,"83":0,"84":0,"85":0,"86":0,"87":0,"88":0,"89":0,"90":0,"91":0,"92":0,"93":0,"94":0,"95":0,"96":0,"97":0,"98":0,"99":0,"100":0,"101":0,"102":0,"103":0,"104":0,"105":0,"106":0,"107":0,"108":0,"109":0,"110":0,"111":0,"112":0,"113":0,"114":0,"115":0,"116":0,"117":0,"118":0,"119":0,"120":0,"121":0,"122":0,"123":0,"124":0,"125":0,"126":0,"127":0,"128":0,"129":0,"130":0,"131":0,"132":0,"133":0,"134":0,"135":0,"136":0,"137":0,"138":0,"139":0,"140":0,"141":0,"142":0,"143":0,"144":0,"145":0,"146":0,"147":0,"148":0,"149":0,"150":0,"151":0,"152":0,"153":1,"154":1,"155":1,"156":1,"157":1,"158":1,"159":1,"160":0,"161":0,"162":0,"163":0,"164":1,"165":1,"166":0,"167":0,"168":0,"169":0,"170":0,"171":1,"172":0,"173":0,"174":0,"175":0,"176":1,"177":1,"178":1,"179":0,"180":0,"181":0,"182":0,"183":0,"184":1,"185":1,"186":1,"187":1,"188":1,"189":0,"190":0,"191":0,"192":0,"193":0,"194":0,"195":0,"196":1,"197":0,"198":2,"199":5,"200":5,"201":5,"202":1,"203":1,"204":1,"205":1,"206":1,"207":1,"208":0,"209":0,"210":0,"211":1,"212":1,"213":1,"214":1,"215":1,"216":0,"217":0,"218":0,"219":1,"220":0,"221":0,"222":0,"223":0,"224":0,"225":0,"226":0,"227":0,"228":0,"229":0,"230":0,"231":0,"232":0,"233":0,"234":0,"235":0,"236":0,"237":0,"238":0,"239":0,"240":0,"241":0,"242":0,"243":0,"244":0,"245":0,"246":0,"247":0,"248":0,"249":0,"250":0,"251":0,"252":0,"253":0,"254":0,"255":0,"256":0,"257":0,"258":0,"259":1,"260":1,"261":1,"262":0,"263":0,"264":0,"265":1,"266":1,"267":0,"268":0,"269":0,"270":1,"271":1,"272":0,"273":0,"274":0,"275":1,"276":1,"277":1,"278":1,"279":0,"280":0,"281":0,"282":1,"283":1,"284":0,"285":0,"286":0,"287":1,"288":1,"289":0,"290":0,"291":0,"292":1,"293":0,"294":0,"295":5,"296":0},"f":{"0":1,"1":7,"2":0,"3":0,"4":0,"5":0,"6":0,"7":0,"8":0,"9":0,"10":0,"11":1,"12":1,"13":0,"14":0,"15":0,"16":0,"17":0,"18":0,"19":0,"20":0,"21":0,"22":0,"23":0,"24":0,"25":0,"26":0,"27":0,"28":1,"29":1,"30":1,"31":1,"32":0,"33":0,"34":0,"35":0,"36":0,"37":0},"b":{"0":[0,1],"1":[2,5,0],"2":[0,0,0,1,0,0,0,0,0,1,0],"3":[0,0],"4":[0,0,0],"5":[0,0],"6":[0,0],"7":[0,0],"8":[0,0],"9":[0,0,0],"10":[0,0],"11":[0,0],"12":[0,1],"13":[1,1],"14":[0,0],"15":[0,1],"16":[0,0],"17":[0,1],"18":[0,0],"19":[0,1],"20":[0,0],"21":[1,0],"22":[1,0],"23":[0,0],"24":[0,0],"25":[5,0],"26":[1,1,1,0,0,0,1,1,0],"27":[0,0],"28":[0,0],"29":[0,0],"30":[0,1],"31":[0,1],"32":[0,1],"33":[0,1]},"inputSourceMap":null,"_coverageSchema":"1a1c01bbd47fc00a2c39e90264f33305004495a9","hash":"23325a1e1a1fd11c7d7702b0e1b8441ceb4e6ff9"}
,"/Users/nicolaischultz/Documents/GitHub/P1-project/p1project/p2-native/server/server.js": {"path":"/Users/nicolaischultz/Documents/GitHub/P1-project/p1project/p2-native/server/server.js","statementMap":{"0":{"start":{"line":5,"column":0},"end":{"line":5,"column":16}},"1":{"start":{"line":13,"column":17},"end":{"line":13,"column":28}},"2":{"start":{"line":14,"column":13},"end":{"line":14,"column":17}},"3":{"start":{"line":15,"column":15},"end":{"line":15,"column":48}},"4":{"start":{"line":19,"column":2},"end":{"line":19,"column":24}},"5":{"start":{"line":20,"column":2},"end":{"line":20,"column":44}},"6":{"start":{"line":21,"column":2},"end":{"line":21,"column":20}},"7":{"start":{"line":22,"column":2},"end":{"line":22,"column":16}},"8":{"start":{"line":26,"column":2},"end":{"line":33,"column":3}},"9":{"start":{"line":28,"column":4},"end":{"line":28,"column":25}},"10":{"start":{"line":31,"column":4},"end":{"line":31,"column":33}},"11":{"start":{"line":32,"column":4},"end":{"line":32,"column":32}},"12":{"start":{"line":38,"column":2},"end":{"line":40,"column":5}},"13":{"start":{"line":39,"column":4},"end":{"line":39,"column":65}},"14":{"start":{"line":47,"column":24},"end":{"line":47,"column":63}},"15":{"start":{"line":48,"column":19},"end":{"line":63,"column":3}},"16":{"start":{"line":64,"column":2},"end":{"line":64,"column":49}},"17":{"start":{"line":69,"column":2},"end":{"line":77,"column":5}},"18":{"start":{"line":70,"column":4},"end":{"line":76,"column":5}},"19":{"start":{"line":71,"column":6},"end":{"line":71,"column":59}},"20":{"start":{"line":72,"column":6},"end":{"line":72,"column":32}},"21":{"start":{"line":74,"column":6},"end":{"line":74,"column":70}},"22":{"start":{"line":75,"column":6},"end":{"line":75,"column":20}},"23":{"start":{"line":81,"column":21},"end":{"line":81,"column":49}},"24":{"start":{"line":82,"column":16},"end":{"line":82,"column":54}},"25":{"start":{"line":84,"column":2},"end":{"line":87,"column":3}},"26":{"start":{"line":85,"column":4},"end":{"line":85,"column":63}},"27":{"start":{"line":86,"column":4},"end":{"line":86,"column":67}},"28":{"start":{"line":89,"column":2},"end":{"line":97,"column":5}},"29":{"start":{"line":90,"column":4},"end":{"line":93,"column":5}},"30":{"start":{"line":91,"column":6},"end":{"line":91,"column":65}},"31":{"start":{"line":92,"column":6},"end":{"line":92,"column":76}},"32":{"start":{"line":95,"column":4},"end":{"line":95,"column":20}},"33":{"start":{"line":96,"column":4},"end":{"line":96,"column":11}},"34":{"start":{"line":109,"column":22},"end":{"line":115,"column":4}},"35":{"start":{"line":117,"column":19},"end":{"line":122,"column":13}},"36":{"start":{"line":119,"column":23},"end":{"line":119,"column":41}},"37":{"start":{"line":120,"column":6},"end":{"line":120,"column":67}},"38":{"start":{"line":124,"column":19},"end":{"line":124,"column":71}},"39":{"start":{"line":124,"column":43},"end":{"line":124,"column":61}},"40":{"start":{"line":126,"column":22},"end":{"line":139,"column":3}},"41":{"start":{"line":141,"column":15},"end":{"line":141,"column":54}},"42":{"start":{"line":142,"column":2},"end":{"line":142,"column":28}},"43":{"start":{"line":143,"column":2},"end":{"line":143,"column":45}},"44":{"start":{"line":148,"column":2},"end":{"line":148,"column":60}},"45":{"start":{"line":150,"column":2},"end":{"line":158,"column":3}},"46":{"start":{"line":151,"column":4},"end":{"line":154,"column":7}},"47":{"start":{"line":152,"column":14},"end":{"line":152,"column":30}},"48":{"start":{"line":153,"column":6},"end":{"line":153,"column":15}},"49":{"start":{"line":156,"column":4},"end":{"line":156,"column":69}},"50":{"start":{"line":157,"column":4},"end":{"line":157,"column":61}},"51":{"start":{"line":164,"column":15},"end":{"line":164,"column":40}},"52":{"start":{"line":165,"column":2},"end":{"line":165,"column":25}},"53":{"start":{"line":166,"column":2},"end":{"line":166,"column":39}},"54":{"start":{"line":173,"column":19},"end":{"line":173,"column":21}},"55":{"start":{"line":174,"column":17},"end":{"line":174,"column":18}},"56":{"start":{"line":175,"column":4},"end":{"line":191,"column":9}},"57":{"start":{"line":177,"column":8},"end":{"line":177,"column":29}},"58":{"start":{"line":178,"column":8},"end":{"line":178,"column":31}},"59":{"start":{"line":180,"column":8},"end":{"line":184,"column":9}},"60":{"start":{"line":182,"column":10},"end":{"line":182,"column":35}},"61":{"start":{"line":183,"column":10},"end":{"line":183,"column":49}},"62":{"start":{"line":187,"column":8},"end":{"line":187,"column":54}},"63":{"start":{"line":189,"column":8},"end":{"line":189,"column":30}},"64":{"start":{"line":190,"column":8},"end":{"line":190,"column":26}},"65":{"start":{"line":194,"column":2},"end":{"line":194,"column":46}},"66":{"start":{"line":197,"column":0},"end":{"line":197,"column":14}}},"fnMap":{"0":{"name":"errorResponse","decl":{"start":{"line":18,"column":9},"end":{"line":18,"column":22}},"loc":{"start":{"line":18,"column":42},"end":{"line":23,"column":1}},"line":18},"1":{"name":"requestHandler","decl":{"start":{"line":25,"column":16},"end":{"line":25,"column":30}},"loc":{"start":{"line":25,"column":41},"end":{"line":34,"column":1}},"line":25},"2":{"name":"startServer","decl":{"start":{"line":37,"column":9},"end":{"line":37,"column":20}},"loc":{"start":{"line":37,"column":23},"end":{"line":41,"column":1}},"line":37},"3":{"name":"(anonymous_3)","decl":{"start":{"line":38,"column":32},"end":{"line":38,"column":33}},"loc":{"start":{"line":38,"column":38},"end":{"line":40,"column":3}},"line":38},"4":{"name":"guessMimeType","decl":{"start":{"line":46,"column":9},"end":{"line":46,"column":22}},"loc":{"start":{"line":46,"column":33},"end":{"line":65,"column":1}},"line":46},"5":{"name":"fileResponse","decl":{"start":{"line":68,"column":9},"end":{"line":68,"column":21}},"loc":{"start":{"line":68,"column":37},"end":{"line":78,"column":1}},"line":68},"6":{"name":"(anonymous_6)","decl":{"start":{"line":69,"column":24},"end":{"line":69,"column":25}},"loc":{"start":{"line":69,"column":39},"end":{"line":77,"column":3}},"line":69},"7":{"name":"authenticateToken","decl":{"start":{"line":80,"column":9},"end":{"line":80,"column":26}},"loc":{"start":{"line":80,"column":43},"end":{"line":98,"column":1}},"line":80},"8":{"name":"(anonymous_8)","decl":{"start":{"line":89,"column":36},"end":{"line":89,"column":37}},"loc":{"start":{"line":89,"column":51},"end":{"line":97,"column":3}},"line":89},"9":{"name":"sendConfirmationEmail","decl":{"start":{"line":101,"column":15},"end":{"line":101,"column":36}},"loc":{"start":{"line":107,"column":2},"end":{"line":144,"column":1}},"line":107},"10":{"name":"(anonymous_10)","decl":{"start":{"line":118,"column":9},"end":{"line":118,"column":10}},"loc":{"start":{"line":118,"column":19},"end":{"line":121,"column":5}},"line":118},"11":{"name":"(anonymous_11)","decl":{"start":{"line":124,"column":33},"end":{"line":124,"column":34}},"loc":{"start":{"line":124,"column":43},"end":{"line":124,"column":61}},"line":124},"12":{"name":"extractJSON","decl":{"start":{"line":147,"column":9},"end":{"line":147,"column":20}},"loc":{"start":{"line":147,"column":26},"end":{"line":159,"column":1}},"line":147},"13":{"name":"(anonymous_13)","decl":{"start":{"line":151,"column":37},"end":{"line":151,"column":38}},"loc":{"start":{"line":151,"column":47},"end":{"line":154,"column":5}},"line":151},"14":{"name":"isJsonEncoded","decl":{"start":{"line":161,"column":9},"end":{"line":161,"column":22}},"loc":{"start":{"line":161,"column":36},"end":{"line":168,"column":1}},"line":161},"15":{"name":"collectPostBody","decl":{"start":{"line":170,"column":9},"end":{"line":170,"column":24}},"loc":{"start":{"line":170,"column":30},"end":{"line":195,"column":1}},"line":170},"16":{"name":"collectPostBodyExecutor","decl":{"start":{"line":172,"column":11},"end":{"line":172,"column":34}},"loc":{"start":{"line":172,"column":52},"end":{"line":193,"column":3}},"line":172},"17":{"name":"(anonymous_17)","decl":{"start":{"line":176,"column":18},"end":{"line":176,"column":19}},"loc":{"start":{"line":176,"column":29},"end":{"line":185,"column":7}},"line":176},"18":{"name":"(anonymous_18)","decl":{"start":{"line":186,"column":17},"end":{"line":186,"column":18}},"loc":{"start":{"line":186,"column":23},"end":{"line":191,"column":7}},"line":186}},"branchMap":{"0":{"loc":{"start":{"line":64,"column":9},"end":{"line":64,"column":48}},"type":"binary-expr","locations":[{"start":{"line":64,"column":9},"end":{"line":64,"column":32}},{"start":{"line":64,"column":36},"end":{"line":64,"column":48}}],"line":64},"1":{"loc":{"start":{"line":70,"column":4},"end":{"line":76,"column":5}},"type":"if","locations":[{"start":{"line":70,"column":4},"end":{"line":76,"column":5}},{"start":{"line":73,"column":11},"end":{"line":76,"column":5}}],"line":70},"2":{"loc":{"start":{"line":82,"column":16},"end":{"line":82,"column":54}},"type":"binary-expr","locations":[{"start":{"line":82,"column":16},"end":{"line":82,"column":26}},{"start":{"line":82,"column":30},"end":{"line":82,"column":54}}],"line":82},"3":{"loc":{"start":{"line":84,"column":2},"end":{"line":87,"column":3}},"type":"if","locations":[{"start":{"line":84,"column":2},"end":{"line":87,"column":3}},{"start":{},"end":{}}],"line":84},"4":{"loc":{"start":{"line":90,"column":4},"end":{"line":93,"column":5}},"type":"if","locations":[{"start":{"line":90,"column":4},"end":{"line":93,"column":5}},{"start":{},"end":{}}],"line":90},"5":{"loc":{"start":{"line":119,"column":23},"end":{"line":119,"column":41}},"type":"binary-expr","locations":[{"start":{"line":119,"column":23},"end":{"line":119,"column":36}},{"start":{"line":119,"column":40},"end":{"line":119,"column":41}}],"line":119},"6":{"loc":{"start":{"line":150,"column":2},"end":{"line":158,"column":3}},"type":"if","locations":[{"start":{"line":150,"column":2},"end":{"line":158,"column":3}},{"start":{"line":155,"column":7},"end":{"line":158,"column":3}}],"line":150},"7":{"loc":{"start":{"line":180,"column":8},"end":{"line":184,"column":9}},"type":"if","locations":[{"start":{"line":180,"column":8},"end":{"line":184,"column":9}},{"start":{},"end":{}}],"line":180}},"s":{"0":1,"1":1,"2":1,"3":1,"4":0,"5":0,"6":0,"7":0,"8":7,"9":7,"10":0,"11":0,"12":1,"13":1,"14":1,"15":1,"16":1,"17":1,"18":1,"19":0,"20":0,"21":1,"22":1,"23":0,"24":0,"25":0,"26":0,"27":0,"28":0,"29":0,"30":0,"31":0,"32":0,"33":0,"34":0,"35":0,"36":0,"37":0,"38":0,"39":0,"40":0,"41":0,"42":0,"43":0,"44":1,"45":1,"46":1,"47":1,"48":1,"49":0,"50":0,"51":1,"52":1,"53":1,"54":1,"55":1,"56":1,"57":1,"58":1,"59":1,"60":0,"61":0,"62":1,"63":1,"64":1,"65":1,"66":1},"f":{"0":0,"1":7,"2":1,"3":1,"4":1,"5":1,"6":1,"7":0,"8":0,"9":0,"10":0,"11":0,"12":1,"13":1,"14":1,"15":1,"16":1,"17":1,"18":1},"b":{"0":[1,0],"1":[0,1],"2":[0,0],"3":[0,0],"4":[0,0],"5":[0,0],"6":[1,0],"7":[0,1]},"inputSourceMap":null,"_coverageSchema":"1a1c01bbd47fc00a2c39e90264f33305004495a9","hash":"863a8888664fb157be9c5a33c7ff03999d11993f"}
,"/Users/nicolaischultz/Documents/GitHub/P1-project/p1project/p2-native/server/recommender/event_recommender.js": {"path":"/Users/nicolaischultz/Documents/GitHub/P1-project/p1project/p2-native/server/recommender/event_recommender.js","statementMap":{"0":{"start":{"line":10,"column":15},"end":{"line":10,"column":37}},"1":{"start":{"line":11,"column":19},"end":{"line":11,"column":45}},"2":{"start":{"line":13,"column":2},"end":{"line":13,"column":53}},"3":{"start":{"line":19,"column":2},"end":{"line":19,"column":38}},"4":{"start":{"line":19,"column":24},"end":{"line":19,"column":38}},"5":{"start":{"line":21,"column":20},"end":{"line":21,"column":26}},"6":{"start":{"line":23,"column":15},"end":{"line":23,"column":17}},"7":{"start":{"line":26,"column":2},"end":{"line":30,"column":3}},"8":{"start":{"line":26,"column":15},"end":{"line":26,"column":16}},"9":{"start":{"line":27,"column":4},"end":{"line":27,"column":19}},"10":{"start":{"line":28,"column":4},"end":{"line":28,"column":21}},"11":{"start":{"line":29,"column":4},"end":{"line":29,"column":32}},"12":{"start":{"line":33,"column":13},"end":{"line":33,"column":15}},"13":{"start":{"line":34,"column":2},"end":{"line":38,"column":3}},"14":{"start":{"line":34,"column":15},"end":{"line":34,"column":16}},"15":{"start":{"line":35,"column":4},"end":{"line":37,"column":5}},"16":{"start":{"line":36,"column":6},"end":{"line":36,"column":33}},"17":{"start":{"line":41,"column":2},"end":{"line":54,"column":3}},"18":{"start":{"line":41,"column":15},"end":{"line":41,"column":16}},"19":{"start":{"line":42,"column":4},"end":{"line":53,"column":5}},"20":{"start":{"line":42,"column":17},"end":{"line":42,"column":18}},"21":{"start":{"line":44,"column":6},"end":{"line":52,"column":7}},"22":{"start":{"line":46,"column":8},"end":{"line":51,"column":9}},"23":{"start":{"line":46,"column":21},"end":{"line":46,"column":22}},"24":{"start":{"line":48,"column":10},"end":{"line":50,"column":11}},"25":{"start":{"line":49,"column":12},"end":{"line":49,"column":48}},"26":{"start":{"line":56,"column":2},"end":{"line":56,"column":28}},"27":{"start":{"line":59,"column":2},"end":{"line":61,"column":4}},"28":{"start":{"line":62,"column":22},"end":{"line":67,"column":5}},"29":{"start":{"line":62,"column":45},"end":{"line":67,"column":3}},"30":{"start":{"line":68,"column":2},"end":{"line":68,"column":29}},"31":{"start":{"line":69,"column":2},"end":{"line":69,"column":23}},"32":{"start":{"line":74,"column":2},"end":{"line":78,"column":3}},"33":{"start":{"line":75,"column":4},"end":{"line":75,"column":13}},"34":{"start":{"line":77,"column":4},"end":{"line":77,"column":32}}},"fnMap":{"0":{"name":"recommenderAlgorithmForEvents","decl":{"start":{"line":8,"column":22},"end":{"line":8,"column":51}},"loc":{"start":{"line":8,"column":60},"end":{"line":14,"column":1}},"line":8},"1":{"name":"reccomendEvents","decl":{"start":{"line":17,"column":22},"end":{"line":17,"column":37}},"loc":{"start":{"line":17,"column":52},"end":{"line":70,"column":1}},"line":17},"2":{"name":"(anonymous_2)","decl":{"start":{"line":62,"column":33},"end":{"line":62,"column":34}},"loc":{"start":{"line":62,"column":45},"end":{"line":67,"column":3}},"line":62},"3":{"name":"sortFunction","decl":{"start":{"line":73,"column":9},"end":{"line":73,"column":21}},"loc":{"start":{"line":73,"column":28},"end":{"line":79,"column":1}},"line":73}},"branchMap":{"0":{"loc":{"start":{"line":19,"column":2},"end":{"line":19,"column":38}},"type":"if","locations":[{"start":{"line":19,"column":2},"end":{"line":19,"column":38}},{"start":{},"end":{}}],"line":19},"1":{"loc":{"start":{"line":19,"column":6},"end":{"line":19,"column":22}},"type":"binary-expr","locations":[{"start":{"line":19,"column":6},"end":{"line":19,"column":11}},{"start":{"line":19,"column":15},"end":{"line":19,"column":22}}],"line":19},"2":{"loc":{"start":{"line":35,"column":4},"end":{"line":37,"column":5}},"type":"if","locations":[{"start":{"line":35,"column":4},"end":{"line":37,"column":5}},{"start":{},"end":{}}],"line":35},"3":{"loc":{"start":{"line":44,"column":6},"end":{"line":52,"column":7}},"type":"if","locations":[{"start":{"line":44,"column":6},"end":{"line":52,"column":7}},{"start":{},"end":{}}],"line":44},"4":{"loc":{"start":{"line":44,"column":10},"end":{"line":44,"column":69}},"type":"binary-expr","locations":[{"start":{"line":44,"column":10},"end":{"line":44,"column":36}},{"start":{"line":44,"column":40},"end":{"line":44,"column":69}}],"line":44},"5":{"loc":{"start":{"line":48,"column":10},"end":{"line":50,"column":11}},"type":"if","locations":[{"start":{"line":48,"column":10},"end":{"line":50,"column":11}},{"start":{},"end":{}}],"line":48},"6":{"loc":{"start":{"line":74,"column":2},"end":{"line":78,"column":3}},"type":"if","locations":[{"start":{"line":74,"column":2},"end":{"line":78,"column":3}},{"start":{"line":76,"column":9},"end":{"line":78,"column":3}}],"line":74},"7":{"loc":{"start":{"line":77,"column":11},"end":{"line":77,"column":31}},"type":"cond-expr","locations":[{"start":{"line":77,"column":25},"end":{"line":77,"column":27}},{"start":{"line":77,"column":30},"end":{"line":77,"column":31}}],"line":77}},"s":{"0":0,"1":0,"2":0,"3":0,"4":0,"5":0,"6":0,"7":0,"8":0,"9":0,"10":0,"11":0,"12":0,"13":0,"14":0,"15":0,"16":0,"17":0,"18":0,"19":0,"20":0,"21":0,"22":0,"23":0,"24":0,"25":0,"26":0,"27":0,"28":0,"29":0,"30":0,"31":0,"32":0,"33":0,"34":0},"f":{"0":0,"1":0,"2":0,"3":0},"b":{"0":[0,0],"1":[0,0],"2":[0,0],"3":[0,0],"4":[0,0],"5":[0,0],"6":[0,0],"7":[0,0]},"inputSourceMap":null,"_coverageSchema":"1a1c01bbd47fc00a2c39e90264f33305004495a9","hash":"2b5b382cbad3ce573e180fb6054dc3369c37becc"}
,"/Users/nicolaischultz/Documents/GitHub/P1-project/p1project/p2-native/server/recommender/recommenderAlgorithms.js": {"path":"/Users/nicolaischultz/Documents/GitHub/P1-project/p1project/p2-native/server/recommender/recommenderAlgorithms.js","statementMap":{"0":{"start":{"line":10,"column":20},"end":{"line":10,"column":50}},"1":{"start":{"line":11,"column":17},"end":{"line":11,"column":44}},"2":{"start":{"line":16,"column":2},"end":{"line":16,"column":46}},"3":{"start":{"line":22,"column":20},"end":{"line":22,"column":58}},"4":{"start":{"line":23,"column":17},"end":{"line":23,"column":44}},"5":{"start":{"line":28,"column":2},"end":{"line":28,"column":46}},"6":{"start":{"line":33,"column":28},"end":{"line":38,"column":5}},"7":{"start":{"line":33,"column":52},"end":{"line":38,"column":3}},"8":{"start":{"line":41,"column":24},"end":{"line":41,"column":57}},"9":{"start":{"line":48,"column":2},"end":{"line":48,"column":42}},"10":{"start":{"line":51,"column":2},"end":{"line":51,"column":25}},"11":{"start":{"line":56,"column":15},"end":{"line":56,"column":16}},"12":{"start":{"line":57,"column":2},"end":{"line":59,"column":3}},"13":{"start":{"line":58,"column":4},"end":{"line":58,"column":32}},"14":{"start":{"line":60,"column":2},"end":{"line":60,"column":16}},"15":{"start":{"line":66,"column":2},"end":{"line":68,"column":5}},"16":{"start":{"line":67,"column":4},"end":{"line":67,"column":29}},"17":{"start":{"line":73,"column":2},"end":{"line":75,"column":3}}},"fnMap":{"0":{"name":"recommenderAlgorithmForUser","decl":{"start":{"line":8,"column":22},"end":{"line":8,"column":49}},"loc":{"start":{"line":8,"column":58},"end":{"line":17,"column":1}},"line":8},"1":{"name":"recommenderAlgorithmForItem","decl":{"start":{"line":20,"column":22},"end":{"line":20,"column":49}},"loc":{"start":{"line":20,"column":58},"end":{"line":29,"column":1}},"line":20},"2":{"name":"recommendItem","decl":{"start":{"line":31,"column":16},"end":{"line":31,"column":29}},"loc":{"start":{"line":31,"column":53},"end":{"line":52,"column":1}},"line":31},"3":{"name":"(anonymous_3)","decl":{"start":{"line":33,"column":41},"end":{"line":33,"column":42}},"loc":{"start":{"line":33,"column":52},"end":{"line":38,"column":3}},"line":33},"4":{"name":"dotProduct","decl":{"start":{"line":55,"column":16},"end":{"line":55,"column":26}},"loc":{"start":{"line":55,"column":39},"end":{"line":61,"column":1}},"line":55},"5":{"name":"compareLists","decl":{"start":{"line":65,"column":16},"end":{"line":65,"column":28}},"loc":{"start":{"line":65,"column":38},"end":{"line":69,"column":1}},"line":65},"6":{"name":"(anonymous_6)","decl":{"start":{"line":66,"column":22},"end":{"line":66,"column":23}},"loc":{"start":{"line":66,"column":38},"end":{"line":68,"column":3}},"line":66},"7":{"name":"resultsComparedPrinted","decl":{"start":{"line":72,"column":16},"end":{"line":72,"column":38}},"loc":{"start":{"line":72,"column":56},"end":{"line":76,"column":1}},"line":72}},"branchMap":{},"s":{"0":0,"1":0,"2":0,"3":1,"4":1,"5":1,"6":2,"7":229,"8":2,"9":2,"10":2,"11":230,"12":230,"13":3220,"14":230,"15":3,"16":1098,"17":2},"f":{"0":0,"1":1,"2":2,"3":229,"4":230,"5":3,"6":1098,"7":2},"b":{},"inputSourceMap":null,"_coverageSchema":"1a1c01bbd47fc00a2c39e90264f33305004495a9","hash":"e40e79290dfc90d1bc3fa09b957a5271726faee9"}
,"/Users/nicolaischultz/Documents/GitHub/P1-project/p1project/p2-native/server/recommender/recommenderAlgorithmsServer.js": {"path":"/Users/nicolaischultz/Documents/GitHub/P1-project/p1project/p2-native/server/recommender/recommenderAlgorithmsServer.js","statementMap":{"0":{"start":{"line":4,"column":13},"end":{"line":10,"column":2}},"1":{"start":{"line":13,"column":2},"end":{"line":33,"column":3}},"2":{"start":{"line":15,"column":26},"end":{"line":18,"column":5}},"3":{"start":{"line":21,"column":4},"end":{"line":24,"column":5}},"4":{"start":{"line":22,"column":6},"end":{"line":22,"column":44}},"5":{"start":{"line":23,"column":6},"end":{"line":23,"column":18}},"6":{"start":{"line":26,"column":4},"end":{"line":26,"column":41}},"7":{"start":{"line":29,"column":4},"end":{"line":29,"column":41}},"8":{"start":{"line":31,"column":4},"end":{"line":31,"column":60}},"9":{"start":{"line":32,"column":4},"end":{"line":32,"column":14}},"10":{"start":{"line":37,"column":2},"end":{"line":56,"column":3}},"11":{"start":{"line":39,"column":26},"end":{"line":42,"column":5}},"12":{"start":{"line":45,"column":4},"end":{"line":48,"column":5}},"13":{"start":{"line":46,"column":6},"end":{"line":46,"column":44}},"14":{"start":{"line":47,"column":6},"end":{"line":47,"column":18}},"15":{"start":{"line":52,"column":4},"end":{"line":52,"column":41}},"16":{"start":{"line":54,"column":4},"end":{"line":54,"column":68}},"17":{"start":{"line":55,"column":4},"end":{"line":55,"column":14}},"18":{"start":{"line":60,"column":2},"end":{"line":75,"column":3}},"19":{"start":{"line":62,"column":26},"end":{"line":62,"column":76}},"20":{"start":{"line":65,"column":4},"end":{"line":68,"column":5}},"21":{"start":{"line":66,"column":6},"end":{"line":66,"column":44}},"22":{"start":{"line":67,"column":6},"end":{"line":67,"column":18}},"23":{"start":{"line":71,"column":4},"end":{"line":71,"column":56}},"24":{"start":{"line":71,"column":36},"end":{"line":71,"column":54}},"25":{"start":{"line":73,"column":4},"end":{"line":73,"column":63}},"26":{"start":{"line":74,"column":4},"end":{"line":74,"column":14}},"27":{"start":{"line":79,"column":2},"end":{"line":93,"column":3}},"28":{"start":{"line":81,"column":28},"end":{"line":81,"column":74}},"29":{"start":{"line":84,"column":4},"end":{"line":87,"column":5}},"30":{"start":{"line":85,"column":6},"end":{"line":85,"column":43}},"31":{"start":{"line":86,"column":6},"end":{"line":86,"column":18}},"32":{"start":{"line":88,"column":4},"end":{"line":88,"column":42}},"33":{"start":{"line":89,"column":4},"end":{"line":89,"column":25}},"34":{"start":{"line":91,"column":4},"end":{"line":91,"column":60}},"35":{"start":{"line":92,"column":4},"end":{"line":92,"column":14}},"36":{"start":{"line":97,"column":2},"end":{"line":111,"column":3}},"37":{"start":{"line":99,"column":32},"end":{"line":99,"column":77}},"38":{"start":{"line":102,"column":4},"end":{"line":105,"column":5}},"39":{"start":{"line":103,"column":6},"end":{"line":103,"column":42}},"40":{"start":{"line":104,"column":6},"end":{"line":104,"column":18}},"41":{"start":{"line":106,"column":4},"end":{"line":106,"column":51}},"42":{"start":{"line":107,"column":4},"end":{"line":107,"column":29}},"43":{"start":{"line":109,"column":4},"end":{"line":109,"column":64}},"44":{"start":{"line":110,"column":4},"end":{"line":110,"column":14}},"45":{"start":{"line":115,"column":2},"end":{"line":175,"column":3}},"46":{"start":{"line":132,"column":8},"end":{"line":132,"column":17}},"47":{"start":{"line":135,"column":16},"end":{"line":151,"column":29}},"48":{"start":{"line":154,"column":21},"end":{"line":170,"column":6}},"49":{"start":{"line":171,"column":4},"end":{"line":171,"column":54}},"50":{"start":{"line":173,"column":4},"end":{"line":173,"column":63}},"51":{"start":{"line":174,"column":4},"end":{"line":174,"column":14}}},"fnMap":{"0":{"name":"getUserFiltersDB","decl":{"start":{"line":12,"column":22},"end":{"line":12,"column":38}},"loc":{"start":{"line":12,"column":47},"end":{"line":34,"column":1}},"line":12},"1":{"name":"getSpecificItemFiltersDB","decl":{"start":{"line":36,"column":22},"end":{"line":36,"column":46}},"loc":{"start":{"line":36,"column":55},"end":{"line":57,"column":1}},"line":36},"2":{"name":"getAllItemFiltersDB","decl":{"start":{"line":59,"column":22},"end":{"line":59,"column":41}},"loc":{"start":{"line":59,"column":44},"end":{"line":76,"column":1}},"line":59},"3":{"name":"(anonymous_3)","decl":{"start":{"line":71,"column":27},"end":{"line":71,"column":28}},"loc":{"start":{"line":71,"column":36},"end":{"line":71,"column":54}},"line":71},"4":{"name":"getAllEventsDB","decl":{"start":{"line":78,"column":22},"end":{"line":78,"column":36}},"loc":{"start":{"line":78,"column":39},"end":{"line":94,"column":1}},"line":78},"5":{"name":"getAllUserEventsDB","decl":{"start":{"line":96,"column":22},"end":{"line":96,"column":40}},"loc":{"start":{"line":96,"column":43},"end":{"line":112,"column":1}},"line":96},"6":{"name":"updateUserFiltersDB","decl":{"start":{"line":114,"column":22},"end":{"line":114,"column":41}},"loc":{"start":{"line":114,"column":61},"end":{"line":176,"column":1}},"line":114}},"branchMap":{"0":{"loc":{"start":{"line":21,"column":4},"end":{"line":24,"column":5}},"type":"if","locations":[{"start":{"line":21,"column":4},"end":{"line":24,"column":5}},{"start":{},"end":{}}],"line":21},"1":{"loc":{"start":{"line":45,"column":4},"end":{"line":48,"column":5}},"type":"if","locations":[{"start":{"line":45,"column":4},"end":{"line":48,"column":5}},{"start":{},"end":{}}],"line":45},"2":{"loc":{"start":{"line":65,"column":4},"end":{"line":68,"column":5}},"type":"if","locations":[{"start":{"line":65,"column":4},"end":{"line":68,"column":5}},{"start":{},"end":{}}],"line":65},"3":{"loc":{"start":{"line":84,"column":4},"end":{"line":87,"column":5}},"type":"if","locations":[{"start":{"line":84,"column":4},"end":{"line":87,"column":5}},{"start":{},"end":{}}],"line":84},"4":{"loc":{"start":{"line":102,"column":4},"end":{"line":105,"column":5}},"type":"if","locations":[{"start":{"line":102,"column":4},"end":{"line":105,"column":5}},{"start":{},"end":{}}],"line":102}},"s":{"0":3,"1":1,"2":1,"3":1,"4":0,"5":0,"6":1,"7":1,"8":0,"9":0,"10":1,"11":1,"12":1,"13":0,"14":0,"15":1,"16":0,"17":0,"18":2,"19":2,"20":2,"21":0,"22":0,"23":2,"24":454,"25":0,"26":0,"27":0,"28":0,"29":0,"30":0,"31":0,"32":0,"33":0,"34":0,"35":0,"36":0,"37":0,"38":0,"39":0,"40":0,"41":0,"42":0,"43":0,"44":0,"45":0,"46":0,"47":0,"48":0,"49":0,"50":0,"51":0},"f":{"0":1,"1":1,"2":2,"3":454,"4":0,"5":0,"6":0},"b":{"0":[0,1],"1":[0,1],"2":[0,2],"3":[0,0],"4":[0,0]},"inputSourceMap":null,"_coverageSchema":"1a1c01bbd47fc00a2c39e90264f33305004495a9","hash":"60859485a8085bb1e4e5761adcf21d0f9d5ef9ac"}
,"/Users/nicolaischultz/Documents/GitHub/P1-project/p1project/p2-native/server/recommender/updateUserFilters.js": {"path":"/Users/nicolaischultz/Documents/GitHub/P1-project/p1project/p2-native/server/recommender/updateUserFilters.js","statementMap":{"0":{"start":{"line":5,"column":22},"end":{"line":5,"column":52}},"1":{"start":{"line":6,"column":22},"end":{"line":6,"column":60}},"2":{"start":{"line":9,"column":22},"end":{"line":9,"column":67}},"3":{"start":{"line":12,"column":4},"end":{"line":12,"column":51}},"4":{"start":{"line":17,"column":4},"end":{"line":20,"column":5}},"5":{"start":{"line":18,"column":8},"end":{"line":18,"column":53}},"6":{"start":{"line":19,"column":8},"end":{"line":19,"column":24}},"7":{"start":{"line":23,"column":4},"end":{"line":26,"column":5}},"8":{"start":{"line":24,"column":8},"end":{"line":24,"column":53}},"9":{"start":{"line":25,"column":8},"end":{"line":25,"column":24}},"10":{"start":{"line":30,"column":4},"end":{"line":30,"column":24}},"11":{"start":{"line":31,"column":4},"end":{"line":31,"column":24}},"12":{"start":{"line":34,"column":4},"end":{"line":38,"column":5}},"13":{"start":{"line":34,"column":17},"end":{"line":34,"column":18}},"14":{"start":{"line":35,"column":8},"end":{"line":37,"column":9}},"15":{"start":{"line":36,"column":12},"end":{"line":36,"column":29}},"16":{"start":{"line":40,"column":4},"end":{"line":40,"column":23}}},"fnMap":{"0":{"name":"updateUserFilters","decl":{"start":{"line":3,"column":22},"end":{"line":3,"column":39}},"loc":{"start":{"line":3,"column":56},"end":{"line":13,"column":1}},"line":3},"1":{"name":"insertNewData","decl":{"start":{"line":15,"column":15},"end":{"line":15,"column":28}},"loc":{"start":{"line":15,"column":55},"end":{"line":41,"column":1}},"line":15}},"branchMap":{"0":{"loc":{"start":{"line":17,"column":4},"end":{"line":20,"column":5}},"type":"if","locations":[{"start":{"line":17,"column":4},"end":{"line":20,"column":5}},{"start":{},"end":{}}],"line":17},"1":{"loc":{"start":{"line":23,"column":4},"end":{"line":26,"column":5}},"type":"if","locations":[{"start":{"line":23,"column":4},"end":{"line":26,"column":5}},{"start":{},"end":{}}],"line":23},"2":{"loc":{"start":{"line":35,"column":8},"end":{"line":37,"column":9}},"type":"if","locations":[{"start":{"line":35,"column":8},"end":{"line":37,"column":9}},{"start":{},"end":{}}],"line":35}},"s":{"0":0,"1":0,"2":0,"3":0,"4":0,"5":0,"6":0,"7":0,"8":0,"9":0,"10":0,"11":0,"12":0,"13":0,"14":0,"15":0,"16":0},"f":{"0":0,"1":0},"b":{"0":[0,0],"1":[0,0],"2":[0,0]},"inputSourceMap":null,"_coverageSchema":"1a1c01bbd47fc00a2c39e90264f33305004495a9","hash":"12ae32dd883563343434f305b54add09c01cb732"}
}
