TN:
SF:public/js/testing/unitTestSnippets/onLoadTest.js
FN:1,onLoadTest
FN:6,(anonymous_1)
FN:7,(anonymous_2)
FN:8,(anonymous_3)
FN:11,(anonymous_4)
FNF:5
FNH:5
FNDA:1,onLoadTest
FNDA:2,(anonymous_1)
FNDA:2,(anonymous_2)
FNDA:2,(anonymous_3)
FNDA:4,(anonymous_4)
DA:4,1
DA:5,1
DA:6,2
DA:7,2
DA:8,1
DA:9,2
DA:10,2
DA:11,2
DA:12,4
DA:14,2
DA:16,1
LF:11
LH:11
BRF:0
BRH:0
end_of_record
TN:
SF:server/dbserver.js
FN:19,getProducts
FN:30,getRecommendedProducts
FN:39,getLikedProducts
FN:48,getProduct
FN:57,getProductFilters
FN:66,deleteProduct
FN:84,createProduct
FN:179,getEvents
FN:188,createEvent
FNF:9
FNH:7
FNDA:2,getProducts
FNDA:1,getRecommendedProducts
FNDA:1,getLikedProducts
FNDA:102,getProduct
FNDA:1,getProductFilters
FNDA:0,deleteProduct
FNDA:1,createProduct
FNDA:1,getEvents
FNDA:0,createEvent
DA:3,2
DA:7,2
DA:20,2
DA:23,2
DA:25,2
DA:31,1
DA:34,1
DA:36,1
DA:40,1
DA:43,1
DA:45,1
DA:50,102
DA:53,102
DA:54,102
DA:59,1
DA:62,1
DA:63,1
DA:67,0
DA:69,0
DA:70,0
DA:72,0
DA:79,0
DA:80,0
DA:86,1
DA:104,1
DA:106,1
DA:121,1
DA:123,1
DA:165,1
DA:168,1
DA:170,1
DA:180,1
DA:183,1
DA:184,1
DA:185,1
DA:196,0
DA:199,0
DA:221,0
DA:222,0
LF:39
LH:29
BRF:0
BRH:0
end_of_record
TN:
SF:server/router.js
FN:50,(anonymous_0)
FN:59,processReq
FN:76,(anonymous_2)
FN:77,(anonymous_3)
FN:85,(anonymous_4)
FN:90,(anonymous_5)
FN:106,(anonymous_6)
FN:115,(anonymous_7)
FN:117,(anonymous_8)
FN:121,(anonymous_9)
FN:127,(anonymous_10)
FN:137,(anonymous_11)
FN:138,(anonymous_12)
FN:147,(anonymous_13)
FN:151,(anonymous_14)
FN:152,(anonymous_15)
FN:202,(anonymous_16)
FN:205,(anonymous_17)
FN:209,(anonymous_18)
FN:232,(anonymous_19)
FN:236,(anonymous_20)
FN:264,(anonymous_21)
FN:313,(anonymous_22)
FN:317,(anonymous_23)
FN:336,(anonymous_24)
FN:340,(anonymous_25)
FN:392,(anonymous_26)
FN:396,(anonymous_27)
FN:414,(anonymous_28)
FN:452,(anonymous_29)
FN:456,(anonymous_30)
FN:476,(anonymous_31)
FN:507,(anonymous_32)
FN:622,(anonymous_33)
FN:626,(anonymous_34)
FN:644,(anonymous_35)
FN:648,(anonymous_36)
FN:658,(anonymous_37)
FN:662,(anonymous_38)
FN:672,(anonymous_39)
FN:676,(anonymous_40)
FN:701,sendConfirmationEmail
FN:717,(anonymous_42)
FN:723,(anonymous_43)
FN:755,extractJSON
FN:759,(anonymous_45)
FN:770,isJsonEncoded
FN:778,collectPostBody
FN:780,collectPostBodyExecutor
FN:784,(anonymous_49)
FN:794,(anonymous_50)
FNF:51
FNH:2
FNDA:1,(anonymous_0)
FNDA:3,processReq
FNDA:0,(anonymous_2)
FNDA:0,(anonymous_3)
FNDA:0,(anonymous_4)
FNDA:0,(anonymous_5)
FNDA:0,(anonymous_6)
FNDA:0,(anonymous_7)
FNDA:0,(anonymous_8)
FNDA:0,(anonymous_9)
FNDA:0,(anonymous_10)
FNDA:0,(anonymous_11)
FNDA:0,(anonymous_12)
FNDA:0,(anonymous_13)
FNDA:0,(anonymous_14)
FNDA:0,(anonymous_15)
FNDA:0,(anonymous_16)
FNDA:0,(anonymous_17)
FNDA:0,(anonymous_18)
FNDA:0,(anonymous_19)
FNDA:0,(anonymous_20)
FNDA:0,(anonymous_21)
FNDA:0,(anonymous_22)
FNDA:0,(anonymous_23)
FNDA:0,(anonymous_24)
FNDA:0,(anonymous_25)
FNDA:0,(anonymous_26)
FNDA:0,(anonymous_27)
FNDA:0,(anonymous_28)
FNDA:0,(anonymous_29)
FNDA:0,(anonymous_30)
FNDA:0,(anonymous_31)
FNDA:0,(anonymous_32)
FNDA:0,(anonymous_33)
FNDA:0,(anonymous_34)
FNDA:0,(anonymous_35)
FNDA:0,(anonymous_36)
FNDA:0,(anonymous_37)
FNDA:0,(anonymous_38)
FNDA:0,(anonymous_39)
FNDA:0,(anonymous_40)
FNDA:0,sendConfirmationEmail
FNDA:0,(anonymous_42)
FNDA:0,(anonymous_43)
FNDA:0,extractJSON
FNDA:0,(anonymous_45)
FNDA:0,isJsonEncoded
FNDA:0,collectPostBody
FNDA:0,collectPostBodyExecutor
FNDA:0,(anonymous_49)
FNDA:0,(anonymous_50)
DA:26,1
DA:27,1
DA:30,1
DA:37,1
DA:46,1
DA:47,1
DA:48,1
DA:50,1
DA:51,1
DA:52,0
DA:53,0
DA:55,1
DA:61,3
DA:63,3
DA:64,3
DA:66,3
DA:68,3
DA:71,0
DA:72,0
DA:74,0
DA:77,0
DA:78,0
DA:80,0
DA:81,0
DA:85,0
DA:86,0
DA:89,0
DA:91,0
DA:92,0
DA:93,0
DA:94,0
DA:101,0
DA:102,0
DA:103,0
DA:107,0
DA:108,0
DA:109,0
DA:111,0
DA:114,0
DA:116,0
DA:118,0
DA:119,0
DA:122,0
DA:123,0
DA:124,0
DA:128,0
DA:129,0
DA:130,0
DA:132,0
DA:135,0
DA:138,0
DA:140,0
DA:142,0
DA:143,0
DA:147,0
DA:148,0
DA:150,0
DA:151,0
DA:152,0
DA:153,0
DA:154,0
DA:156,0
DA:157,0
DA:158,0
DA:159,0
DA:162,0
DA:182,0
DA:186,0
DA:188,0
DA:192,0
DA:195,0
DA:197,0
DA:200,0
DA:202,0
DA:205,0
DA:206,0
DA:208,0
DA:209,0
DA:211,0
DA:219,0
DA:220,0
DA:222,0
DA:223,0
DA:226,0
DA:229,0
DA:232,0
DA:233,0
DA:236,0
DA:237,0
DA:238,0
DA:241,0
DA:242,0
DA:243,0
DA:248,0
DA:250,0
DA:253,0
DA:254,0
DA:255,0
DA:258,0
DA:261,0
DA:265,0
DA:266,0
DA:267,0
DA:270,0
DA:275,0
DA:276,0
DA:279,0
DA:285,0
DA:288,0
DA:291,0
DA:292,0
DA:302,0
DA:303,0
DA:304,0
DA:307,0
DA:310,0
DA:313,0
DA:314,0
DA:317,0
DA:318,0
DA:319,0
DA:321,0
DA:326,0
DA:327,0
DA:330,0
DA:333,0
DA:336,0
DA:337,0
DA:340,0
DA:341,0
DA:342,0
DA:344,0
DA:345,0
DA:349,0
DA:350,0
DA:353,0
DA:372,0
DA:376,0
DA:378,0
DA:379,0
DA:383,0
DA:386,0
DA:389,0
DA:392,0
DA:393,0
DA:396,0
DA:397,0
DA:398,0
DA:400,0
DA:401,0
DA:402,0
DA:408,0
DA:411,0
DA:415,0
DA:416,0
DA:420,0
DA:423,0
DA:431,0
DA:432,0
DA:440,0
DA:441,0
DA:446,0
DA:449,0
DA:452,0
DA:453,0
DA:456,0
DA:457,0
DA:458,0
DA:460,0
DA:461,0
DA:462,0
DA:463,0
DA:469,0
DA:473,0
DA:477,0
DA:478,0
DA:479,0
DA:480,0
DA:483,0
DA:487,0
DA:490,0
DA:491,0
DA:492,0
DA:495,0
DA:501,0
DA:504,0
DA:507,0
DA:508,0
DA:509,0
DA:510,0
DA:511,0
DA:514,0
DA:520,0
DA:524,0
DA:525,0
DA:530,0
DA:531,0
DA:534,0
DA:542,0
DA:543,0
DA:546,0
DA:557,0
DA:558,0
DA:559,0
DA:560,0
DA:564,0
DA:567,0
DA:570,0
DA:575,3
DA:578,3
DA:583,3
DA:586,1
DA:587,1
DA:590,1
DA:591,1
DA:592,1
DA:593,1
DA:595,0
DA:596,0
DA:597,0
DA:599,1
DA:601,1
DA:602,1
DA:603,1
DA:604,1
DA:606,0
DA:607,0
DA:608,0
DA:610,1
DA:612,0
DA:613,0
DA:615,0
DA:616,0
DA:617,0
DA:618,0
DA:621,0
DA:623,0
DA:624,0
DA:627,0
DA:628,0
DA:629,0
DA:632,0
DA:634,0
DA:635,0
DA:637,0
DA:638,0
DA:639,0
DA:640,0
DA:643,0
DA:645,0
DA:646,0
DA:649,0
DA:650,0
DA:651,0
DA:654,0
DA:657,0
DA:659,0
DA:660,0
DA:663,0
DA:664,0
DA:665,0
DA:669,0
DA:671,0
DA:673,0
DA:674,0
DA:677,0
DA:681,0
DA:682,0
DA:686,0
DA:689,0
DA:690,0
DA:693,3
DA:695,0
DA:708,0
DA:716,0
DA:718,0
DA:719,0
DA:723,0
DA:725,0
DA:740,0
DA:741,0
DA:742,0
DA:756,0
DA:758,0
DA:759,0
DA:760,0
DA:761,0
DA:764,0
DA:765,0
DA:773,0
DA:774,0
DA:775,0
DA:781,0
DA:782,0
DA:783,0
DA:785,0
DA:786,0
DA:788,0
DA:790,0
DA:791,0
DA:795,0
DA:797,0
DA:798,0
DA:802,0
LF:304
LH:31
BRDA:51,0,0,0
BRDA:51,0,1,1
BRDA:68,1,0,0
BRDA:68,1,1,3
BRDA:68,1,2,0
BRDA:72,2,0,0
BRDA:72,2,1,0
BRDA:72,2,2,0
BRDA:72,2,3,0
BRDA:72,2,4,0
BRDA:72,2,5,0
BRDA:72,2,6,0
BRDA:72,2,7,0
BRDA:72,2,8,0
BRDA:72,2,9,0
BRDA:72,2,10,0
BRDA:72,2,11,0
BRDA:156,3,0,0
BRDA:156,3,1,0
BRDA:156,4,0,0
BRDA:156,4,1,0
BRDA:156,4,2,0
BRDA:241,5,0,0
BRDA:241,5,1,0
BRDA:265,6,0,0
BRDA:265,6,1,0
BRDA:275,7,0,0
BRDA:275,7,1,0
BRDA:344,8,0,0
BRDA:344,8,1,0
BRDA:344,9,0,0
BRDA:344,9,1,0
BRDA:344,9,2,0
BRDA:400,10,0,0
BRDA:400,10,1,0
BRDA:400,11,0,0
BRDA:400,11,1,0
BRDA:400,11,2,0
BRDA:415,12,0,0
BRDA:415,12,1,0
BRDA:460,13,0,0
BRDA:460,13,1,0
BRDA:460,14,0,0
BRDA:460,14,1,0
BRDA:461,15,0,0
BRDA:461,15,1,0
BRDA:477,16,0,0
BRDA:477,16,1,0
BRDA:479,17,0,0
BRDA:479,17,1,0
BRDA:490,18,0,0
BRDA:490,18,1,0
BRDA:491,19,0,0
BRDA:491,19,1,0
BRDA:508,20,0,0
BRDA:508,20,1,0
BRDA:510,21,0,0
BRDA:510,21,1,0
BRDA:524,22,0,0
BRDA:524,22,1,0
BRDA:530,23,0,0
BRDA:530,23,1,0
BRDA:542,24,0,0
BRDA:542,24,1,0
BRDA:558,25,0,0
BRDA:558,25,1,0
BRDA:578,26,0,3
BRDA:578,26,1,0
BRDA:583,27,0,1
BRDA:583,27,1,1
BRDA:583,27,2,1
BRDA:583,27,3,0
BRDA:583,27,4,0
BRDA:583,27,5,0
BRDA:583,27,6,0
BRDA:583,27,7,0
BRDA:615,28,0,0
BRDA:615,28,1,0
BRDA:637,29,0,0
BRDA:637,29,1,0
BRDA:718,30,0,0
BRDA:718,30,1,0
BRDA:758,31,0,0
BRDA:758,31,1,0
BRDA:788,32,0,0
BRDA:788,32,1,0
BRF:86
BRH:6
end_of_record
TN:
SF:server/server.js
FN:15,errorResponse
FN:22,requestHandler
FN:34,startServer
FN:35,(anonymous_3)
FN:40,guessMimeType
FN:61,fileResponse
FN:62,(anonymous_6)
FN:73,authenticateToken
FN:82,(anonymous_8)
FNF:9
FNH:6
FNDA:0,errorResponse
FNDA:3,requestHandler
FNDA:1,startServer
FNDA:1,(anonymous_3)
FNDA:1,guessMimeType
FNDA:1,fileResponse
FNDA:1,(anonymous_6)
FNDA:0,authenticateToken
FNDA:0,(anonymous_8)
DA:5,1
DA:10,1
DA:11,1
DA:12,1
DA:16,0
DA:17,0
DA:18,0
DA:19,0
DA:23,3
DA:25,3
DA:28,0
DA:29,0
DA:35,1
DA:36,1
DA:41,1
DA:42,1
DA:58,1
DA:62,1
DA:63,1
DA:64,0
DA:65,0
DA:67,1
DA:68,1
DA:74,0
DA:75,0
DA:77,0
DA:78,0
DA:79,0
DA:82,0
DA:83,0
DA:84,0
DA:85,0
DA:88,0
DA:89,0
DA:93,1
LF:35
LH:16
BRDA:58,0,0,1
BRDA:58,0,1,0
BRDA:63,1,0,0
BRDA:63,1,1,1
BRDA:75,2,0,0
BRDA:75,2,1,0
BRDA:77,3,0,0
BRDA:77,3,1,0
BRDA:83,4,0,0
BRDA:83,4,1,0
BRF:10
BRH:2
end_of_record
TN:
SF:server/recommender/event_recommender.js
FN:7,recommenderAlgorithmForEvents
FN:16,reccomendEvents
FN:67,sortFunction
FNF:3
FNH:2
FNDA:0,recommenderAlgorithmForEvents
FNDA:1,reccomendEvents
FNDA:5,sortFunction
DA:9,0
DA:10,0
DA:12,0
DA:18,1
DA:20,1
DA:22,1
DA:25,1
DA:26,4
DA:27,4
DA:28,4
DA:32,1
DA:33,1
DA:34,8
DA:35,2
DA:39,1
DA:42,1
DA:43,2
DA:45,16
DA:47,3
DA:49,24
DA:50,6
DA:57,1
DA:60,1
DA:63,1
DA:68,5
DA:69,2
DA:71,3
LF:27
LH:24
BRDA:18,0,0,0
BRDA:18,0,1,1
BRDA:18,1,0,1
BRDA:18,1,1,1
BRDA:34,2,0,2
BRDA:34,2,1,6
BRDA:45,3,0,3
BRDA:45,3,1,13
BRDA:45,4,0,16
BRDA:45,4,1,5
BRDA:49,5,0,6
BRDA:49,5,1,18
BRDA:68,6,0,2
BRDA:68,6,1,3
BRDA:71,7,0,2
BRDA:71,7,1,1
BRF:16
BRH:15
end_of_record
TN:
SF:server/recommender/recommenderAlgorithms.js
FN:8,recommenderAlgorithmForUser
FN:20,recommenderAlgorithmForItem
FN:31,recommendItem
FN:33,(anonymous_3)
FN:55,dotProduct
FN:65,compareLists
FN:66,(anonymous_6)
FN:72,resultsComparedPrinted
FNF:8
FNH:7
FNDA:0,recommenderAlgorithmForUser
FNDA:1,recommenderAlgorithmForItem
FNDA:2,recommendItem
FNDA:207,(anonymous_3)
FNDA:208,dotProduct
FNDA:3,compareLists
FNDA:957,(anonymous_6)
FNDA:2,resultsComparedPrinted
DA:10,0
DA:11,0
DA:16,0
DA:22,1
DA:23,1
DA:28,1
DA:33,207
DA:41,2
DA:48,2
DA:51,2
DA:56,208
DA:57,208
DA:58,2912
DA:60,208
DA:66,3
DA:67,957
DA:73,2
LF:17
LH:14
BRF:0
BRH:0
end_of_record
TN:
SF:server/recommender/recommenderAlgorithmsServer.js
FN:11,getUserFiltersDB
FN:35,getSpecificItemFiltersDB
FN:58,getAllItemFiltersDB
FN:70,(anonymous_3)
FN:77,getAllEventsDB
FN:95,getAllUserEventsDB
FN:113,updateUserFiltersDB
FNF:7
FNH:4
FNDA:1,getUserFiltersDB
FNDA:1,getSpecificItemFiltersDB
FNDA:2,getAllItemFiltersDB
FNDA:410,(anonymous_3)
FNDA:0,getAllEventsDB
FNDA:0,getAllUserEventsDB
FNDA:0,updateUserFiltersDB
DA:4,3
DA:12,1
DA:14,1
DA:20,1
DA:21,0
DA:22,0
DA:25,1
DA:28,1
DA:30,0
DA:31,0
DA:36,1
DA:38,1
DA:44,1
DA:45,0
DA:46,0
DA:51,1
DA:53,0
DA:54,0
DA:59,2
DA:61,2
DA:64,2
DA:65,0
DA:66,0
DA:70,410
DA:72,0
DA:73,0
DA:78,0
DA:80,0
DA:83,0
DA:84,0
DA:85,0
DA:87,0
DA:88,0
DA:90,0
DA:91,0
DA:96,0
DA:98,0
DA:101,0
DA:102,0
DA:103,0
DA:105,0
DA:106,0
DA:108,0
DA:109,0
DA:114,0
DA:131,0
DA:134,0
DA:153,0
DA:170,0
DA:172,0
DA:173,0
LF:51
LH:14
BRDA:20,0,0,0
BRDA:20,0,1,1
BRDA:44,1,0,0
BRDA:44,1,1,1
BRDA:64,2,0,0
BRDA:64,2,1,2
BRDA:83,3,0,0
BRDA:83,3,1,0
BRDA:101,4,0,0
BRDA:101,4,1,0
BRF:10
BRH:3
end_of_record
TN:
SF:server/recommender/updateUserFilters.js
FN:3,updateUserFilters
FN:15,insertNewData
FNF:2
FNH:0
FNDA:0,updateUserFilters
FNDA:0,insertNewData
DA:5,0
DA:6,0
DA:9,0
DA:12,0
DA:17,0
DA:18,0
DA:19,0
DA:23,0
DA:24,0
DA:25,0
DA:30,0
DA:31,0
DA:34,0
DA:35,0
DA:36,0
DA:40,0
LF:16
LH:0
BRDA:17,0,0,0
BRDA:17,0,1,0
BRDA:23,1,0,0
BRDA:23,1,1,0
BRDA:35,2,0,0
BRDA:35,2,1,0
BRF:6
BRH:0
end_of_record
