TN:
SF:public\js\testing\unitTestSnippets\onLoadTest.js
FN:1,onLoadTest
FN:6,(anonymous_1)
FN:7,(anonymous_2)
FN:8,(anonymous_3)
FN:11,(anonymous_4)
FNF:5
FNH:5
FNDA:1,onLoadTest
FNDA:2,(anonymous_1)
FNDA:2,(anonymous_2)
FNDA:2,(anonymous_3)
FNDA:4,(anonymous_4)
DA:4,1
DA:5,1
DA:6,2
DA:7,2
DA:8,1
DA:9,2
DA:10,2
DA:11,2
DA:12,4
DA:14,2
DA:16,1
LF:11
LH:11
BRF:0
BRH:0
end_of_record
TN:
SF:server\dbserver.js
FN:19,getProducts
FN:30,getRecommendedProducts
FN:39,getLikedProducts
FN:48,getProduct
FN:56,getEvent
FN:65,getProductFilters
FN:74,createProduct
FN:169,getEvents
FN:178,createEvent
FNF:9
FNH:6
FNDA:1,getProducts
FNDA:1,getRecommendedProducts
FNDA:1,getLikedProducts
FNDA:2,getProduct
FNDA:0,getEvent
FNDA:1,getProductFilters
FNDA:1,createProduct
FNDA:0,getEvents
FNDA:0,createEvent
DA:3,1
DA:7,1
DA:20,1
DA:23,1
DA:25,1
DA:31,1
DA:34,1
DA:36,1
DA:40,1
DA:43,1
DA:45,1
DA:50,2
DA:53,2
DA:54,2
DA:58,0
DA:61,0
DA:62,0
DA:67,1
DA:70,1
DA:71,1
DA:76,1
DA:94,1
DA:96,1
DA:111,1
DA:113,1
DA:153,1
DA:155,1
DA:158,1
DA:160,1
DA:170,0
DA:173,0
DA:174,0
DA:175,0
DA:186,0
DA:189,0
DA:211,0
DA:212,0
LF:37
LH:26
BRF:0
BRH:0
end_of_record
